#
# There is insufficient memory for the Java Runtime Environment to continue.
# Native memory allocation (malloc) failed to allocate 1017536 bytes for Chunk::new
# Possible reasons:
#   The system is out of physical RAM or swap space
#   In 32 bit mode, the process size limit was hit
# Possible solutions:
#   Reduce memory load on the system
#   Increase physical memory or swap space
#   Check if swap backing store is full
#   Use 64 bit Java on a 64 bit OS
#   Decrease Java heap size (-Xmx/-Xms)
#   Decrease number of Java threads
#   Decrease Java thread stack sizes (-Xss)
#   Set larger code cache with -XX:ReservedCodeCacheSize=
# This output file may be truncated or incomplete.
#
#  Out of Memory Error (allocation.cpp:390), pid=18796, tid=0x00000000000047c0
#
# JRE version: OpenJDK Runtime Environment (8.0_152-b02) (build 1.8.0_152-release-1024-b02)
# Java VM: OpenJDK 64-Bit Server VM (25.152-b02 mixed mode windows-amd64 compressed oops)
# Failed to write core dump. Minidumps are not enabled by default on client versions of Windows
#

---------------  T H R E A D  ---------------

Current thread (0x0000000018ff1800):  JavaThread "C2 CompilerThread2" daemon [_thread_in_native, id=18368, stack(0x00000000199b0000,0x0000000019ab0000)]

Stack: [0x00000000199b0000,0x0000000019ab0000]
[error occurred during error reporting (printing stack bounds), id 0xc0000005]

Native frames: (J=compiled Java code, j=interpreted, Vv=VM code, C=native code)


Current CompileTask:
C2:6868622 28963       4       com.android.tools.r8.ir.conversion.JarSourceCode::buildInstruction (99 bytes)


---------------  P R O C E S S  ---------------

Java Threads: ( => current thread )
  0x000000001ed38000 JavaThread "pool-62-thread-2" [_thread_blocked, id=9764, stack(0x0000000071840000,0x0000000071940000)]
  0x000000001ed35800 JavaThread "pool-62-thread-1" [_thread_in_Java, id=16708, stack(0x0000000071740000,0x0000000071840000)]
  0x000000001ed2c800 JavaThread "pool-61-thread-2" [_thread_in_Java, id=5736, stack(0x0000000071640000,0x0000000071740000)]
  0x000000001ed32800 JavaThread "pool-61-thread-1" [_thread_in_Java, id=11680, stack(0x0000000071540000,0x0000000071640000)]
  0x000000001ed32000 JavaThread "pool-57-thread-2" [_thread_blocked, id=3404, stack(0x0000000071440000,0x0000000071540000)]
  0x000000001ee96800 JavaThread "pool-57-thread-1" [_thread_blocked, id=11256, stack(0x0000000071340000,0x0000000071440000)]
  0x000000001ee93000 JavaThread "pool-59-thread-2" [_thread_blocked, id=13992, stack(0x0000000071040000,0x0000000071140000)]
  0x000000001ee8a000 JavaThread "pool-59-thread-1" [_thread_blocked, id=18756, stack(0x0000000070f40000,0x0000000071040000)]
  0x000000001ee90800 JavaThread "pool-58-thread-2" [_thread_in_Java, id=11000, stack(0x0000000070e40000,0x0000000070f40000)]
  0x000000001ee89000 JavaThread "pool-58-thread-1" [_thread_in_Java, id=17452, stack(0x0000000070d40000,0x0000000070e40000)]
  0x000000001ee90000 JavaThread "pool-56-thread-2" [_thread_blocked, id=10636, stack(0x0000000070c40000,0x0000000070d40000)]
  0x000000001ee88800 JavaThread "pool-56-thread-1" [_thread_blocked, id=9516, stack(0x0000000070b40000,0x0000000070c40000)]
  0x000000001ee8f000 JavaThread "pool-55-thread-2" [_thread_blocked, id=17468, stack(0x0000000070a40000,0x0000000070b40000)]
  0x000000001ee8d800 JavaThread "pool-55-thread-1" [_thread_blocked, id=19192, stack(0x0000000070940000,0x0000000070a40000)]
  0x000000001e5e2000 JavaThread "ForkJoinPool.commonPool-worker-7" daemon [_thread_blocked, id=14240, stack(0x0000000070040000,0x0000000070140000)]
  0x000000001e5d8000 JavaThread "ForkJoinPool.commonPool-worker-6" daemon [_thread_blocked, id=19256, stack(0x000000006ff40000,0x0000000070040000)]
  0x000000001e5df000 JavaThread "ForkJoinPool.commonPool-worker-5" daemon [_thread_blocked, id=18616, stack(0x000000006fe40000,0x000000006ff40000)]
  0x000000001e5d7800 JavaThread "ForkJoinPool.commonPool-worker-4" daemon [_thread_blocked, id=16208, stack(0x000000006fd40000,0x000000006fe40000)]
  0x000000001e5d9800 JavaThread "ForkJoinPool.commonPool-worker-3" daemon [_thread_blocked, id=1880, stack(0x000000006fc40000,0x000000006fd40000)]
  0x000000001e5de000 JavaThread "ForkJoinPool.commonPool-worker-2" daemon [_thread_blocked, id=15648, stack(0x000000006fb40000,0x000000006fc40000)]
  0x000000001e5dc800 JavaThread "ForkJoinPool.commonPool-worker-1" daemon [_thread_blocked, id=9140, stack(0x000000006fa40000,0x000000006fb40000)]
  0x000000001e5da800 JavaThread "Cache worker for Java compile cache (G:\MobileWeb\.gradle\4.4\javaCompile)" [_thread_blocked, id=7560, stack(0x000000006f840000,0x000000006f940000)]
  0x00000000252b3000 JavaThread "Task worker for ':' Thread 7" [_thread_blocked, id=19200, stack(0x000000006de40000,0x000000006df40000)]
  0x00000000252b4000 JavaThread "Task worker for ':' Thread 6" [_thread_blocked, id=16432, stack(0x000000006dd40000,0x000000006de40000)]
  0x00000000252b1800 JavaThread "Task worker for ':' Thread 5" [_thread_blocked, id=15228, stack(0x000000006dc40000,0x000000006dd40000)]
  0x00000000252a6000 JavaThread "Task worker for ':' Thread 4" [_thread_blocked, id=19412, stack(0x000000006db40000,0x000000006dc40000)]
  0x00000000252ad000 JavaThread "Task worker for ':' Thread 3" [_thread_blocked, id=5720, stack(0x000000006da40000,0x000000006db40000)]
  0x00000000252a7800 JavaThread "Task worker for ':' Thread 2" [_thread_blocked, id=15772, stack(0x000000006d940000,0x000000006da40000)]
  0x00000000252a9000 JavaThread "Task worker for ':'" [_thread_blocked, id=18472, stack(0x000000006d840000,0x000000006d940000)]
  0x00000000252aa000 JavaThread "Cache worker for Build Output Cleanup Cache (G:\MobileWeb\.gradle\buildOutputCleanup)" [_thread_blocked, id=19396, stack(0x000000006d740000,0x000000006d840000)]
  0x00000000252a7000 JavaThread "Cache worker for task history cache (G:\MobileWeb\.gradle\4.4\taskHistory)" [_thread_blocked, id=10252, stack(0x000000006d640000,0x000000006d740000)]
  0x00000000252a8800 JavaThread "Cache worker for file content cache (G:\MobileWeb\.gradle\4.4\fileContent)" [_thread_blocked, id=5752, stack(0x000000006d540000,0x000000006d640000)]
  0x000000001ee6f800 JavaThread "build operations Thread 8" [_thread_blocked, id=15112, stack(0x000000006d440000,0x000000006d540000)]
  0x000000001ee69800 JavaThread "build operations Thread 7" [_thread_blocked, id=19040, stack(0x000000006d340000,0x000000006d440000)]
  0x000000001ee6e800 JavaThread "build operations Thread 6" [_thread_blocked, id=13360, stack(0x000000006d240000,0x000000006d340000)]
  0x000000001ee6d000 JavaThread "build operations Thread 5" [_thread_blocked, id=12140, stack(0x000000006d140000,0x000000006d240000)]
  0x000000001ee6b000 JavaThread "build operations Thread 4" [_thread_blocked, id=2424, stack(0x000000006d040000,0x000000006d140000)]
  0x000000001ee63800 JavaThread "build operations Thread 3" [_thread_blocked, id=4628, stack(0x000000006cf40000,0x000000006d040000)]
  0x000000001ee62000 JavaThread "build operations Thread 2" [_thread_blocked, id=17392, stack(0x000000006ce40000,0x000000006cf40000)]
  0x000000001ee68800 JavaThread "build operations" [_thread_blocked, id=19116, stack(0x000000006cd40000,0x000000006ce40000)]
  0x000000001ee61000 JavaThread "Cache worker for Artifact transforms cache (C:\Users\LeGia\.gradle\caches\transforms-1)" [_thread_blocked, id=18768, stack(0x000000006cc40000,0x000000006cd40000)]
  0x000000001ee68000 JavaThread "Cache worker for file hash cache (G:\MobileWeb\.gradle\4.4\fileHashes)" [_thread_blocked, id=5268, stack(0x000000006cb40000,0x000000006cc40000)]
  0x000000001ee62800 JavaThread "Stdin handler" [_thread_blocked, id=16780, stack(0x000000006ca40000,0x000000006cb40000)]
  0x000000001ee60800 JavaThread "Asynchronous log dispatcher for DefaultDaemonConnection: socket connection from /127.0.0.1:49088 to /127.0.0.1:53111" [_thread_blocked, id=13556, stack(0x000000006c940000,0x000000006ca40000)]
  0x000000001ee64000 JavaThread "Cancel handler" [_thread_blocked, id=13876, stack(0x000000006c840000,0x000000006c940000)]
  0x000000001ee67000 JavaThread "Handler for socket connection from /127.0.0.1:49088 to /127.0.0.1:53111" [_thread_in_native, id=15612, stack(0x000000006c740000,0x000000006c840000)]
  0x00000000252ab800 JavaThread "Worker Daemon Execution Thread 6" [_thread_blocked, id=12016, stack(0x0000000069340000,0x0000000069440000)]
  0x00000000252b1000 JavaThread "Worker Daemon Execution Thread 5" [_thread_blocked, id=8708, stack(0x0000000069240000,0x0000000069340000)]
  0x00000000252b2800 JavaThread "Worker Daemon Execution Thread 4" [_thread_blocked, id=16864, stack(0x0000000069140000,0x0000000069240000)]
  0x00000000252aa800 JavaThread "Worker Daemon Execution Thread 3" [_thread_blocked, id=18336, stack(0x0000000069040000,0x0000000069140000)]
  0x00000000252b0000 JavaThread "Worker Daemon Execution Thread 2" [_thread_blocked, id=17220, stack(0x0000000068f40000,0x0000000069040000)]
  0x00000000252af000 JavaThread "Worker Daemon Execution" [_thread_blocked, id=11688, stack(0x0000000068e40000,0x0000000068f40000)]
  0x000000001ee8a800 JavaThread "Daemon worker Thread 15" [_thread_blocked, id=6428, stack(0x0000000067840000,0x0000000067940000)]
  0x000000001ee8e800 JavaThread "Daemon Thread 15" [_thread_blocked, id=4092, stack(0x0000000067540000,0x0000000067640000)]
  0x000000001ee92000 JavaThread "Java2D Disposer" daemon [_thread_blocked, id=16640, stack(0x0000000053d50000,0x0000000053e50000)]
  0x000000001ed2c000 JavaThread "Memory manager" [_thread_blocked, id=18940, stack(0x0000000023be0000,0x0000000023ce0000)]
  0x000000001ed31000 JavaThread "pool-1-thread-1" [_thread_blocked, id=7200, stack(0x00000000234c0000,0x00000000235c0000)]
  0x000000001926f800 JavaThread "File lock request listener" [_thread_in_native, id=3560, stack(0x000000001ccb0000,0x000000001cdb0000)]
  0x000000001b0e0800 JavaThread "Cache worker for file hash cache (C:\Users\LeGia\.gradle\caches\4.4\fileHashes)" [_thread_blocked, id=15240, stack(0x000000001cbb0000,0x000000001ccb0000)]
  0x000000001ab2b000 JavaThread "Daemon periodic checks" [_thread_blocked, id=10288, stack(0x000000001bfb0000,0x000000001c0b0000)]
  0x000000001ab23000 JavaThread "Incoming local TCP Connector on port 49088" [_thread_in_native, id=1508, stack(0x000000001bac0000,0x000000001bbc0000)]
  0x000000001908f000 JavaThread "Service Thread" daemon [_thread_blocked, id=17476, stack(0x0000000019bb0000,0x0000000019cb0000)]
  0x000000001710e000 JavaThread "C1 CompilerThread3" daemon [_thread_blocked, id=12020, stack(0x0000000019ab0000,0x0000000019bb0000)]
=>0x0000000018ff1800 JavaThread "C2 CompilerThread2" daemon [_thread_in_native, id=18368, stack(0x00000000199b0000,0x0000000019ab0000)]
  0x0000000018ff0800 JavaThread "C2 CompilerThread1" daemon [_thread_in_native, id=15400, stack(0x00000000198b0000,0x00000000199b0000)]
  0x0000000018fed000 JavaThread "C2 CompilerThread0" daemon [_thread_in_native, id=2056, stack(0x00000000197b0000,0x00000000198b0000)]
  0x0000000018fec000 JavaThread "Attach Listener" daemon [_thread_blocked, id=1636, stack(0x00000000196b0000,0x00000000197b0000)]
  0x0000000018feb800 JavaThread "Signal Dispatcher" daemon [_thread_blocked, id=13340, stack(0x00000000195b0000,0x00000000196b0000)]
  0x0000000018fe0800 JavaThread "Finalizer" daemon [_thread_blocked, id=18676, stack(0x00000000193c0000,0x00000000194c0000)]
  0x0000000001169000 JavaThread "Reference Handler" daemon [_thread_blocked, id=17928, stack(0x0000000018ec0000,0x0000000018fc0000)]
  0x0000000000afe000 JavaThread "main" [_thread_blocked, id=9840, stack(0x0000000000f30000,0x0000000001030000)]

Other Threads:
  0x00000000170f5800 VMThread [stack: 0x0000000018dc0000,0x0000000018ec0000] [id=9492]
  0x0000000019042000 WatcherThread [stack: 0x0000000019cb0000,0x0000000019db0000] [id=19324]

VM state:not at safepoint (normal execution)

VM Mutex/Monitor currently owned by a thread: None

Heap:
 PSYoungGen      total 290816K, used 42635K [0x00000000eab00000, 0x00000000ffb00000, 0x0000000100000000)
  eden space 239104K, 12% used [0x00000000eab00000,0x00000000ec71e960,0x00000000f9480000)
  from space 51712K, 26% used [0x00000000f9480000,0x00000000fa204448,0x00000000fc700000)
  to   space 52736K, 0% used [0x00000000fc700000,0x00000000fc700000,0x00000000ffa80000)
 ParOldGen       total 361984K, used 176050K [0x00000000c0000000, 0x00000000d6180000, 0x00000000eab00000)
  object space 361984K, 48% used [0x00000000c0000000,0x00000000cabecba0,0x00000000d6180000)
 Metaspace       used 101517K, capacity 109770K, committed 109952K, reserved 1144832K
  class space    used 12525K, capacity 14382K, committed 14464K, reserved 1048576K

Card table byte_map: [0x0000000001530000,0x0000000001740000] byte_map_base: 0x0000000000f30000

Marking Bits: (ParMarkBitMap*) 0x00000000591b4970
 Begin Bits: [0x0000000014510000, 0x0000000015510000)
 End Bits:   [0x0000000015510000, 0x0000000016510000)

Polling page: 0x0000000000590000

CodeCache: size=245760Kb used=82743Kb max_used=82908Kb free=163016Kb
 bounds [0x0000000005410000, 0x000000000a590000, 0x0000000014410000]
 total_blobs=23348 nmethods=22346 adapters=912
 compilation: enabled

Compilation events (10 events):
Event: 6867.948 Thread 0x000000001710e000 nmethod 30005 0x00000000069a3810 code [0x00000000069a3960, 0x00000000069a3ad0]
Event: 6867.948 Thread 0x000000001710e000 30006       2       com.android.builder.dexing.NoCacheJarClassFileEntry::readAllBytes (8 bytes)
Event: 6867.949 Thread 0x000000001710e000 nmethod 30006 0x00000000079bda10 code [0x00000000079bdb80, 0x00000000079bdce8]
Event: 6867.949 Thread 0x000000001710e000 30007       2       com.android.builder.dexing.NoCacheJarClassFileEntry::getRelativePath (11 bytes)
Event: 6867.949 Thread 0x000000001710e000 nmethod 30007 0x0000000007c720d0 code [0x0000000007c72220, 0x0000000007c72370]
Event: 6867.949 Thread 0x000000001710e000 30008 %     3       com.android.tools.r8.ir.regalloc.SpillMoveSet::removeArgumentRestores @ 7 (50 bytes)
Event: 6867.950 Thread 0x000000001710e000 nmethod 30008% 0x00000000079bbb10 code [0x00000000079bbce0, 0x00000000079bc438]
Event: 6867.953 Thread 0x000000001710e000 30010       3       com.android.tools.r8.ir.regalloc.SpillMoveSet::removeArgumentRestores (50 bytes)
Event: 6867.954 Thread 0x000000001710e000 nmethod 30010 0x0000000008485550 code [0x0000000008485720, 0x0000000008485e38]
Event: 6868.022 Thread 0x000000001710e000 30015       2       com.android.tools.r8.it.unimi.dsi.fastutil.objects.AbstractObject2IntFunction::put (10 bytes)

GC Heap History (10 events):
Event: 6866.596 GC heap after
Heap after GC invocations=82 (full 4):
 PSYoungGen      total 258048K, used 31541K [0x00000000eab00000, 0x00000000fe000000, 0x0000000100000000)
  eden space 200704K, 0% used [0x00000000eab00000,0x00000000eab00000,0x00000000f6f00000)
  from space 57344K, 55% used [0x00000000fa800000,0x00000000fc6cd530,0x00000000fe000000)
  to   space 57856K, 0% used [0x00000000f6f00000,0x00000000f6f00000,0x00000000fa780000)
 ParOldGen       total 361984K, used 154859K [0x00000000c0000000, 0x00000000d6180000, 0x00000000eab00000)
  object space 361984K, 42% used [0x00000000c0000000,0x00000000c973afd8,0x00000000d6180000)
 Metaspace       used 101344K, capacity 109612K, committed 109696K, reserved 1144832K
  class space    used 12523K, capacity 14381K, committed 14464K, reserved 1048576K
}
Event: 6866.889 GC heap before
{Heap before GC invocations=83 (full 4):
 PSYoungGen      total 258048K, used 232245K [0x00000000eab00000, 0x00000000fe000000, 0x0000000100000000)
  eden space 200704K, 100% used [0x00000000eab00000,0x00000000f6f00000,0x00000000f6f00000)
  from space 57344K, 55% used [0x00000000fa800000,0x00000000fc6cd530,0x00000000fe000000)
  to   space 57856K, 0% used [0x00000000f6f00000,0x00000000f6f00000,0x00000000fa780000)
 ParOldGen       total 361984K, used 154859K [0x00000000c0000000, 0x00000000d6180000, 0x00000000eab00000)
  object space 361984K, 42% used [0x00000000c0000000,0x00000000c973afd8,0x00000000d6180000)
 Metaspace       used 101432K, capacity 109688K, committed 109952K, reserved 1144832K
  class space    used 12524K, capacity 14381K, committed 14464K, reserved 1048576K
Event: 6866.910 GC heap after
Heap after GC invocations=83 (full 4):
 PSYoungGen      total 258560K, used 30551K [0x00000000eab00000, 0x00000000fe000000, 0x0000000100000000)
  eden space 200704K, 0% used [0x00000000eab00000,0x00000000eab00000,0x00000000f6f00000)
  from space 57856K, 52% used [0x00000000f6f00000,0x00000000f8cd5e30,0x00000000fa780000)
  to   space 57344K, 0% used [0x00000000fa800000,0x00000000fa800000,0x00000000fe000000)
 ParOldGen       total 361984K, used 155163K [0x00000000c0000000, 0x00000000d6180000, 0x00000000eab00000)
  object space 361984K, 42% used [0x00000000c0000000,0x00000000c9786ff8,0x00000000d6180000)
 Metaspace       used 101432K, capacity 109688K, committed 109952K, reserved 1144832K
  class space    used 12524K, capacity 14381K, committed 14464K, reserved 1048576K
}
Event: 6867.219 GC heap before
{Heap before GC invocations=84 (full 4):
 PSYoungGen      total 258560K, used 231255K [0x00000000eab00000, 0x00000000fe000000, 0x0000000100000000)
  eden space 200704K, 100% used [0x00000000eab00000,0x00000000f6f00000,0x00000000f6f00000)
  from space 57856K, 52% used [0x00000000f6f00000,0x00000000f8cd5e30,0x00000000fa780000)
  to   space 57344K, 0% used [0x00000000fa800000,0x00000000fa800000,0x00000000fe000000)
 ParOldGen       total 361984K, used 155163K [0x00000000c0000000, 0x00000000d6180000, 0x00000000eab00000)
  object space 361984K, 42% used [0x00000000c0000000,0x00000000c9786ff8,0x00000000d6180000)
 Metaspace       used 101464K, capacity 109692K, committed 109952K, reserved 1144832K
  class space    used 12524K, capacity 14381K, committed 14464K, reserved 1048576K
Event: 6867.253 GC heap after
Heap after GC invocations=84 (full 4):
 PSYoungGen      total 262656K, used 25163K [0x00000000eab00000, 0x00000000ff880000, 0x0000000100000000)
  eden space 205312K, 0% used [0x00000000eab00000,0x00000000eab00000,0x00000000f7380000)
  from space 57344K, 43% used [0x00000000fa800000,0x00000000fc092e18,0x00000000fe000000)
  to   space 53760K, 0% used [0x00000000f7380000,0x00000000f7380000,0x00000000fa800000)
 ParOldGen       total 361984K, used 160098K [0x00000000c0000000, 0x00000000d6180000, 0x00000000eab00000)
  object space 361984K, 44% used [0x00000000c0000000,0x00000000c9c58b80,0x00000000d6180000)
 Metaspace       used 101464K, capacity 109692K, committed 109952K, reserved 1144832K
  class space    used 12524K, capacity 14381K, committed 14464K, reserved 1048576K
}
Event: 6867.510 GC heap before
{Heap before GC invocations=85 (full 4):
 PSYoungGen      total 262656K, used 230475K [0x00000000eab00000, 0x00000000ff880000, 0x0000000100000000)
  eden space 205312K, 100% used [0x00000000eab00000,0x00000000f7380000,0x00000000f7380000)
  from space 57344K, 43% used [0x00000000fa800000,0x00000000fc092e18,0x00000000fe000000)
  to   space 53760K, 0% used [0x00000000f7380000,0x00000000f7380000,0x00000000fa800000)
 ParOldGen       total 361984K, used 160098K [0x00000000c0000000, 0x00000000d6180000, 0x00000000eab00000)
  object space 361984K, 44% used [0x00000000c0000000,0x00000000c9c58b80,0x00000000d6180000)
 Metaspace       used 101491K, capacity 109756K, committed 109952K, reserved 1144832K
  class space    used 12524K, capacity 14381K, committed 14464K, reserved 1048576K
Event: 6867.535 GC heap after
Heap after GC invocations=85 (full 4):
 PSYoungGen      total 259072K, used 16435K [0x00000000eab00000, 0x00000000ffa80000, 0x0000000100000000)
  eden space 205312K, 0% used [0x00000000eab00000,0x00000000eab00000,0x00000000f7380000)
  from space 53760K, 30% used [0x00000000f7380000,0x00000000f838cda8,0x00000000fa800000)
  to   space 52736K, 0% used [0x00000000fc700000,0x00000000fc700000,0x00000000ffa80000)
 ParOldGen       total 361984K, used 171731K [0x00000000c0000000, 0x00000000d6180000, 0x00000000eab00000)
  object space 361984K, 47% used [0x00000000c0000000,0x00000000ca7b4ec8,0x00000000d6180000)
 Metaspace       used 101491K, capacity 109756K, committed 109952K, reserved 1144832K
  class space    used 12524K, capacity 14381K, committed 14464K, reserved 1048576K
}
Event: 6867.729 GC heap before
{Heap before GC invocations=86 (full 4):
 PSYoungGen      total 259072K, used 221747K [0x00000000eab00000, 0x00000000ffa80000, 0x0000000100000000)
  eden space 205312K, 100% used [0x00000000eab00000,0x00000000f7380000,0x00000000f7380000)
  from space 53760K, 30% used [0x00000000f7380000,0x00000000f838cda8,0x00000000fa800000)
  to   space 52736K, 0% used [0x00000000fc700000,0x00000000fc700000,0x00000000ffa80000)
 ParOldGen       total 361984K, used 171731K [0x00000000c0000000, 0x00000000d6180000, 0x00000000eab00000)
  object space 361984K, 47% used [0x00000000c0000000,0x00000000ca7b4ec8,0x00000000d6180000)
 Metaspace       used 101502K, capacity 109760K, committed 109952K, reserved 1144832K
  class space    used 12524K, capacity 14381K, committed 14464K, reserved 1048576K
Event: 6867.751 GC heap after
Heap after GC invocations=86 (full 4):
 PSYoungGen      total 291840K, used 17558K [0x00000000eab00000, 0x00000000ffb00000, 0x0000000100000000)
  eden space 239104K, 0% used [0x00000000eab00000,0x00000000eab00000,0x00000000f9480000)
  from space 52736K, 33% used [0x00000000fc700000,0x00000000fd8259c0,0x00000000ffa80000)
  to   space 51712K, 0% used [0x00000000f9480000,0x00000000f9480000,0x00000000fc700000)
 ParOldGen       total 361984K, used 173339K [0x00000000c0000000, 0x00000000d6180000, 0x00000000eab00000)
  object space 361984K, 47% used [0x00000000c0000000,0x00000000ca946f18,0x00000000d6180000)
 Metaspace       used 101502K, capacity 109760K, committed 109952K, reserved 1144832K
  class space    used 12524K, capacity 14381K, committed 14464K, reserved 1048576K
}
Event: 6868.023 GC heap before
{Heap before GC invocations=87 (full 4):
 PSYoungGen      total 291840K, used 256662K [0x00000000eab00000, 0x00000000ffb00000, 0x0000000100000000)
  eden space 239104K, 100% used [0x00000000eab00000,0x00000000f9480000,0x00000000f9480000)
  from space 52736K, 33% used [0x00000000fc700000,0x00000000fd8259c0,0x00000000ffa80000)
  to   space 51712K, 0% used [0x00000000f9480000,0x00000000f9480000,0x00000000fc700000)
 ParOldGen       total 361984K, used 173339K [0x00000000c0000000, 0x00000000d6180000, 0x00000000eab00000)
  object space 361984K, 47% used [0x00000000c0000000,0x00000000ca946f18,0x00000000d6180000)
 Metaspace       used 101517K, capacity 109770K, committed 109952K, reserved 1144832K
  class space    used 12525K, capacity 14382K, committed 14464K, reserved 1048576K

Deoptimization events (10 events):
Event: 6866.991 Thread 0x000000001e5e2000 Uncommon trap: reason=unstable_if action=reinterpret pc=0x0000000007ac507c method=com.android.tools.r8.dex.VirtualFile$IndexedItemTransaction.maybeInsert(Lcom/android/tools/r8/graph/DexItem;Ljava/util/Set;Ljava/util/Set;)Z @ 7
Event: 6866.992 Thread 0x000000001e5e2000 Uncommon trap: reason=unstable_if action=reinterpret pc=0x0000000007adcb24 method=com.android.tools.r8.dex.VirtualFile$IndexedItemTransaction.maybeInsert(Lcom/android/tools/r8/graph/DexItem;Ljava/util/Set;Ljava/util/Set;)Z @ 7
Event: 6867.050 Thread 0x000000001ee8a000 Uncommon trap: reason=class_check action=maybe_recompile pc=0x000000000a4aa9e0 method=com.android.tools.r8.ir.conversion.JarState.mergeStacks(Lcom/android/tools/r8/com/google/common/collect/ImmutableList;Lcom/android/tools/r8/com/google/common/collect/Imm
Event: 6867.050 Thread 0x000000001ee8a000 Uncommon trap: reason=class_check action=maybe_recompile pc=0x000000000a4aa9e0 method=com.android.tools.r8.ir.conversion.JarState.mergeStacks(Lcom/android/tools/r8/com/google/common/collect/ImmutableList;Lcom/android/tools/r8/com/google/common/collect/Imm
Event: 6867.050 Thread 0x000000001ee8a000 Uncommon trap: reason=class_check action=maybe_recompile pc=0x000000000a4aa9e0 method=com.android.tools.r8.ir.conversion.JarState.mergeStacks(Lcom/android/tools/r8/com/google/common/collect/ImmutableList;Lcom/android/tools/r8/com/google/common/collect/Imm
Event: 6867.583 Thread 0x000000001ee90800 Uncommon trap: reason=unstable_if action=reinterpret pc=0x000000000a555268 method=com.android.tools.r8.ir.optimize.CodeRewriter.shouldBeLitInstruction(Lcom/android/tools/r8/ir/code/Instruction;)Z @ 11
Event: 6867.883 Thread 0x000000001ee90000 Uncommon trap: reason=class_check action=maybe_recompile pc=0x000000000a5786d4 method=com.android.tools.r8.ir.conversion.JarSourceCode.updateState(Lcom/android/tools/r8/org/objectweb/asm/tree/LdcInsnNode;)V @ 106
Event: 6867.883 Thread 0x000000001ee90000 Uncommon trap: reason=class_check action=maybe_recompile pc=0x000000000a5786d4 method=com.android.tools.r8.ir.conversion.JarSourceCode.updateState(Lcom/android/tools/r8/org/objectweb/asm/tree/LdcInsnNode;)V @ 106
Event: 6867.919 Thread 0x000000001ee90000 Uncommon trap: reason=class_check action=maybe_recompile pc=0x000000000a5786d4 method=com.android.tools.r8.ir.conversion.JarSourceCode.updateState(Lcom/android/tools/r8/org/objectweb/asm/tree/LdcInsnNode;)V @ 106
Event: 6867.919 Thread 0x000000001ee90000 Uncommon trap: reason=class_check action=maybe_recompile pc=0x000000000a5786d4 method=com.android.tools.r8.ir.conversion.JarSourceCode.updateState(Lcom/android/tools/r8/org/objectweb/asm/tree/LdcInsnNode;)V @ 106

Classes redefined (0 events):
No events

Internal exceptions (10 events):
Event: 6864.328 Thread 0x00000000252ad000 Exception <a 'sun/nio/fs/WindowsException'> (0x00000000ed86a750) thrown at [D:\src\AOSP-openjdk-cygwin\jdk8u\hotspot\src\share\vm\prims\jni.cpp, line 709]
Event: 6864.349 Thread 0x00000000252ad000 Exception <a 'sun/nio/fs/WindowsException'> (0x00000000ed8a0080) thrown at [D:\src\AOSP-openjdk-cygwin\jdk8u\hotspot\src\share\vm\prims\jni.cpp, line 709]
Event: 6864.374 Thread 0x00000000252ad000 Exception <a 'sun/nio/fs/WindowsException'> (0x00000000ed8d1d28) thrown at [D:\src\AOSP-openjdk-cygwin\jdk8u\hotspot\src\share\vm\prims\jni.cpp, line 709]
Event: 6864.392 Thread 0x00000000252ad000 Exception <a 'sun/nio/fs/WindowsException'> (0x00000000ed916390) thrown at [D:\src\AOSP-openjdk-cygwin\jdk8u\hotspot\src\share\vm\prims\jni.cpp, line 709]
Event: 6864.414 Thread 0x00000000252ad000 Exception <a 'sun/nio/fs/WindowsException'> (0x00000000ed948e30) thrown at [D:\src\AOSP-openjdk-cygwin\jdk8u\hotspot\src\share\vm\prims\jni.cpp, line 709]
Event: 6864.438 Thread 0x00000000252ad000 Exception <a 'sun/nio/fs/WindowsException'> (0x00000000ed97ae90) thrown at [D:\src\AOSP-openjdk-cygwin\jdk8u\hotspot\src\share\vm\prims\jni.cpp, line 709]
Event: 6864.461 Thread 0x00000000252ad000 Exception <a 'sun/nio/fs/WindowsException'> (0x00000000ed9ad668) thrown at [D:\src\AOSP-openjdk-cygwin\jdk8u\hotspot\src\share\vm\prims\jni.cpp, line 709]
Event: 6864.482 Thread 0x00000000252ad000 Exception <a 'sun/nio/fs/WindowsException'> (0x00000000ed9e2ec8) thrown at [D:\src\AOSP-openjdk-cygwin\jdk8u\hotspot\src\share\vm\prims\jni.cpp, line 709]
Event: 6864.502 Thread 0x00000000252ad000 Exception <a 'sun/nio/fs/WindowsException'> (0x00000000eda14608) thrown at [D:\src\AOSP-openjdk-cygwin\jdk8u\hotspot\src\share\vm\prims\jni.cpp, line 709]
Event: 6864.532 Thread 0x00000000252ad000 Exception <a 'sun/nio/fs/WindowsException'> (0x00000000eda47840) thrown at [D:\src\AOSP-openjdk-cygwin\jdk8u\hotspot\src\share\vm\prims\jni.cpp, line 709]

Events (10 events):
Event: 6867.947 Thread 0x000000001ed38000 Thread added: 0x000000001ed38000
Event: 6867.980 Executing VM operation: BulkRevokeBias
Event: 6867.983 Executing VM operation: BulkRevokeBias done
Event: 6867.986 Thread 0x000000001ed35800 DEOPT PACKING pc=0x0000000008b977ff sp=0x000000007183f020
Event: 6867.986 Thread 0x000000001ed35800 DEOPT UNPACKING pc=0x00000000054575d0 sp=0x000000007183ed38 mode 0
Event: 6867.988 loading class com/android/tools/r8/graph/JarClassFileReader$CreateMethodVisitor
Event: 6867.988 loading class com/android/tools/r8/graph/JarClassFileReader$CreateMethodVisitor done
Event: 6867.991 Thread 0x000000001ee90000 DEOPT PACKING pc=0x0000000005ef1ae0 sp=0x0000000070d3e870
Event: 6867.992 Thread 0x000000001ee90000 DEOPT UNPACKING pc=0x00000000054575d0 sp=0x0000000070d3e5b0 mode 0
Event: 6868.022 Executing VM operation: ParallelGCFailedAllocation


Dynamic libraries:
0x00007ff64a250000 - 0x00007ff64a281000 	F:\Program Files (x86)\Android Studio\jre\bin\java.exe
0x00007ffb58250000 - 0x00007ffb58430000 	C:\WINDOWS\SYSTEM32\ntdll.dll
0x00007ffb57390000 - 0x00007ffb5743e000 	C:\WINDOWS\System32\KERNEL32.DLL
0x00007ffb55060000 - 0x00007ffb552c6000 	C:\WINDOWS\System32\KERNELBASE.dll
0x00007ffb579f0000 - 0x00007ffb57a91000 	C:\WINDOWS\System32\ADVAPI32.dll
0x00007ffb57290000 - 0x00007ffb5732d000 	C:\WINDOWS\System32\msvcrt.dll
0x00007ffb570a0000 - 0x00007ffb570fb000 	C:\WINDOWS\System32\sechost.dll
0x00007ffb56f60000 - 0x00007ffb5707f000 	C:\WINDOWS\System32\RPCRT4.dll
0x00007ffb57100000 - 0x00007ffb5728f000 	C:\WINDOWS\System32\USER32.dll
0x00007ffb55470000 - 0x00007ffb55490000 	C:\WINDOWS\System32\win32u.dll
0x00007ffb557b0000 - 0x00007ffb557d8000 	C:\WINDOWS\System32\GDI32.dll
0x00007ffb552d0000 - 0x00007ffb55463000 	C:\WINDOWS\System32\gdi32full.dll
0x00007ffb54870000 - 0x00007ffb5490b000 	C:\WINDOWS\System32\msvcp_win.dll
0x00007ffb55540000 - 0x00007ffb55636000 	C:\WINDOWS\System32\ucrtbase.dll
0x00007ffb4ebe0000 - 0x00007ffb4ee49000 	C:\WINDOWS\WinSxS\amd64_microsoft.windows.common-controls_6595b64144ccf1df_6.0.16299.371_none_15c7d1789365a290\COMCTL32.dll
0x00007ffb56c50000 - 0x00007ffb56f58000 	C:\WINDOWS\System32\combase.dll
0x00007ffb55640000 - 0x00007ffb556b2000 	C:\WINDOWS\System32\bcryptPrimitives.dll
0x00007ffb56c20000 - 0x00007ffb56c4d000 	C:\WINDOWS\System32\IMM32.DLL
0x0000000057fd0000 - 0x00000000580a2000 	F:\Program Files (x86)\Android Studio\jre\jre\bin\msvcr100.dll
0x00000000589f0000 - 0x000000005922f000 	F:\Program Files (x86)\Android Studio\jre\jre\bin\server\jvm.dll
0x00007ffb557a0000 - 0x00007ffb557a8000 	C:\WINDOWS\System32\PSAPI.DLL
0x00007ffb4fe10000 - 0x00007ffb4fe33000 	C:\WINDOWS\SYSTEM32\WINMM.dll
0x00007ffb50ee0000 - 0x00007ffb50eea000 	C:\WINDOWS\SYSTEM32\VERSION.dll
0x00007ffb415d0000 - 0x00007ffb415d9000 	C:\WINDOWS\SYSTEM32\WSOCK32.dll
0x00007ffb577e0000 - 0x00007ffb5784c000 	C:\WINDOWS\System32\WS2_32.dll
0x00007ffb4fde0000 - 0x00007ffb4fe0a000 	C:\WINDOWS\SYSTEM32\WINMMBASE.dll
0x00007ffb54650000 - 0x00007ffb5469a000 	C:\WINDOWS\System32\cfgmgr32.dll
0x00007ffb3d430000 - 0x00007ffb3d43f000 	F:\Program Files (x86)\Android Studio\jre\jre\bin\verify.dll
0x00007ffb3a7b0000 - 0x00007ffb3a7d9000 	F:\Program Files (x86)\Android Studio\jre\jre\bin\java.dll
0x00007ffb3c830000 - 0x00007ffb3c846000 	F:\Program Files (x86)\Android Studio\jre\jre\bin\zip.dll
0x00007ffb557e0000 - 0x00007ffb56c16000 	C:\WINDOWS\System32\SHELL32.dll
0x00007ffb57aa0000 - 0x00007ffb57b46000 	C:\WINDOWS\System32\shcore.dll
0x00007ffb54910000 - 0x00007ffb55057000 	C:\WINDOWS\System32\windows.storage.dll
0x00007ffb57cc0000 - 0x00007ffb57d11000 	C:\WINDOWS\System32\shlwapi.dll
0x00007ffb545e0000 - 0x00007ffb545f1000 	C:\WINDOWS\System32\kernel.appcore.dll
0x00007ffb54600000 - 0x00007ffb5464c000 	C:\WINDOWS\System32\powrprof.dll
0x00007ffb545a0000 - 0x00007ffb545bb000 	C:\WINDOWS\System32\profapi.dll
0x00007ffb20590000 - 0x00007ffb205aa000 	F:\Program Files (x86)\Android Studio\jre\jre\bin\net.dll
0x00007ffb53e30000 - 0x00007ffb53e96000 	C:\WINDOWS\system32\mswsock.dll
0x00007ffb20570000 - 0x00007ffb20581000 	F:\Program Files (x86)\Android Studio\jre\jre\bin\nio.dll
0x00007ffb4f2a0000 - 0x00007ffb4f2be000 	C:\Users\LeGia\.gradle\native\25\windows-amd64\native-platform.dll
0x00007ffb3ca50000 - 0x00007ffb3ca5d000 	F:\Program Files (x86)\Android Studio\jre\jre\bin\management.dll
0x00007ffb53ff0000 - 0x00007ffb54007000 	C:\WINDOWS\SYSTEM32\CRYPTSP.dll
0x00007ffb53a30000 - 0x00007ffb53a63000 	C:\WINDOWS\system32\rsaenh.dll
0x00007ffb54100000 - 0x00007ffb54125000 	C:\WINDOWS\SYSTEM32\bcrypt.dll
0x00007ffb544d0000 - 0x00007ffb544f9000 	C:\WINDOWS\SYSTEM32\USERENV.dll
0x00007ffb54010000 - 0x00007ffb5401b000 	C:\WINDOWS\SYSTEM32\CRYPTBASE.dll
0x00007ffb53bc0000 - 0x00007ffb53bf9000 	C:\WINDOWS\SYSTEM32\IPHLPAPI.DLL
0x00007ffb58210000 - 0x00007ffb58218000 	C:\WINDOWS\System32\NSI.dll
0x00007ffb4ca90000 - 0x00007ffb4caa6000 	C:\WINDOWS\SYSTEM32\dhcpcsvc6.DLL
0x00007ffb4c300000 - 0x00007ffb4c31a000 	C:\WINDOWS\SYSTEM32\dhcpcsvc.DLL
0x00007ffb37a20000 - 0x00007ffb37a44000 	F:\Program Files (x86)\Android Studio\jre\jre\bin\sunec.dll
0x00007ffb53c00000 - 0x00007ffb53cb6000 	C:\WINDOWS\SYSTEM32\DNSAPI.dll
0x0000000059810000 - 0x0000000059836000 	C:\Program Files\Bonjour\mdnsNSP.dll
0x00007ffb4bfe0000 - 0x00007ffb4bfea000 	C:\Windows\System32\rasadhlp.dll
0x00007ffb4c920000 - 0x00007ffb4c990000 	C:\WINDOWS\System32\fwpuclnt.dll
0x00007ffb500a0000 - 0x00007ffb500ab000 	F:\Program Files (x86)\Android Studio\jre\jre\bin\sunmscapi.dll
0x00007ffb546a0000 - 0x00007ffb5486e000 	C:\WINDOWS\System32\CRYPT32.dll
0x00007ffb545c0000 - 0x00007ffb545d2000 	C:\WINDOWS\System32\MSASN1.dll
0x00007ffb1c190000 - 0x00007ffb1c326000 	F:\Program Files (x86)\Android Studio\jre\jre\bin\awt.dll
0x00007ffb57440000 - 0x00007ffb57505000 	C:\WINDOWS\System32\OLEAUT32.dll
0x00007ffb51940000 - 0x00007ffb51ef8000 	C:\WINDOWS\SYSTEM32\d2d1.dll
0x00007ffb52670000 - 0x00007ffb526f8000 	C:\WINDOWS\SYSTEM32\apphelp.dll
0x00007ffb52b70000 - 0x00007ffb52b9a000 	C:\WINDOWS\system32\DWMAPI.DLL
0x00007ffb528b0000 - 0x00007ffb52945000 	C:\WINDOWS\system32\uxtheme.dll
0x00007ffb536d0000 - 0x00007ffb53701000 	C:\WINDOWS\SYSTEM32\ntmarta.dll

VM Arguments:
jvm_args: -Xmx1024m -Dfile.encoding=windows-1252 -Duser.country=US -Duser.language=en -Duser.variant 
java_command: org.gradle.launcher.daemon.bootstrap.GradleDaemon 4.4
java_class_path (initial): C:\Users\LeGia\.gradle\wrapper\dists\gradle-4.4-all\9br9xq1tocpiv8o6njlyu5op1\gradle-4.4\lib\gradle-launcher-4.4.jar
Launcher Type: SUN_STANDARD

Environment Variables:
JAVA_HOME=C:\Program Files\Java\jre1.8.0_161
PATH=G:\Virtual\product\12.2.0\dbhome_1\bin;C:\ProgramData\Oracle\Java\javapath;C:\Program Files (x86)\NVIDIA Corporation\PhysX\Common;C:\Program Files (x86)\Intel\iCLS Client\;C:\Program Files\Intel\iCLS Client\;C:\WINDOWS\system32;C:\WINDOWS;C:\WINDOWS\System32\Wbem;C:\WINDOWS\System32\WindowsPowerShell\v1.0\;C:\Program Files\Intel\Intel(R) Management Engine Components\DAL;C:\Program Files (x86)\Intel\Intel(R) Management Engine Components\DAL;C:\Program Files\Intel\Intel(R) Management Engine Components\IPT;C:\Program Files (x86)\Intel\Intel(R) Management Engine Components\IPT;C:\Program Files\Intel\WiFi\bin\;C:\Program Files\Common Files\Intel\WirelessCommon\;C:\Program Files (x86)\Microsoft SQL Server\100\Tools\Binn\;C:\Program Files\Microsoft SQL Server\100\Tools\Binn\;C:\Program Files\Microsoft SQL Server\100\DTS\Binn\;F:\Program Files (x86)\SQL Server 2016\130\Tools\Binn\;F:\Program Files\sql Server\130\Tools\Binn\;F:\Program Files (x86)\SQL Server 2016\130\DTS\Binn\;F:\Program Files\sql Server\130\DTS\Binn\;C:\Program Files\Java\jdk1.8.0_121\bin;C:\Program Files\dotnet\;C:\Program Files\Git\cmd;F:\Git\cmd;C:\Program Files\Java\jdk1.8.0_121\bin;F:\Heroku\bin;C:\Users\LeGia\AppData\Local\Microsoft\WindowsApps;C:\Users\LeGia\AppData\Local\GitHubDesktop\bin
USERNAME=LeGia
OS=Windows_NT
PROCESSOR_IDENTIFIER=Intel64 Family 6 Model 60 Stepping 3, GenuineIntel



---------------  S Y S T E M  ---------------

OS: Windows 10.0 , 64 bit Build 16299 (10.0.16299.15)

CPU:total 8 (initial active 8) (4 cores per cpu, 2 threads per core) family 6 model 60 stepping 3, cmov, cx8, fxsr, mmx, sse, sse2, sse3, ssse3, sse4.1, sse4.2, popcnt, avx, avx2, aes, clmul, erms, lzcnt, ht, tsc, tscinvbit, bmi1, bmi2

Memory: 4k page, physical 16663528k(2386236k free), swap 16663528k(4908k free)

vm_info: OpenJDK 64-Bit Server VM (25.152-b02) for windows-amd64 JRE (1.8.0_152-release-1024-b02), built by "builder" with MS VC++ 10.0 (VS2010)

time: Mon Jul 16 22:56:25 2018
elapsed time: 6868 seconds (0d 1h 54m 28s)

