#
# There is insufficient memory for the Java Runtime Environment to continue.
# Native memory allocation (malloc) failed to allocate 1297776 bytes for Chunk::new
# Possible reasons:
#   The system is out of physical RAM or swap space
#   In 32 bit mode, the process size limit was hit
# Possible solutions:
#   Reduce memory load on the system
#   Increase physical memory or swap space
#   Check if swap backing store is full
#   Use 64 bit Java on a 64 bit OS
#   Decrease Java heap size (-Xmx/-Xms)
#   Decrease number of Java threads
#   Decrease Java thread stack sizes (-Xss)
#   Set larger code cache with -XX:ReservedCodeCacheSize=
# This output file may be truncated or incomplete.
#
#  Out of Memory Error (allocation.cpp:390), pid=34640, tid=0x000000000000908c
#
# JRE version: OpenJDK Runtime Environment (8.0_152-b02) (build 1.8.0_152-release-1024-b02)
# Java VM: OpenJDK 64-Bit Server VM (25.152-b02 mixed mode windows-amd64 compressed oops)
# Failed to write core dump. Minidumps are not enabled by default on client versions of Windows
#

---------------  T H R E A D  ---------------

Current thread (0x000000001c37f000):  JavaThread "C2 CompilerThread1" daemon [_thread_in_native, id=37004, stack(0x000000001cc40000,0x000000001cd40000)]

Stack: [0x000000001cc40000,0x000000001cd40000]
[error occurred during error reporting (printing stack bounds), id 0xc0000005]

Native frames: (J=compiled Java code, j=interpreted, Vv=VM code, C=native code)


Current CompileTask:
C2:  19688 11268       4       com.android.tools.r8.ir.conversion.IRBuilder::addInstruction (358 bytes)


---------------  P R O C E S S  ---------------

Java Threads: ( => current thread )
  0x00000000247aa000 JavaThread "pool-31-thread-2" [_thread_blocked, id=16680, stack(0x000000002e6c0000,0x000000002e7c0000)]
  0x00000000247ac800 JavaThread "pool-31-thread-1" [_thread_blocked, id=35216, stack(0x000000002e5c0000,0x000000002e6c0000)]
  0x00000000247ad000 JavaThread "pool-30-thread-2" [_thread_in_Java, id=29556, stack(0x000000002e4c0000,0x000000002e5c0000)]
  0x00000000247ae000 JavaThread "pool-30-thread-1" [_thread_in_Java, id=30616, stack(0x000000002e3c0000,0x000000002e4c0000)]
  0x00000000247a8800 JavaThread "pool-29-thread-2" [_thread_blocked, id=23248, stack(0x000000002e2c0000,0x000000002e3c0000)]
  0x00000000247a8000 JavaThread "pool-29-thread-1" [_thread_blocked, id=28468, stack(0x000000002e1c0000,0x000000002e2c0000)]
  0x00000000247a9800 JavaThread "pool-28-thread-2" [_thread_in_Java, id=29168, stack(0x000000002e0c0000,0x000000002e1c0000)]
  0x00000000247ab800 JavaThread "pool-28-thread-1" [_thread_blocked, id=36208, stack(0x000000002dfc0000,0x000000002e0c0000)]
  0x00000000247b0000 JavaThread "pool-27-thread-2" [_thread_in_Java, id=8800, stack(0x000000002dec0000,0x000000002dfc0000)]
  0x00000000247af800 JavaThread "pool-27-thread-1" [_thread_in_Java, id=34756, stack(0x000000002ddc0000,0x000000002dec0000)]
  0x00000000253ba000 JavaThread "ForkJoinPool.commonPool-worker-7" daemon [_thread_in_Java, id=35588, stack(0x000000002a2c0000,0x000000002a3c0000)]
  0x00000000253c0800 JavaThread "ForkJoinPool.commonPool-worker-6" daemon [_thread_blocked, id=25520, stack(0x000000002a1c0000,0x000000002a2c0000)]
  0x00000000253be800 JavaThread "ForkJoinPool.commonPool-worker-5" daemon [_thread_blocked, id=23800, stack(0x000000002a0c0000,0x000000002a1c0000)]
  0x00000000253bd000 JavaThread "ForkJoinPool.commonPool-worker-4" daemon [_thread_blocked, id=37624, stack(0x0000000029fc0000,0x000000002a0c0000)]
  0x00000000253bd800 JavaThread "ForkJoinPool.commonPool-worker-3" daemon [_thread_blocked, id=14112, stack(0x0000000029ec0000,0x0000000029fc0000)]
  0x00000000253ba800 JavaThread "ForkJoinPool.commonPool-worker-2" daemon [_thread_blocked, id=29232, stack(0x0000000029dc0000,0x0000000029ec0000)]
  0x00000000201ae800 JavaThread "ForkJoinPool.commonPool-worker-1" daemon [_thread_blocked, id=34868, stack(0x0000000029cc0000,0x0000000029dc0000)]
  0x0000000021b3f800 JavaThread "Task worker for ':' Thread 7" [_thread_blocked, id=29912, stack(0x00000000299c0000,0x0000000029ac0000)]
  0x0000000021b3e800 JavaThread "Task worker for ':' Thread 6" [_thread_blocked, id=31432, stack(0x00000000298c0000,0x00000000299c0000)]
  0x0000000021b41800 JavaThread "Task worker for ':' Thread 5" [_thread_blocked, id=15468, stack(0x00000000297c0000,0x00000000298c0000)]
  0x0000000021b41000 JavaThread "Task worker for ':' Thread 4" [_thread_blocked, id=17836, stack(0x00000000296c0000,0x00000000297c0000)]
  0x0000000021b40000 JavaThread "Task worker for ':' Thread 3" [_thread_blocked, id=37420, stack(0x00000000295c0000,0x00000000296c0000)]
  0x0000000021b3e000 JavaThread "Task worker for ':' Thread 2" [_thread_blocked, id=33340, stack(0x00000000294c0000,0x00000000295c0000)]
  0x0000000021b36800 JavaThread "Task worker for ':'" [_thread_blocked, id=7996, stack(0x00000000293c0000,0x00000000294c0000)]
  0x0000000021b3d000 JavaThread "Cache worker for Build Output Cleanup Cache (G:\MobileWeb\.gradle\buildOutputCleanup)" [_thread_blocked, id=30536, stack(0x00000000292c0000,0x00000000293c0000)]
  0x0000000021b3c800 JavaThread "Cache worker for task history cache (G:\MobileWeb\.gradle\4.4\taskHistory)" [_thread_blocked, id=26148, stack(0x00000000291c0000,0x00000000292c0000)]
  0x0000000021b35800 JavaThread "Cache worker for file content cache (G:\MobileWeb\.gradle\4.4\fileContent)" [_thread_blocked, id=11832, stack(0x0000000028ec0000,0x0000000028fc0000)]
  0x0000000021b38800 JavaThread "Memory manager" [_thread_blocked, id=35560, stack(0x0000000026ff0000,0x00000000270f0000)]
  0x0000000021b37000 JavaThread "pool-1-thread-1" [_thread_blocked, id=33560, stack(0x0000000026ef0000,0x0000000026ff0000)]
  0x0000000021b3a000 JavaThread "build operations Thread 8" [_thread_blocked, id=37112, stack(0x00000000266c0000,0x00000000267c0000)]
  0x0000000021b38000 JavaThread "build operations Thread 7" [_thread_blocked, id=37024, stack(0x00000000265c0000,0x00000000266c0000)]
  0x00000000201b1800 JavaThread "build operations Thread 6" [_thread_blocked, id=35916, stack(0x00000000264c0000,0x00000000265c0000)]
  0x00000000201b0000 JavaThread "build operations Thread 5" [_thread_blocked, id=34524, stack(0x00000000263c0000,0x00000000264c0000)]
  0x00000000201af000 JavaThread "build operations Thread 4" [_thread_blocked, id=29896, stack(0x00000000262c0000,0x00000000263c0000)]
  0x00000000201ab800 JavaThread "build operations Thread 3" [_thread_blocked, id=13488, stack(0x00000000261c0000,0x00000000262c0000)]
  0x00000000201ac000 JavaThread "build operations Thread 2" [_thread_blocked, id=36528, stack(0x00000000260c0000,0x00000000261c0000)]
  0x00000000201ad800 JavaThread "build operations" [_thread_blocked, id=37508, stack(0x0000000024b30000,0x0000000024c30000)]
  0x00000000201b1000 JavaThread "Cache worker for Artifact transforms cache (C:\Users\LeGia\.gradle\caches\transforms-1)" [_thread_blocked, id=6896, stack(0x00000000221e0000,0x00000000222e0000)]
  0x00000000201c3800 JavaThread "Cache worker for file hash cache (G:\MobileWeb\.gradle\4.4\fileHashes)" [_thread_blocked, id=37568, stack(0x0000000021110000,0x0000000021210000)]
  0x000000001e722800 JavaThread "File lock request listener" [_thread_in_native, id=26552, stack(0x0000000020040000,0x0000000020140000)]
  0x000000001e47b000 JavaThread "Cache worker for file hash cache (C:\Users\LeGia\.gradle\caches\4.4\fileHashes)" [_thread_blocked, id=26904, stack(0x000000001ff40000,0x0000000020040000)]
  0x000000001e2d0000 JavaThread "Stdin handler" [_thread_blocked, id=31028, stack(0x000000001fb40000,0x000000001fc40000)]
  0x000000001e2c9000 JavaThread "Asynchronous log dispatcher for DefaultDaemonConnection: socket connection from /127.0.0.1:64970 to /127.0.0.1:64973" [_thread_blocked, id=31788, stack(0x000000001fa40000,0x000000001fb40000)]
  0x000000001e2c7800 JavaThread "Daemon worker" [_thread_blocked, id=25472, stack(0x000000001f940000,0x000000001fa40000)]
  0x000000001e2e2800 JavaThread "Cancel handler" [_thread_blocked, id=37056, stack(0x000000001f840000,0x000000001f940000)]
  0x000000001e0fc000 JavaThread "Handler for socket connection from /127.0.0.1:64970 to /127.0.0.1:64973" [_thread_in_native, id=34392, stack(0x000000001f540000,0x000000001f640000)]
  0x000000001e0f8000 JavaThread "Daemon" [_thread_blocked, id=9000, stack(0x000000001f440000,0x000000001f540000)]
  0x000000001e0d6000 JavaThread "Daemon periodic checks" [_thread_blocked, id=14144, stack(0x000000001f340000,0x000000001f440000)]
  0x000000001d9a8000 JavaThread "Incoming local TCP Connector on port 64970" [_thread_in_native, id=34748, stack(0x000000001ee50000,0x000000001ef50000)]
  0x000000001c416000 JavaThread "Service Thread" daemon [_thread_blocked, id=14392, stack(0x000000001cf40000,0x000000001d040000)]
  0x000000001a48d000 JavaThread "C1 CompilerThread3" daemon [_thread_blocked, id=37848, stack(0x000000001ce40000,0x000000001cf40000)]
  0x000000001a48a000 JavaThread "C2 CompilerThread2" daemon [_thread_in_native, id=30832, stack(0x000000001cd40000,0x000000001ce40000)]
=>0x000000001c37f000 JavaThread "C2 CompilerThread1" daemon [_thread_in_native, id=37004, stack(0x000000001cc40000,0x000000001cd40000)]
  0x000000001c37b800 JavaThread "C2 CompilerThread0" daemon [_thread_in_native, id=30656, stack(0x000000001cb40000,0x000000001cc40000)]
  0x000000001c37a800 JavaThread "Attach Listener" daemon [_thread_blocked, id=37120, stack(0x000000001ca40000,0x000000001cb40000)]
  0x000000001c386800 JavaThread "Signal Dispatcher" daemon [_thread_blocked, id=37880, stack(0x000000001c940000,0x000000001ca40000)]
  0x000000001c370800 JavaThread "Finalizer" daemon [_thread_blocked, id=8712, stack(0x000000001c750000,0x000000001c850000)]
  0x0000000001f58000 JavaThread "Reference Handler" daemon [_thread_blocked, id=31212, stack(0x000000001c250000,0x000000001c350000)]
  0x0000000001e63000 JavaThread "main" [_thread_blocked, id=27828, stack(0x0000000001d20000,0x0000000001e20000)]

Other Threads:
  0x000000001a475800 VMThread [stack: 0x000000001c150000,0x000000001c250000] [id=12140]
  0x000000001c416800 WatcherThread [stack: 0x000000001d040000,0x000000001d140000] [id=36792]

VM state:not at safepoint (normal execution)

VM Mutex/Monitor currently owned by a thread: None

Heap:
 PSYoungGen      total 333312K, used 23515K [0x00000000d5580000, 0x00000000eed00000, 0x0000000100000000)
  eden space 306688K, 4% used [0x00000000d5580000,0x00000000d62030c8,0x00000000e8100000)
  from space 26624K, 40% used [0x00000000e8100000,0x00000000e8b73d80,0x00000000e9b00000)
  to   space 25600K, 0% used [0x00000000ed400000,0x00000000ed400000,0x00000000eed00000)
 ParOldGen       total 262144K, used 56076K [0x0000000080000000, 0x0000000090000000, 0x00000000d5580000)
  object space 262144K, 21% used [0x0000000080000000,0x00000000836c3268,0x0000000090000000)
 Metaspace       used 65654K, capacity 68708K, committed 68992K, reserved 1107968K
  class space    used 8808K, capacity 9474K, committed 9600K, reserved 1048576K

Card table byte_map: [0x00000000147d0000,0x0000000014be0000] byte_map_base: 0x00000000143d0000

Marking Bits: (ParMarkBitMap*) 0x0000000057f44970
 Begin Bits: [0x0000000015690000, 0x0000000017690000)
 End Bits:   [0x0000000017690000, 0x0000000019690000)

Polling page: 0x0000000001880000

CodeCache: size=245760Kb used=30488Kb max_used=30533Kb free=215271Kb
 bounds [0x0000000005410000, 0x0000000007210000, 0x0000000014410000]
 total_blobs=10859 nmethods=10067 adapters=703
 compilation: enabled

Compilation events (10 events):
Event: 19.651 Thread 0x000000001c37b800 nmethod 11168 0x0000000007036610 code [0x00000000070367c0, 0x0000000007036d28]
Event: 19.651 Thread 0x000000001c37b800 11284       4       java.util.HashMap::getOrDefault (23 bytes)
Event: 19.657 Thread 0x000000001c37b800 nmethod 11284 0x0000000006fb6010 code [0x0000000006fb6180, 0x0000000006fb6488]
Event: 19.658 Thread 0x000000001c37b800 11262       4       com.android.tools.r8.com.google.common.base.Equivalence$Wrapper::hashCode (12 bytes)
Event: 19.659 Thread 0x000000001c37b800 nmethod 11262 0x0000000005621790 code [0x00000000056218e0, 0x0000000005621998]
Event: 19.659 Thread 0x000000001c37b800 11265       4       com.android.tools.r8.com.google.common.collect.ImmutableList$1::get (9 bytes)
Event: 19.662 Thread 0x000000001c37b800 nmethod 11265 0x0000000007035f90 code [0x0000000007036100, 0x00000000070362d8]
Event: 19.678 Thread 0x000000001c37b800 11259       4       java.util.stream.ReduceOps$2ReducingSink::accept (39 bytes)
Event: 19.681 Thread 0x000000001c37b800 nmethod 11259 0x00000000070357d0 code [0x0000000007035940, 0x0000000007035b58]
Event: 19.682 Thread 0x000000001c37b800 11414       4       com.android.tools.r8.ir.code.BasicBlock::isOnThrowValue (15 bytes)

GC Heap History (10 events):
Event: 14.505 GC heap before
{Heap before GC invocations=12 (full 2):
 PSYoungGen      total 227840K, used 214428K [0x00000000d5580000, 0x00000000e8200000, 0x0000000100000000)
  eden space 209920K, 93% used [0x00000000d5580000,0x00000000e1567af8,0x00000000e2280000)
  from space 17920K, 99% used [0x00000000e2280000,0x00000000e33ff520,0x00000000e3400000)
  to   space 25088K, 0% used [0x00000000e6980000,0x00000000e6980000,0x00000000e8200000)
 ParOldGen       total 161792K, used 32544K [0x0000000080000000, 0x0000000089e00000, 0x00000000d5580000)
  object space 161792K, 20% used [0x0000000080000000,0x0000000081fc8150,0x0000000089e00000)
 Metaspace       used 56839K, capacity 58904K, committed 59008K, reserved 1099776K
  class space    used 7731K, capacity 8236K, committed 8320K, reserved 1048576K
Event: 14.563 GC heap after
Heap after GC invocations=12 (full 2):
 PSYoungGen      total 280576K, used 22040K [0x00000000d5580000, 0x00000000e8c00000, 0x0000000100000000)
  eden space 255488K, 0% used [0x00000000d5580000,0x00000000d5580000,0x00000000e4f00000)
  from space 25088K, 87% used [0x00000000e6980000,0x00000000e7f061f8,0x00000000e8200000)
  to   space 27136K, 0% used [0x00000000e4f00000,0x00000000e4f00000,0x00000000e6980000)
 ParOldGen       total 161792K, used 41400K [0x0000000080000000, 0x0000000089e00000, 0x00000000d5580000)
  object space 161792K, 25% used [0x0000000080000000,0x000000008286e040,0x0000000089e00000)
 Metaspace       used 56839K, capacity 58904K, committed 59008K, reserved 1099776K
  class space    used 7731K, capacity 8236K, committed 8320K, reserved 1048576K
}
Event: 14.563 GC heap before
{Heap before GC invocations=13 (full 3):
 PSYoungGen      total 280576K, used 22040K [0x00000000d5580000, 0x00000000e8c00000, 0x0000000100000000)
  eden space 255488K, 0% used [0x00000000d5580000,0x00000000d5580000,0x00000000e4f00000)
  from space 25088K, 87% used [0x00000000e6980000,0x00000000e7f061f8,0x00000000e8200000)
  to   space 27136K, 0% used [0x00000000e4f00000,0x00000000e4f00000,0x00000000e6980000)
 ParOldGen       total 161792K, used 41400K [0x0000000080000000, 0x0000000089e00000, 0x00000000d5580000)
  object space 161792K, 25% used [0x0000000080000000,0x000000008286e040,0x0000000089e00000)
 Metaspace       used 56839K, capacity 58904K, committed 59008K, reserved 1099776K
  class space    used 7731K, capacity 8236K, committed 8320K, reserved 1048576K
Event: 14.942 GC heap after
Heap after GC invocations=13 (full 3):
 PSYoungGen      total 280576K, used 0K [0x00000000d5580000, 0x00000000e8c00000, 0x0000000100000000)
  eden space 255488K, 0% used [0x00000000d5580000,0x00000000d5580000,0x00000000e4f00000)
  from space 25088K, 0% used [0x00000000e6980000,0x00000000e6980000,0x00000000e8200000)
  to   space 27136K, 0% used [0x00000000e4f00000,0x00000000e4f00000,0x00000000e6980000)
 ParOldGen       total 262144K, used 56028K [0x0000000080000000, 0x0000000090000000, 0x00000000d5580000)
  object space 262144K, 21% used [0x0000000080000000,0x00000000836b7238,0x0000000090000000)
 Metaspace       used 56796K, capacity 58806K, committed 59008K, reserved 1099776K
  class space    used 7715K, capacity 8207K, committed 8320K, reserved 1048576K
}
Event: 16.590 GC heap before
{Heap before GC invocations=14 (full 3):
 PSYoungGen      total 280576K, used 254901K [0x00000000d5580000, 0x00000000e8c00000, 0x0000000100000000)
  eden space 255488K, 99% used [0x00000000d5580000,0x00000000e4e6d7a8,0x00000000e4f00000)
  from space 25088K, 0% used [0x00000000e6980000,0x00000000e6980000,0x00000000e8200000)
  to   space 27136K, 0% used [0x00000000e4f00000,0x00000000e4f00000,0x00000000e6980000)
 ParOldGen       total 262144K, used 56028K [0x0000000080000000, 0x0000000090000000, 0x00000000d5580000)
  object space 262144K, 21% used [0x0000000080000000,0x00000000836b7238,0x0000000090000000)
 Metaspace       used 65040K, capacity 68024K, committed 68096K, reserved 1107968K
  class space    used 8783K, capacity 9440K, committed 9472K, reserved 1048576K
Event: 16.622 GC heap after
Heap after GC invocations=14 (full 3):
 PSYoungGen      total 282624K, used 10120K [0x00000000d5580000, 0x00000000eba00000, 0x0000000100000000)
  eden space 255488K, 0% used [0x00000000d5580000,0x00000000d5580000,0x00000000e4f00000)
  from space 27136K, 37% used [0x00000000e4f00000,0x00000000e58e2210,0x00000000e6980000)
  to   space 26624K, 0% used [0x00000000ea000000,0x00000000ea000000,0x00000000eba00000)
 ParOldGen       total 262144K, used 56036K [0x0000000080000000, 0x0000000090000000, 0x00000000d5580000)
  object space 262144K, 21% used [0x0000000080000000,0x00000000836b9238,0x0000000090000000)
 Metaspace       used 65040K, capacity 68024K, committed 68096K, reserved 1107968K
  class space    used 8783K, capacity 9440K, committed 9472K, reserved 1048576K
}
Event: 18.416 GC heap before
{Heap before GC invocations=15 (full 3):
 PSYoungGen      total 282624K, used 265608K [0x00000000d5580000, 0x00000000eba00000, 0x0000000100000000)
  eden space 255488K, 100% used [0x00000000d5580000,0x00000000e4f00000,0x00000000e4f00000)
  from space 27136K, 37% used [0x00000000e4f00000,0x00000000e58e2210,0x00000000e6980000)
  to   space 26624K, 0% used [0x00000000ea000000,0x00000000ea000000,0x00000000eba00000)
 ParOldGen       total 262144K, used 56036K [0x0000000080000000, 0x0000000090000000, 0x00000000d5580000)
  object space 262144K, 21% used [0x0000000080000000,0x00000000836b9238,0x0000000090000000)
 Metaspace       used 65218K, capacity 68238K, committed 68352K, reserved 1107968K
  class space    used 8793K, capacity 9441K, committed 9472K, reserved 1048576K
Event: 18.430 GC heap after
Heap after GC invocations=15 (full 3):
 PSYoungGen      total 328192K, used 7143K [0x00000000d5580000, 0x00000000eb500000, 0x0000000100000000)
  eden space 306688K, 0% used [0x00000000d5580000,0x00000000d5580000,0x00000000e8100000)
  from space 21504K, 33% used [0x00000000ea000000,0x00000000ea6f9d48,0x00000000eb500000)
  to   space 26624K, 0% used [0x00000000e8100000,0x00000000e8100000,0x00000000e9b00000)
 ParOldGen       total 262144K, used 56044K [0x0000000080000000, 0x0000000090000000, 0x00000000d5580000)
  object space 262144K, 21% used [0x0000000080000000,0x00000000836bb238,0x0000000090000000)
 Metaspace       used 65218K, capacity 68238K, committed 68352K, reserved 1107968K
  class space    used 8793K, capacity 9441K, committed 9472K, reserved 1048576K
}
Event: 19.663 GC heap before
{Heap before GC invocations=16 (full 3):
 PSYoungGen      total 328192K, used 313831K [0x00000000d5580000, 0x00000000eb500000, 0x0000000100000000)
  eden space 306688K, 100% used [0x00000000d5580000,0x00000000e8100000,0x00000000e8100000)
  from space 21504K, 33% used [0x00000000ea000000,0x00000000ea6f9d48,0x00000000eb500000)
  to   space 26624K, 0% used [0x00000000e8100000,0x00000000e8100000,0x00000000e9b00000)
 ParOldGen       total 262144K, used 56068K [0x0000000080000000, 0x0000000090000000, 0x00000000d5580000)
  object space 262144K, 21% used [0x0000000080000000,0x00000000836c1268,0x0000000090000000)
 Metaspace       used 65654K, capacity 68708K, committed 68992K, reserved 1107968K
  class space    used 8808K, capacity 9474K, committed 9600K, reserved 1048576K
Event: 19.677 GC heap after
Heap after GC invocations=16 (full 3):
 PSYoungGen      total 333312K, used 10703K [0x00000000d5580000, 0x00000000eed00000, 0x0000000100000000)
  eden space 306688K, 0% used [0x00000000d5580000,0x00000000d5580000,0x00000000e8100000)
  from space 26624K, 40% used [0x00000000e8100000,0x00000000e8b73d80,0x00000000e9b00000)
  to   space 25600K, 0% used [0x00000000ed400000,0x00000000ed400000,0x00000000eed00000)
 ParOldGen       total 262144K, used 56076K [0x0000000080000000, 0x0000000090000000, 0x00000000d5580000)
  object space 262144K, 21% used [0x0000000080000000,0x00000000836c3268,0x0000000090000000)
 Metaspace       used 65654K, capacity 68708K, committed 68992K, reserved 1107968K
  class space    used 8808K, capacity 9474K, committed 9600K, reserved 1048576K
}

Deoptimization events (10 events):
Event: 19.179 Thread 0x00000000253bb800 Uncommon trap: reason=unstable_if action=reinterpret pc=0x0000000006615c08 method=com.android.tools.r8.ir.conversion.JarSourceCode.getDebugPositionAtOffset(I)Lcom/android/tools/r8/ir/code/Position; @ 58
Event: 19.377 Thread 0x00000000253c6000 Uncommon trap: reason=unstable_if action=reinterpret pc=0x0000000005ff4aac method=java.util.concurrent.locks.AbstractQueuedSynchronizer.acquireQueued(Ljava/util/concurrent/locks/AbstractQueuedSynchronizer$Node;I)Z @ 70
Event: 19.574 Thread 0x00000000247b0000 Uncommon trap: reason=unstable_if action=reinterpret pc=0x0000000005d51ec4 method=java.util.concurrent.ConcurrentHashMap.addCount(JI)V @ 97
Event: 19.574 Thread 0x00000000247b0000 Uncommon trap: reason=unstable_if action=reinterpret pc=0x000000000662b7c4 method=java.util.concurrent.ConcurrentHashMap.addCount(JI)V @ 97
Event: 19.609 Thread 0x00000000247a9800 Uncommon trap: reason=bimorphic action=maybe_recompile pc=0x0000000005a18ab4 method=java.util.concurrent.FutureTask.run()V @ 42
Event: 19.609 Thread 0x00000000247b0000 Uncommon trap: reason=bimorphic action=maybe_recompile pc=0x0000000005a18ab4 method=java.util.concurrent.FutureTask.run()V @ 42
Event: 19.610 Thread 0x00000000247a9800 Uncommon trap: reason=bimorphic action=maybe_recompile pc=0x0000000005a18ab4 method=java.util.concurrent.FutureTask.run()V @ 42
Event: 19.611 Thread 0x00000000247af800 Uncommon trap: reason=bimorphic action=maybe_recompile pc=0x0000000005a18ab4 method=java.util.concurrent.FutureTask.run()V @ 42
Event: 19.620 Thread 0x00000000247ae000 Uncommon trap: reason=unstable_if action=reinterpret pc=0x000000000631ade4 method=com.android.tools.r8.org.objectweb.asm.ClassReader.readUTF(II[C)Ljava/lang/String; @ 77
Event: 19.657 Thread 0x00000000247a9800 Uncommon trap: reason=unstable_if action=reinterpret pc=0x0000000006ffa630 method=com.android.tools.r8.it.unimi.dsi.fastutil.ints.IntArraySet.add(I)Z @ 8

Classes redefined (0 events):
No events

Internal exceptions (10 events):
Event: 18.927 Thread 0x0000000021b40000 Exception <a 'sun/nio/fs/WindowsException'> (0x00000000d93c6b50) thrown at [D:\src\AOSP-openjdk-cygwin\jdk8u\hotspot\src\share\vm\prims\jni.cpp, line 709]
Event: 18.952 Thread 0x0000000021b40000 Exception <a 'sun/nio/fs/WindowsException'> (0x00000000d93f8ca0) thrown at [D:\src\AOSP-openjdk-cygwin\jdk8u\hotspot\src\share\vm\prims\jni.cpp, line 709]
Event: 18.976 Thread 0x0000000021b40000 Exception <a 'sun/nio/fs/WindowsException'> (0x00000000d9429d50) thrown at [D:\src\AOSP-openjdk-cygwin\jdk8u\hotspot\src\share\vm\prims\jni.cpp, line 709]
Event: 18.996 Thread 0x0000000021b40000 Exception <a 'sun/nio/fs/WindowsException'> (0x00000000d945f9e0) thrown at [D:\src\AOSP-openjdk-cygwin\jdk8u\hotspot\src\share\vm\prims\jni.cpp, line 709]
Event: 19.018 Thread 0x0000000021b40000 Exception <a 'sun/nio/fs/WindowsException'> (0x00000000d9491230) thrown at [D:\src\AOSP-openjdk-cygwin\jdk8u\hotspot\src\share\vm\prims\jni.cpp, line 709]
Event: 19.042 Thread 0x0000000021b40000 Exception <a 'sun/nio/fs/WindowsException'> (0x00000000d94c48f8) thrown at [D:\src\AOSP-openjdk-cygwin\jdk8u\hotspot\src\share\vm\prims\jni.cpp, line 709]
Event: 19.072 Thread 0x0000000021b40000 Exception <a 'sun/nio/fs/WindowsException'> (0x00000000d94fbaa8) thrown at [D:\src\AOSP-openjdk-cygwin\jdk8u\hotspot\src\share\vm\prims\jni.cpp, line 709]
Event: 19.092 Thread 0x0000000021b40000 Exception <a 'sun/nio/fs/WindowsException'> (0x00000000d9535d40) thrown at [D:\src\AOSP-openjdk-cygwin\jdk8u\hotspot\src\share\vm\prims\jni.cpp, line 709]
Event: 19.117 Thread 0x0000000021b40000 Exception <a 'sun/nio/fs/WindowsException'> (0x00000000d9584390) thrown at [D:\src\AOSP-openjdk-cygwin\jdk8u\hotspot\src\share\vm\prims\jni.cpp, line 709]
Event: 19.140 Thread 0x0000000021b40000 Exception <a 'sun/nio/fs/WindowsException'> (0x00000000d95c8dd8) thrown at [D:\src\AOSP-openjdk-cygwin\jdk8u\hotspot\src\share\vm\prims\jni.cpp, line 709]

Events (10 events):
Event: 19.663 Executing VM operation: RevokeBias
Event: 19.663 Executing VM operation: RevokeBias done
Event: 19.663 Executing VM operation: ParallelGCSystemGC
Event: 19.677 Executing VM operation: ParallelGCSystemGC done
Event: 19.677 Executing VM operation: RevokeBias
Event: 19.678 Executing VM operation: RevokeBias done
Event: 19.680 Thread 0x00000000247af800 DEOPT PACKING pc=0x0000000007151d13 sp=0x000000002debe260
Event: 19.680 Thread 0x00000000247af800 DEOPT UNPACKING pc=0x00000000054575d0 sp=0x000000002debdfe8 mode 0
Event: 19.684 Thread 0x00000000247ad000 DEOPT PACKING pc=0x00000000069c7304 sp=0x000000002e5beb80
Event: 19.684 Thread 0x00000000247ad000 DEOPT UNPACKING pc=0x00000000054575d0 sp=0x000000002e5be8c8 mode 0


Dynamic libraries:
0x00007ff618970000 - 0x00007ff6189a1000 	F:\Program Files (x86)\Android Studio\jre\bin\java.exe
0x00007ffc9d2d0000 - 0x00007ffc9d4b0000 	C:\WINDOWS\SYSTEM32\ntdll.dll
0x00007ffc9d1f0000 - 0x00007ffc9d29e000 	C:\WINDOWS\System32\KERNEL32.DLL
0x00007ffc9a310000 - 0x00007ffc9a576000 	C:\WINDOWS\System32\KERNELBASE.dll
0x00007ffc9a9d0000 - 0x00007ffc9aa71000 	C:\WINDOWS\System32\ADVAPI32.dll
0x00007ffc9a7a0000 - 0x00007ffc9a83d000 	C:\WINDOWS\System32\msvcrt.dll
0x00007ffc9a8c0000 - 0x00007ffc9a91b000 	C:\WINDOWS\System32\sechost.dll
0x00007ffc9d0d0000 - 0x00007ffc9d1ef000 	C:\WINDOWS\System32\RPCRT4.dll
0x00007ffc9ab50000 - 0x00007ffc9acdf000 	C:\WINDOWS\System32\USER32.dll
0x00007ffc99970000 - 0x00007ffc99990000 	C:\WINDOWS\System32\win32u.dll
0x00007ffc9ae80000 - 0x00007ffc9aea8000 	C:\WINDOWS\System32\GDI32.dll
0x00007ffc996d0000 - 0x00007ffc99863000 	C:\WINDOWS\System32\gdi32full.dll
0x00007ffc99870000 - 0x00007ffc9990b000 	C:\WINDOWS\System32\msvcp_win.dll
0x00007ffc9a160000 - 0x00007ffc9a256000 	C:\WINDOWS\System32\ucrtbase.dll
0x00007ffc92f60000 - 0x00007ffc931c9000 	C:\WINDOWS\WinSxS\amd64_microsoft.windows.common-controls_6595b64144ccf1df_6.0.16299.371_none_15c7d1789365a290\COMCTL32.dll
0x00007ffc9af00000 - 0x00007ffc9b208000 	C:\WINDOWS\System32\combase.dll
0x00007ffc9a0e0000 - 0x00007ffc9a152000 	C:\WINDOWS\System32\bcryptPrimitives.dll
0x00007ffc9aed0000 - 0x00007ffc9aefd000 	C:\WINDOWS\System32\IMM32.DLL
0x00000000574f0000 - 0x00000000575c2000 	F:\Program Files (x86)\Android Studio\jre\jre\bin\msvcr100.dll
0x0000000057780000 - 0x0000000057fbf000 	F:\Program Files (x86)\Android Studio\jre\jre\bin\server\jvm.dll
0x00007ffc9c930000 - 0x00007ffc9c938000 	C:\WINDOWS\System32\PSAPI.DLL
0x00007ffc884f0000 - 0x00007ffc884f9000 	C:\WINDOWS\SYSTEM32\WSOCK32.dll
0x00007ffc945e0000 - 0x00007ffc94603000 	C:\WINDOWS\SYSTEM32\WINMM.dll
0x00007ffc931e0000 - 0x00007ffc931ea000 	C:\WINDOWS\SYSTEM32\VERSION.dll
0x00007ffc9b480000 - 0x00007ffc9b4ec000 	C:\WINDOWS\System32\WS2_32.dll
0x00007ffc945b0000 - 0x00007ffc945da000 	C:\WINDOWS\SYSTEM32\WINMMBASE.dll
0x00007ffc9a750000 - 0x00007ffc9a79a000 	C:\WINDOWS\System32\cfgmgr32.dll
0x00007ffc94690000 - 0x00007ffc9469f000 	F:\Program Files (x86)\Android Studio\jre\jre\bin\verify.dll
0x00007ffc82290000 - 0x00007ffc822b9000 	F:\Program Files (x86)\Android Studio\jre\jre\bin\java.dll
0x00007ffc86050000 - 0x00007ffc86066000 	F:\Program Files (x86)\Android Studio\jre\jre\bin\zip.dll
0x00007ffc9b4f0000 - 0x00007ffc9c926000 	C:\WINDOWS\System32\SHELL32.dll
0x00007ffc9a920000 - 0x00007ffc9a9c6000 	C:\WINDOWS\System32\shcore.dll
0x00007ffc99990000 - 0x00007ffc9a0d7000 	C:\WINDOWS\System32\windows.storage.dll
0x00007ffc9a860000 - 0x00007ffc9a8b1000 	C:\WINDOWS\System32\shlwapi.dll
0x00007ffc996b0000 - 0x00007ffc996c1000 	C:\WINDOWS\System32\kernel.appcore.dll
0x00007ffc99620000 - 0x00007ffc9966c000 	C:\WINDOWS\System32\powrprof.dll
0x00007ffc99670000 - 0x00007ffc9968b000 	C:\WINDOWS\System32\profapi.dll
0x00007ffc82520000 - 0x00007ffc8253a000 	F:\Program Files (x86)\Android Studio\jre\jre\bin\net.dll
0x00007ffc98eb0000 - 0x00007ffc98f16000 	C:\WINDOWS\system32\mswsock.dll
0x00007ffc81f70000 - 0x00007ffc81f81000 	F:\Program Files (x86)\Android Studio\jre\jre\bin\nio.dll
0x00007ffc807e0000 - 0x00007ffc807fe000 	C:\Users\LeGia\.gradle\native\25\windows-amd64\native-platform.dll
0x00007ffc94110000 - 0x00007ffc9411d000 	F:\Program Files (x86)\Android Studio\jre\jre\bin\management.dll
0x00007ffc99070000 - 0x00007ffc99087000 	C:\WINDOWS\SYSTEM32\CRYPTSP.dll
0x00007ffc98ab0000 - 0x00007ffc98ae3000 	C:\WINDOWS\system32\rsaenh.dll
0x00007ffc99180000 - 0x00007ffc991a5000 	C:\WINDOWS\SYSTEM32\bcrypt.dll
0x00007ffc99520000 - 0x00007ffc99549000 	C:\WINDOWS\SYSTEM32\USERENV.dll
0x00007ffc99090000 - 0x00007ffc9909b000 	C:\WINDOWS\SYSTEM32\CRYPTBASE.dll
0x00007ffc98c40000 - 0x00007ffc98c79000 	C:\WINDOWS\SYSTEM32\IPHLPAPI.DLL
0x00007ffc9a840000 - 0x00007ffc9a848000 	C:\WINDOWS\System32\NSI.dll
0x00007ffc936c0000 - 0x00007ffc936d6000 	C:\WINDOWS\SYSTEM32\dhcpcsvc6.DLL
0x00007ffc936a0000 - 0x00007ffc936ba000 	C:\WINDOWS\SYSTEM32\dhcpcsvc.DLL
0x00007ffc98750000 - 0x00007ffc98781000 	C:\WINDOWS\SYSTEM32\ntmarta.dll

VM Arguments:
jvm_args: -XX:MaxPermSize=512m -XX:+HeapDumpOnOutOfMemoryError -Xmx2048m -Dfile.encoding=UTF-8 -Duser.country=US -Duser.language=en -Duser.variant 
java_command: org.gradle.launcher.daemon.bootstrap.GradleDaemon 4.4
java_class_path (initial): C:\Users\LeGia\.gradle\wrapper\dists\gradle-4.4-all\9br9xq1tocpiv8o6njlyu5op1\gradle-4.4\lib\gradle-launcher-4.4.jar
Launcher Type: SUN_STANDARD

Environment Variables:
JAVA_HOME=C:\Program Files\Java\jre1.8.0_161
PATH=G:\Virtual\product\12.2.0\dbhome_1\bin;C:\ProgramData\Oracle\Java\javapath;C:\Program Files (x86)\NVIDIA Corporation\PhysX\Common;C:\Program Files (x86)\Intel\iCLS Client\;C:\Program Files\Intel\iCLS Client\;C:\WINDOWS\system32;C:\WINDOWS;C:\WINDOWS\System32\Wbem;C:\WINDOWS\System32\WindowsPowerShell\v1.0\;C:\Program Files\Intel\Intel(R) Management Engine Components\DAL;C:\Program Files (x86)\Intel\Intel(R) Management Engine Components\DAL;C:\Program Files\Intel\Intel(R) Management Engine Components\IPT;C:\Program Files (x86)\Intel\Intel(R) Management Engine Components\IPT;C:\Program Files\Intel\WiFi\bin\;C:\Program Files\Common Files\Intel\WirelessCommon\;C:\Program Files (x86)\Microsoft SQL Server\100\Tools\Binn\;C:\Program Files\Microsoft SQL Server\100\Tools\Binn\;C:\Program Files\Microsoft SQL Server\100\DTS\Binn\;F:\Program Files (x86)\SQL Server 2016\130\Tools\Binn\;F:\Program Files\sql Server\130\Tools\Binn\;F:\Program Files (x86)\SQL Server 2016\130\DTS\Binn\;F:\Program Files\sql Server\130\DTS\Binn\;C:\Program Files\Java\jdk1.8.0_121\bin;C:\Program Files\dotnet\;C:\Program Files\Git\cmd;F:\wamp64\bin\php\php7.2.4;C:\ProgramData\ComposerSetup\bin;F:\Git\cmd;C:\Program Files\Java\jdk1.8.0_121\bin;F:\Heroku\bin;C:\Users\LeGia\AppData\Local\Microsoft\WindowsApps;C:\Users\LeGia\AppData\Local\GitHubDesktop\bin;C:\Users\LeGia\AppData\Roaming\Composer\vendor\bin
USERNAME=LeGia
OS=Windows_NT
PROCESSOR_IDENTIFIER=Intel64 Family 6 Model 60 Stepping 3, GenuineIntel



---------------  S Y S T E M  ---------------

OS: Windows 10.0 , 64 bit Build 16299 (10.0.16299.15)

CPU:total 8 (initial active 8) (4 cores per cpu, 2 threads per core) family 6 model 60 stepping 3, cmov, cx8, fxsr, mmx, sse, sse2, sse3, ssse3, sse4.1, sse4.2, popcnt, avx, avx2, aes, clmul, erms, lzcnt, ht, tsc, tscinvbit, bmi1, bmi2

Memory: 4k page, physical 16663528k(2075124k free), swap 16663528k(5804k free)

vm_info: OpenJDK 64-Bit Server VM (25.152-b02) for windows-amd64 JRE (1.8.0_152-release-1024-b02), built by "builder" with MS VC++ 10.0 (VS2010)

time: Sat Sep 29 16:20:38 2018
elapsed time: 19 seconds (0d 0h 0m 19s)

