#
# There is insufficient memory for the Java Runtime Environment to continue.
# Native memory allocation (malloc) failed to allocate 163776 bytes for Chunk::new
# Possible reasons:
#   The system is out of physical RAM or swap space
#   In 32 bit mode, the process size limit was hit
# Possible solutions:
#   Reduce memory load on the system
#   Increase physical memory or swap space
#   Check if swap backing store is full
#   Use 64 bit Java on a 64 bit OS
#   Decrease Java heap size (-Xmx/-Xms)
#   Decrease number of Java threads
#   Decrease Java thread stack sizes (-Xss)
#   Set larger code cache with -XX:ReservedCodeCacheSize=
# This output file may be truncated or incomplete.
#
#  Out of Memory Error (allocation.cpp:390), pid=26352, tid=0x00000000000072f8
#
# JRE version: OpenJDK Runtime Environment (8.0_152-b02) (build 1.8.0_152-release-1024-b02)
# Java VM: OpenJDK 64-Bit Server VM (25.152-b02 mixed mode windows-amd64 compressed oops)
# Failed to write core dump. Minidumps are not enabled by default on client versions of Windows
#

---------------  T H R E A D  ---------------

Current thread (0x000000001becd800):  JavaThread "C2 CompilerThread1" daemon [_thread_in_native, id=29432, stack(0x000000001c790000,0x000000001c890000)]

Stack: [0x000000001c790000,0x000000001c890000]
[error occurred during error reporting (printing stack bounds), id 0xc0000005]

Native frames: (J=compiled Java code, j=interpreted, Vv=VM code, C=native code)


Current CompileTask:
C2:  49039 16675       4       java.lang.AbstractStringBuilder::append (54 bytes)


---------------  P R O C E S S  ---------------

Java Threads: ( => current thread )
  0x000000002276d000 JavaThread "ForkJoinPool.commonPool-worker-6" daemon [_thread_blocked, id=26588, stack(0x0000000032f00000,0x0000000033000000)]
  0x0000000022767000 JavaThread "ForkJoinPool.commonPool-worker-0" daemon [_thread_in_native, id=34460, stack(0x0000000032d00000,0x0000000032e00000)]
  0x0000000020c7a800 JavaThread "ForkJoinPool.commonPool-worker-4" daemon [_thread_blocked, id=37772, stack(0x0000000029bb0000,0x0000000029cb0000)]
  0x0000000020c81800 JavaThread "ForkJoinPool.commonPool-worker-3" daemon [_thread_blocked, id=33900, stack(0x0000000029ab0000,0x0000000029bb0000)]
  0x0000000022953800 JavaThread "Task worker for ':' Thread 7" [_thread_blocked, id=14124, stack(0x00000000295b0000,0x00000000296b0000)]
  0x0000000022953000 JavaThread "Task worker for ':' Thread 6" [_thread_blocked, id=34364, stack(0x00000000294b0000,0x00000000295b0000)]
  0x0000000022951800 JavaThread "Task worker for ':' Thread 5" [_thread_blocked, id=20208, stack(0x00000000293b0000,0x00000000294b0000)]
  0x0000000022952000 JavaThread "Task worker for ':' Thread 4" [_thread_blocked, id=34488, stack(0x00000000292b0000,0x00000000293b0000)]
  0x0000000022950800 JavaThread "Task worker for ':' Thread 3" [_thread_blocked, id=24920, stack(0x00000000291b0000,0x00000000292b0000)]
  0x0000000022949000 JavaThread "Task worker for ':' Thread 2" [_thread_blocked, id=37124, stack(0x00000000290b0000,0x00000000291b0000)]
  0x0000000022950000 JavaThread "Task worker for ':'" [_thread_blocked, id=33084, stack(0x0000000028fb0000,0x00000000290b0000)]
  0x000000002294f000 JavaThread "Cache worker for Build Output Cleanup Cache (G:\MobileWeb\.gradle\buildOutputCleanup)" [_thread_blocked, id=32252, stack(0x0000000028eb0000,0x0000000028fb0000)]
  0x000000002294e800 JavaThread "Cache worker for task history cache (G:\MobileWeb\.gradle\4.4\taskHistory)" [_thread_blocked, id=29192, stack(0x0000000028db0000,0x0000000028eb0000)]
  0x000000002294d800 JavaThread "Cache worker for file content cache (G:\MobileWeb\.gradle\4.4\fileContent)" [_thread_blocked, id=9236, stack(0x0000000028ab0000,0x0000000028bb0000)]
  0x0000000022947000 JavaThread "Memory manager" [_thread_blocked, id=26752, stack(0x0000000026be0000,0x0000000026ce0000)]
  0x0000000022944800 JavaThread "pool-1-thread-1" [_thread_blocked, id=34116, stack(0x00000000264d0000,0x00000000265d0000)]
  0x000000002294a800 JavaThread "build operations Thread 8" [_thread_blocked, id=10432, stack(0x00000000263d0000,0x00000000264d0000)]
  0x0000000022947800 JavaThread "build operations Thread 7" [_thread_blocked, id=4388, stack(0x00000000262d0000,0x00000000263d0000)]
  0x00000000219d2000 JavaThread "build operations Thread 6" [_thread_blocked, id=20768, stack(0x00000000261d0000,0x00000000262d0000)]
  0x00000000219ce000 JavaThread "build operations Thread 5" [_thread_blocked, id=31372, stack(0x00000000260d0000,0x00000000261d0000)]
  0x00000000219d1000 JavaThread "build operations Thread 4" [_thread_blocked, id=37020, stack(0x0000000025d30000,0x0000000025e30000)]
  0x00000000219cf800 JavaThread "build operations Thread 3" [_thread_blocked, id=33924, stack(0x0000000025c30000,0x0000000025d30000)]
  0x00000000219d3800 JavaThread "build operations Thread 2" [_thread_blocked, id=30740, stack(0x0000000025b30000,0x0000000025c30000)]
  0x00000000219d4000 JavaThread "build operations" [_thread_blocked, id=28196, stack(0x0000000025a30000,0x0000000025b30000)]
  0x00000000219cf000 JavaThread "Cache worker for Artifact transforms cache (C:\Users\LeGia\.gradle\caches\transforms-1)" [_thread_blocked, id=25572, stack(0x00000000234f0000,0x00000000235f0000)]
  0x000000001fae8800 JavaThread "Cache worker for file hash cache (G:\MobileWeb\.gradle\4.4\fileHashes)" [_thread_blocked, id=34804, stack(0x0000000021c30000,0x0000000021d30000)]
  0x000000001ff3e800 JavaThread "File lock request listener" [_thread_in_native, id=33516, stack(0x0000000020b60000,0x0000000020c60000)]
  0x000000001dfe2000 JavaThread "Cache worker for file hash cache (C:\Users\LeGia\.gradle\caches\4.4\fileHashes)" [_thread_blocked, id=34856, stack(0x0000000020a60000,0x0000000020b60000)]
  0x000000001dee1800 JavaThread "Stdin handler" [_thread_blocked, id=31824, stack(0x000000001f690000,0x000000001f790000)]
  0x000000001dedf000 JavaThread "Asynchronous log dispatcher for DefaultDaemonConnection: socket connection from /127.0.0.1:65215 to /127.0.0.1:65217" [_thread_blocked, id=36532, stack(0x000000001f590000,0x000000001f690000)]
  0x000000001ded9800 JavaThread "Daemon worker" [_thread_blocked, id=37180, stack(0x000000001f490000,0x000000001f590000)]
  0x000000001deef800 JavaThread "Cancel handler" [_thread_blocked, id=35220, stack(0x000000001f390000,0x000000001f490000)]
  0x000000001de4d000 JavaThread "Handler for socket connection from /127.0.0.1:65215 to /127.0.0.1:65217" [_thread_in_native, id=28360, stack(0x000000001f090000,0x000000001f190000)]
  0x000000001de4c800 JavaThread "Daemon" [_thread_blocked, id=35032, stack(0x000000001ef90000,0x000000001f090000)]
  0x000000001deb4000 JavaThread "Daemon periodic checks" [_thread_blocked, id=32712, stack(0x000000001ee90000,0x000000001ef90000)]
  0x000000001dbb7000 JavaThread "Incoming local TCP Connector on port 65215" [_thread_in_native, id=33836, stack(0x000000001e9a0000,0x000000001eaa0000)]
  0x000000001bf6a800 JavaThread "Service Thread" daemon [_thread_blocked, id=32752, stack(0x000000001ca90000,0x000000001cb90000)]
  0x000000001bed3800 JavaThread "C1 CompilerThread3" daemon [_thread_in_vm, id=32628, stack(0x000000001c990000,0x000000001ca90000)]
  0x000000001bed0000 JavaThread "C2 CompilerThread2" daemon [_thread_blocked, id=37792, stack(0x000000001c890000,0x000000001c990000)]
=>0x000000001becd800 JavaThread "C2 CompilerThread1" daemon [_thread_in_native, id=29432, stack(0x000000001c790000,0x000000001c890000)]
  0x000000001becb000 JavaThread "C2 CompilerThread0" daemon [_thread_blocked, id=3272, stack(0x000000001c690000,0x000000001c790000)]
  0x000000001beca000 JavaThread "Attach Listener" daemon [_thread_blocked, id=37660, stack(0x000000001c590000,0x000000001c690000)]
  0x000000001bec9000 JavaThread "Signal Dispatcher" daemon [_thread_blocked, id=8068, stack(0x000000001c490000,0x000000001c590000)]
  0x000000001bec0800 JavaThread "Finalizer" daemon [_thread_blocked, id=20680, stack(0x000000001c2a0000,0x000000001c3a0000)]
  0x0000000001a9a000 JavaThread "Reference Handler" daemon [_thread_blocked, id=32900, stack(0x000000001bda0000,0x000000001bea0000)]
  0x00000000019a3000 JavaThread "main" [_thread_blocked, id=26036, stack(0x0000000001870000,0x0000000001970000)]

Other Threads:
  0x0000000019fb5800 VMThread [stack: 0x000000001bca0000,0x000000001bda0000] [id=12072]
  0x000000001bf6b800 WatcherThread [stack: 0x000000001cb90000,0x000000001cc90000] [id=10592]

VM state:not at safepoint (normal execution)

VM Mutex/Monitor currently owned by a thread:  ([mutex/lock_event])
[0x0000000001b0d960] CodeCache_lock - owner thread: 0x000000001bed3800
[0x00000000019a19d0] Compile_lock - owner thread: 0x000000001bed3800
[0x00000000019a1dd0] MethodCompileQueue_lock - owner thread: 0x000000001bed3800

Heap:
 PSYoungGen      total 551424K, used 144748K [0x00000000d5580000, 0x00000000ff780000, 0x0000000100000000)
  eden space 423936K, 31% used [0x00000000d5580000,0x00000000dd8e8378,0x00000000ef380000)
  from space 127488K, 7% used [0x00000000f7b00000,0x00000000f84f2dc0,0x00000000ff780000)
  to   space 133120K, 0% used [0x00000000ef380000,0x00000000ef380000,0x00000000f7580000)
 ParOldGen       total 253440K, used 138123K [0x0000000080000000, 0x000000008f780000, 0x00000000d5580000)
  object space 253440K, 54% used [0x0000000080000000,0x00000000886e2f78,0x000000008f780000)
 Metaspace       used 68219K, capacity 71088K, committed 71680K, reserved 1112064K
  class space    used 8948K, capacity 9526K, committed 9728K, reserved 1048576K

Card table byte_map: [0x0000000014410000,0x0000000014820000] byte_map_base: 0x0000000014010000

Marking Bits: (ParMarkBitMap*) 0x0000000057f44970
 Begin Bits: [0x00000000151d0000, 0x00000000171d0000)
 End Bits:   [0x00000000171d0000, 0x00000000191d0000)

Polling page: 0x0000000001970000

CodeCache: size=245760Kb used=44752Kb max_used=44762Kb free=201007Kb
 bounds [0x0000000005410000, 0x0000000008000000, 0x0000000014410000]
 total_blobs=14580 nmethods=13785 adapters=706
 compilation: enabled

Compilation events (10 events):
Event: 49.032 Thread 0x000000001bed3800 16671       3       com.google.common.collect.ForwardingMapEntry::<init> (5 bytes)
Event: 49.032 Thread 0x000000001bed3800 nmethod 16671 0x0000000007ff3810 code [0x0000000007ff3980, 0x0000000007ff3b90]
Event: 49.032 Thread 0x000000001bed3800 16672       3       com.google.common.collect.ForwardingMapEntry::getKey (10 bytes)
Event: 49.032 Thread 0x000000001becd800 16675       4       java.lang.AbstractStringBuilder::append (54 bytes)
Event: 49.032 Thread 0x000000001bed3800 nmethod 16672 0x0000000007ff3c90 code [0x0000000007ff3e00, 0x0000000007ff40d8]
Event: 49.032 Thread 0x000000001bed3800 16673       3       com.google.common.collect.Maps$KeySet::contains (11 bytes)
Event: 49.032 Thread 0x000000001bed3800 nmethod 16673 0x0000000007ff41d0 code [0x0000000007ff4340, 0x0000000007ff45e8]
Event: 49.032 Thread 0x000000001bed3800 16674       3       com.google.common.collect.Maps$AbstractFilteredMap::containsKey (37 bytes)
Event: 49.032 Thread 0x000000001bed3800 nmethod 16674 0x0000000007ff46d0 code [0x0000000007ff4880, 0x0000000007ff4fc8]
Event: 49.033 Thread 0x000000001bed0000 nmethod 16666 0x0000000007ff8190 code [0x0000000007ff8300, 0x0000000007ff8538]

GC Heap History (10 events):
Event: 32.345 GC heap before
{Heap before GC invocations=26 (full 3):
 PSYoungGen      total 569344K, used 569322K [0x00000000d5580000, 0x0000000100000000, 0x0000000100000000)
  eden space 529920K, 100% used [0x00000000d5580000,0x00000000f5b00000,0x00000000f5b00000)
  from space 39424K, 99% used [0x00000000fd980000,0x00000000ffffa8c0,0x0000000100000000)
  to   space 84480K, 0% used [0x00000000f5b00000,0x00000000f5b00000,0x00000000fad80000)
 ParOldGen       total 249856K, used 169971K [0x0000000080000000, 0x000000008f400000, 0x00000000d5580000)
  object space 249856K, 68% used [0x0000000080000000,0x000000008a5fceb0,0x000000008f400000)
 Metaspace       used 67366K, capacity 70560K, committed 70912K, reserved 1110016K
  class space    used 8937K, capacity 9602K, committed 9728K, reserved 1048576K
Event: 32.409 GC heap after
Heap after GC invocations=26 (full 3):
 PSYoungGen      total 614400K, used 84472K [0x00000000d5580000, 0x0000000100000000, 0x0000000100000000)
  eden space 529920K, 0% used [0x00000000d5580000,0x00000000d5580000,0x00000000f5b00000)
  from space 84480K, 99% used [0x00000000f5b00000,0x00000000fad7e3b0,0x00000000fad80000)
  to   space 84480K, 0% used [0x00000000fad80000,0x00000000fad80000,0x0000000100000000)
 ParOldGen       total 249856K, used 189239K [0x0000000080000000, 0x000000008f400000, 0x00000000d5580000)
  object space 249856K, 75% used [0x0000000080000000,0x000000008b8cde58,0x000000008f400000)
 Metaspace       used 67366K, capacity 70560K, committed 70912K, reserved 1110016K
  class space    used 8937K, capacity 9602K, committed 9728K, reserved 1048576K
}
Event: 35.899 GC heap before
{Heap before GC invocations=27 (full 3):
 PSYoungGen      total 614400K, used 614392K [0x00000000d5580000, 0x0000000100000000, 0x0000000100000000)
  eden space 529920K, 100% used [0x00000000d5580000,0x00000000f5b00000,0x00000000f5b00000)
  from space 84480K, 99% used [0x00000000f5b00000,0x00000000fad7e3b0,0x00000000fad80000)
  to   space 84480K, 0% used [0x00000000fad80000,0x00000000fad80000,0x0000000100000000)
 ParOldGen       total 249856K, used 189239K [0x0000000080000000, 0x000000008f400000, 0x00000000d5580000)
  object space 249856K, 75% used [0x0000000080000000,0x000000008b8cde58,0x000000008f400000)
 Metaspace       used 67400K, capacity 70630K, committed 70912K, reserved 1110016K
  class space    used 8938K, capacity 9603K, committed 9728K, reserved 1048576K
Event: 35.991 GC heap after
Heap after GC invocations=27 (full 3):
 PSYoungGen      total 505856K, used 84450K [0x00000000d5580000, 0x0000000100000000, 0x0000000100000000)
  eden space 421376K, 0% used [0x00000000d5580000,0x00000000d5580000,0x00000000ef100000)
  from space 84480K, 99% used [0x00000000fad80000,0x00000000ffff8b78,0x0000000100000000)
  to   space 138752K, 0% used [0x00000000ef100000,0x00000000ef100000,0x00000000f7880000)
 ParOldGen       total 253440K, used 251516K [0x0000000080000000, 0x000000008f780000, 0x00000000d5580000)
  object space 253440K, 99% used [0x0000000080000000,0x000000008f59f0c8,0x000000008f780000)
 Metaspace       used 67400K, capacity 70630K, committed 70912K, reserved 1110016K
  class space    used 8938K, capacity 9603K, committed 9728K, reserved 1048576K
}
Event: 35.991 GC heap before
{Heap before GC invocations=28 (full 4):
 PSYoungGen      total 505856K, used 84450K [0x00000000d5580000, 0x0000000100000000, 0x0000000100000000)
  eden space 421376K, 0% used [0x00000000d5580000,0x00000000d5580000,0x00000000ef100000)
  from space 84480K, 99% used [0x00000000fad80000,0x00000000ffff8b78,0x0000000100000000)
  to   space 138752K, 0% used [0x00000000ef100000,0x00000000ef100000,0x00000000f7880000)
 ParOldGen       total 253440K, used 251516K [0x0000000080000000, 0x000000008f780000, 0x00000000d5580000)
  object space 253440K, 99% used [0x0000000080000000,0x000000008f59f0c8,0x000000008f780000)
 Metaspace       used 67400K, capacity 70630K, committed 70912K, reserved 1110016K
  class space    used 8938K, capacity 9603K, committed 9728K, reserved 1048576K
Event: 36.387 GC heap after
Heap after GC invocations=28 (full 4):
 PSYoungGen      total 505856K, used 0K [0x00000000d5580000, 0x0000000100000000, 0x0000000100000000)
  eden space 421376K, 0% used [0x00000000d5580000,0x00000000d5580000,0x00000000ef100000)
  from space 84480K, 0% used [0x00000000fad80000,0x00000000fad80000,0x0000000100000000)
  to   space 138752K, 0% used [0x00000000ef100000,0x00000000ef100000,0x00000000f7880000)
 ParOldGen       total 253440K, used 138107K [0x0000000080000000, 0x000000008f780000, 0x00000000d5580000)
  object space 253440K, 54% used [0x0000000080000000,0x00000000886def78,0x000000008f780000)
 Metaspace       used 67028K, capacity 69712K, committed 70912K, reserved 1110016K
  class space    used 8807K, capacity 9378K, committed 9728K, reserved 1048576K
}
Event: 43.486 GC heap before
{Heap before GC invocations=29 (full 4):
 PSYoungGen      total 505856K, used 421376K [0x00000000d5580000, 0x0000000100000000, 0x0000000100000000)
  eden space 421376K, 100% used [0x00000000d5580000,0x00000000ef100000,0x00000000ef100000)
  from space 84480K, 0% used [0x00000000fad80000,0x00000000fad80000,0x0000000100000000)
  to   space 138752K, 0% used [0x00000000ef100000,0x00000000ef100000,0x00000000f7880000)
 ParOldGen       total 253440K, used 138107K [0x0000000080000000, 0x000000008f780000, 0x00000000d5580000)
  object space 253440K, 54% used [0x0000000080000000,0x00000000886def78,0x000000008f780000)
 Metaspace       used 67540K, capacity 70386K, committed 71168K, reserved 1110016K
  class space    used 8881K, capacity 9475K, committed 9728K, reserved 1048576K
Event: 43.496 GC heap after
Heap after GC invocations=29 (full 4):
 PSYoungGen      total 560128K, used 14039K [0x00000000d5580000, 0x0000000100000000, 0x0000000100000000)
  eden space 421376K, 0% used [0x00000000d5580000,0x00000000d5580000,0x00000000ef100000)
  from space 138752K, 10% used [0x00000000ef100000,0x00000000efeb5de8,0x00000000f7880000)
  to   space 136192K, 0% used [0x00000000f7b00000,0x00000000f7b00000,0x0000000100000000)
 ParOldGen       total 253440K, used 138115K [0x0000000080000000, 0x000000008f780000, 0x00000000d5580000)
  object space 253440K, 54% used [0x0000000080000000,0x00000000886e0f78,0x000000008f780000)
 Metaspace       used 67540K, capacity 70386K, committed 71168K, reserved 1110016K
  class space    used 8881K, capacity 9475K, committed 9728K, reserved 1048576K
}
Event: 44.785 GC heap before
{Heap before GC invocations=30 (full 4):
 PSYoungGen      total 560128K, used 435204K [0x00000000d5580000, 0x0000000100000000, 0x0000000100000000)
  eden space 421376K, 99% used [0x00000000d5580000,0x00000000ef0cb328,0x00000000ef100000)
  from space 138752K, 10% used [0x00000000ef100000,0x00000000efeb5de8,0x00000000f7880000)
  to   space 136192K, 0% used [0x00000000f7b00000,0x00000000f7b00000,0x0000000100000000)
 ParOldGen       total 253440K, used 138115K [0x0000000080000000, 0x000000008f780000, 0x00000000d5580000)
  object space 253440K, 54% used [0x0000000080000000,0x00000000886e0f78,0x000000008f780000)
 Metaspace       used 67719K, capacity 70484K, committed 71168K, reserved 1110016K
  class space    used 8901K, capacity 9482K, committed 9728K, reserved 1048576K
Event: 44.793 GC heap after
Heap after GC invocations=30 (full 4):
 PSYoungGen      total 551424K, used 10187K [0x00000000d5580000, 0x00000000ff780000, 0x0000000100000000)
  eden space 423936K, 0% used [0x00000000d5580000,0x00000000d5580000,0x00000000ef380000)
  from space 127488K, 7% used [0x00000000f7b00000,0x00000000f84f2dc0,0x00000000ff780000)
  to   space 133120K, 0% used [0x00000000ef380000,0x00000000ef380000,0x00000000f7580000)
 ParOldGen       total 253440K, used 138123K [0x0000000080000000, 0x000000008f780000, 0x00000000d5580000)
  object space 253440K, 54% used [0x0000000080000000,0x00000000886e2f78,0x000000008f780000)
 Metaspace       used 67719K, capacity 70484K, committed 71168K, reserved 1110016K
  class space    used 8901K, capacity 9482K, committed 9728K, reserved 1048576K
}

Deoptimization events (10 events):
Event: 43.747 Thread 0x0000000022951800 Uncommon trap: reason=class_check action=maybe_recompile pc=0x0000000007617410 method=java.util.TreeSet.iterator()Ljava/util/Iterator; @ 4
Event: 43.747 Thread 0x0000000022951800 Uncommon trap: reason=class_check action=maybe_recompile pc=0x0000000007614950 method=java.util.TreeMap$KeySet.iterator()Ljava/util/Iterator; @ 4
Event: 44.770 Thread 0x0000000022951800 Uncommon trap: reason=class_check action=maybe_recompile pc=0x0000000007d1e168 method=com.android.apkzlib.zip.CentralDirectoryHeader.getCompressionInfoWithWait()Lcom/android/apkzlib/zip/CentralDirectoryHeaderCompressInfo; @ 4
Event: 44.770 Thread 0x0000000022951800 Uncommon trap: reason=class_check action=maybe_recompile pc=0x00000000070d01a0 method=com.android.apkzlib.zip.CentralDirectoryHeader.getCompressionInfoWithWait()Lcom/android/apkzlib/zip/CentralDirectoryHeaderCompressInfo; @ 4
Event: 44.823 Thread 0x0000000022951800 Uncommon trap: reason=unstable_if action=reinterpret pc=0x0000000006b13990 method=java.io.ObjectOutputStream$BlockDataOutputStream.writeInt(I)V @ 9
Event: 44.823 Thread 0x0000000022951800 Uncommon trap: reason=unstable_if action=reinterpret pc=0x00000000068938dc method=java.io.ObjectOutputStream$BlockDataOutputStream.writeInt(I)V @ 9
Event: 48.883 Thread 0x000000002294e800 Uncommon trap: reason=unstable_if action=reinterpret pc=0x0000000007e60850 method=java.io.BufferedOutputStream.write([BII)V @ 6
Event: 48.965 Thread 0x0000000022951800 Uncommon trap: reason=class_check action=maybe_recompile pc=0x000000000703dfd8 method=java.util.Collections$SetFromMap.add(Ljava/lang/Object;)Z @ 8
Event: 48.965 Thread 0x0000000022951800 Uncommon trap: reason=class_check action=maybe_recompile pc=0x0000000005994140 method=java.util.Collections$SetFromMap.size()I @ 4
Event: 48.999 Thread 0x0000000022767000 Uncommon trap: reason=unstable_if action=reinterpret pc=0x0000000007ed0964 method=com.android.builder.files.RelativeFile.equals(Ljava/lang/Object;)Z @ 25

Classes redefined (0 events):
No events

Internal exceptions (10 events):
Event: 32.511 Thread 0x0000000022767000 Exception <a 'sun/nio/fs/WindowsException'> (0x00000000d741a1e8) thrown at [D:\src\AOSP-openjdk-cygwin\jdk8u\hotspot\src\share\vm\prims\jni.cpp, line 709]
Event: 32.518 Thread 0x0000000022945800 Exception <a 'sun/nio/fs/WindowsException'> (0x00000000d8b512d0) thrown at [D:\src\AOSP-openjdk-cygwin\jdk8u\hotspot\src\share\vm\prims\jni.cpp, line 709]
Event: 32.584 Thread 0x0000000022771800 Exception <a 'sun/nio/fs/WindowsException'> (0x00000000db23e220) thrown at [D:\src\AOSP-openjdk-cygwin\jdk8u\hotspot\src\share\vm\prims\jni.cpp, line 709]
Event: 32.591 Thread 0x000000002276e800 Exception <a 'sun/nio/fs/WindowsException'> (0x00000000db3e0a28) thrown at [D:\src\AOSP-openjdk-cygwin\jdk8u\hotspot\src\share\vm\prims\jni.cpp, line 709]
Event: 32.776 Thread 0x0000000020c87000 Exception <a 'sun/nio/fs/WindowsException'> (0x00000000dffdf978) thrown at [D:\src\AOSP-openjdk-cygwin\jdk8u\hotspot\src\share\vm\prims\jni.cpp, line 709]
Event: 35.517 Thread 0x0000000022770000 Exception <a 'sun/nio/fs/WindowsException'> (0x00000000f2f36338) thrown at [D:\src\AOSP-openjdk-cygwin\jdk8u\hotspot\src\share\vm\prims\jni.cpp, line 709]
Event: 36.392 Thread 0x0000000022948800 Exception <a 'sun/nio/fs/WindowsException'> (0x00000000d5743608) thrown at [D:\src\AOSP-openjdk-cygwin\jdk8u\hotspot\src\share\vm\prims\jni.cpp, line 709]
Event: 36.978 Thread 0x0000000022951800 Exception <a 'java/lang/NoSuchMethodError': java.lang.Object.lambda$asRunnable$0(Lcom/android/apkzlib/utils/IOExceptionRunnable;)V> (0x00000000d727bd98) thrown at [D:\src\AOSP-openjdk-cygwin\jdk8u\hotspot\src\share\vm\interpreter\linkResolver.cpp, line 58
Event: 43.698 Thread 0x0000000022951800 Implicit null exception at 0x00000000078e2dea to 0x00000000078e2e39
Event: 43.698 Thread 0x0000000022951800 Implicit null exception at 0x000000000782d7f0 to 0x000000000782d800

Events (10 events):
Event: 49.000 loading class com/google/common/collect/Maps$AsMapView
Event: 49.000 loading class com/google/common/collect/Maps$AsMapView done
Event: 49.001 loading class com/google/common/collect/Maps$AsMapView$1EntrySetImpl
Event: 49.001 loading class com/google/common/collect/Maps$AsMapView$1EntrySetImpl done
Event: 49.001 loading class com/google/common/collect/Maps$1
Event: 49.001 loading class com/google/common/collect/Maps$1 done
Event: 49.030 loading class com/android/builder/files/FileCacheByPath
Event: 49.030 loading class com/android/builder/files/FileCacheByPath done
Event: 49.030 loading class com/android/builder/files/FileCacheByPath
Event: 49.030 loading class com/android/builder/files/FileCacheByPath done


Dynamic libraries:
0x00007ff618970000 - 0x00007ff6189a1000 	F:\Program Files (x86)\Android Studio\jre\bin\java.exe
0x00007ffc9d2d0000 - 0x00007ffc9d4b0000 	C:\WINDOWS\SYSTEM32\ntdll.dll
0x00007ffc9d1f0000 - 0x00007ffc9d29e000 	C:\WINDOWS\System32\KERNEL32.DLL
0x00007ffc9a310000 - 0x00007ffc9a576000 	C:\WINDOWS\System32\KERNELBASE.dll
0x00007ffc9a9d0000 - 0x00007ffc9aa71000 	C:\WINDOWS\System32\ADVAPI32.dll
0x00007ffc9a7a0000 - 0x00007ffc9a83d000 	C:\WINDOWS\System32\msvcrt.dll
0x00007ffc9a8c0000 - 0x00007ffc9a91b000 	C:\WINDOWS\System32\sechost.dll
0x00007ffc9d0d0000 - 0x00007ffc9d1ef000 	C:\WINDOWS\System32\RPCRT4.dll
0x00007ffc9ab50000 - 0x00007ffc9acdf000 	C:\WINDOWS\System32\USER32.dll
0x00007ffc99970000 - 0x00007ffc99990000 	C:\WINDOWS\System32\win32u.dll
0x00007ffc9ae80000 - 0x00007ffc9aea8000 	C:\WINDOWS\System32\GDI32.dll
0x00007ffc996d0000 - 0x00007ffc99863000 	C:\WINDOWS\System32\gdi32full.dll
0x00007ffc99870000 - 0x00007ffc9990b000 	C:\WINDOWS\System32\msvcp_win.dll
0x00007ffc9a160000 - 0x00007ffc9a256000 	C:\WINDOWS\System32\ucrtbase.dll
0x00007ffc92f60000 - 0x00007ffc931c9000 	C:\WINDOWS\WinSxS\amd64_microsoft.windows.common-controls_6595b64144ccf1df_6.0.16299.371_none_15c7d1789365a290\COMCTL32.dll
0x00007ffc9af00000 - 0x00007ffc9b208000 	C:\WINDOWS\System32\combase.dll
0x00007ffc9a0e0000 - 0x00007ffc9a152000 	C:\WINDOWS\System32\bcryptPrimitives.dll
0x00007ffc9aed0000 - 0x00007ffc9aefd000 	C:\WINDOWS\System32\IMM32.DLL
0x00000000574f0000 - 0x00000000575c2000 	F:\Program Files (x86)\Android Studio\jre\jre\bin\msvcr100.dll
0x0000000057780000 - 0x0000000057fbf000 	F:\Program Files (x86)\Android Studio\jre\jre\bin\server\jvm.dll
0x00007ffc9c930000 - 0x00007ffc9c938000 	C:\WINDOWS\System32\PSAPI.DLL
0x00007ffc884f0000 - 0x00007ffc884f9000 	C:\WINDOWS\SYSTEM32\WSOCK32.dll
0x00007ffc945e0000 - 0x00007ffc94603000 	C:\WINDOWS\SYSTEM32\WINMM.dll
0x00007ffc931e0000 - 0x00007ffc931ea000 	C:\WINDOWS\SYSTEM32\VERSION.dll
0x00007ffc9b480000 - 0x00007ffc9b4ec000 	C:\WINDOWS\System32\WS2_32.dll
0x00007ffc945b0000 - 0x00007ffc945da000 	C:\WINDOWS\SYSTEM32\winmmbase.dll
0x00007ffc9a750000 - 0x00007ffc9a79a000 	C:\WINDOWS\System32\cfgmgr32.dll
0x00007ffc94690000 - 0x00007ffc9469f000 	F:\Program Files (x86)\Android Studio\jre\jre\bin\verify.dll
0x00007ffc82290000 - 0x00007ffc822b9000 	F:\Program Files (x86)\Android Studio\jre\jre\bin\java.dll
0x00007ffc86050000 - 0x00007ffc86066000 	F:\Program Files (x86)\Android Studio\jre\jre\bin\zip.dll
0x00007ffc9b4f0000 - 0x00007ffc9c926000 	C:\WINDOWS\System32\SHELL32.dll
0x00007ffc9a920000 - 0x00007ffc9a9c6000 	C:\WINDOWS\System32\shcore.dll
0x00007ffc99990000 - 0x00007ffc9a0d7000 	C:\WINDOWS\System32\windows.storage.dll
0x00007ffc9a860000 - 0x00007ffc9a8b1000 	C:\WINDOWS\System32\shlwapi.dll
0x00007ffc996b0000 - 0x00007ffc996c1000 	C:\WINDOWS\System32\kernel.appcore.dll
0x00007ffc99620000 - 0x00007ffc9966c000 	C:\WINDOWS\System32\powrprof.dll
0x00007ffc99670000 - 0x00007ffc9968b000 	C:\WINDOWS\System32\profapi.dll
0x00007ffc82520000 - 0x00007ffc8253a000 	F:\Program Files (x86)\Android Studio\jre\jre\bin\net.dll
0x00007ffc98eb0000 - 0x00007ffc98f16000 	C:\WINDOWS\system32\mswsock.dll
0x00007ffc81f70000 - 0x00007ffc81f81000 	F:\Program Files (x86)\Android Studio\jre\jre\bin\nio.dll
0x00007ffc807e0000 - 0x00007ffc807fe000 	C:\Users\LeGia\.gradle\native\25\windows-amd64\native-platform.dll
0x00007ffc94110000 - 0x00007ffc9411d000 	F:\Program Files (x86)\Android Studio\jre\jre\bin\management.dll
0x00007ffc99070000 - 0x00007ffc99087000 	C:\WINDOWS\SYSTEM32\CRYPTSP.dll
0x00007ffc98ab0000 - 0x00007ffc98ae3000 	C:\WINDOWS\system32\rsaenh.dll
0x00007ffc99180000 - 0x00007ffc991a5000 	C:\WINDOWS\SYSTEM32\bcrypt.dll
0x00007ffc99520000 - 0x00007ffc99549000 	C:\WINDOWS\SYSTEM32\USERENV.dll
0x00007ffc99090000 - 0x00007ffc9909b000 	C:\WINDOWS\SYSTEM32\CRYPTBASE.dll
0x00007ffc98c40000 - 0x00007ffc98c79000 	C:\WINDOWS\SYSTEM32\IPHLPAPI.DLL
0x00007ffc9a840000 - 0x00007ffc9a848000 	C:\WINDOWS\System32\NSI.dll
0x00007ffc936c0000 - 0x00007ffc936d6000 	C:\WINDOWS\SYSTEM32\dhcpcsvc6.DLL
0x00007ffc936a0000 - 0x00007ffc936ba000 	C:\WINDOWS\SYSTEM32\dhcpcsvc.DLL
0x00007ffc98750000 - 0x00007ffc98781000 	C:\WINDOWS\SYSTEM32\ntmarta.dll

VM Arguments:
jvm_args: -XX:MaxPermSize=512m -XX:+HeapDumpOnOutOfMemoryError -Xmx2048m -Dfile.encoding=UTF-8 -Duser.country=US -Duser.language=en -Duser.variant 
java_command: org.gradle.launcher.daemon.bootstrap.GradleDaemon 4.4
java_class_path (initial): C:\Users\LeGia\.gradle\wrapper\dists\gradle-4.4-all\9br9xq1tocpiv8o6njlyu5op1\gradle-4.4\lib\gradle-launcher-4.4.jar
Launcher Type: SUN_STANDARD

Environment Variables:
JAVA_HOME=C:\Program Files\Java\jre1.8.0_161
PATH=G:\Virtual\product\12.2.0\dbhome_1\bin;C:\ProgramData\Oracle\Java\javapath;C:\Program Files (x86)\NVIDIA Corporation\PhysX\Common;C:\Program Files (x86)\Intel\iCLS Client\;C:\Program Files\Intel\iCLS Client\;C:\WINDOWS\system32;C:\WINDOWS;C:\WINDOWS\System32\Wbem;C:\WINDOWS\System32\WindowsPowerShell\v1.0\;C:\Program Files\Intel\Intel(R) Management Engine Components\DAL;C:\Program Files (x86)\Intel\Intel(R) Management Engine Components\DAL;C:\Program Files\Intel\Intel(R) Management Engine Components\IPT;C:\Program Files (x86)\Intel\Intel(R) Management Engine Components\IPT;C:\Program Files\Intel\WiFi\bin\;C:\Program Files\Common Files\Intel\WirelessCommon\;C:\Program Files (x86)\Microsoft SQL Server\100\Tools\Binn\;C:\Program Files\Microsoft SQL Server\100\Tools\Binn\;C:\Program Files\Microsoft SQL Server\100\DTS\Binn\;F:\Program Files (x86)\SQL Server 2016\130\Tools\Binn\;F:\Program Files\sql Server\130\Tools\Binn\;F:\Program Files (x86)\SQL Server 2016\130\DTS\Binn\;F:\Program Files\sql Server\130\DTS\Binn\;C:\Program Files\Java\jdk1.8.0_121\bin;C:\Program Files\dotnet\;C:\Program Files\Git\cmd;F:\wamp64\bin\php\php7.2.4;C:\ProgramData\ComposerSetup\bin;F:\Git\cmd;C:\Program Files\Java\jdk1.8.0_121\bin;F:\Heroku\bin;C:\Users\LeGia\AppData\Local\Microsoft\WindowsApps;C:\Users\LeGia\AppData\Local\GitHubDesktop\bin;C:\Users\LeGia\AppData\Roaming\Composer\vendor\bin
USERNAME=LeGia
OS=Windows_NT
PROCESSOR_IDENTIFIER=Intel64 Family 6 Model 60 Stepping 3, GenuineIntel



---------------  S Y S T E M  ---------------

OS: Windows 10.0 , 64 bit Build 16299 (10.0.16299.15)

CPU:total 8 (initial active 8) (4 cores per cpu, 2 threads per core) family 6 model 60 stepping 3, cmov, cx8, fxsr, mmx, sse, sse2, sse3, ssse3, sse4.1, sse4.2, popcnt, avx, avx2, aes, clmul, erms, lzcnt, ht, tsc, tscinvbit, bmi1, bmi2

Memory: 4k page, physical 16663528k(1747464k free), swap 16663528k(1644k free)

vm_info: OpenJDK 64-Bit Server VM (25.152-b02) for windows-amd64 JRE (1.8.0_152-release-1024-b02), built by "builder" with MS VC++ 10.0 (VS2010)

time: Sat Sep 29 16:22:30 2018
elapsed time: 49 seconds (0d 0h 0m 49s)

