#
# There is insufficient memory for the Java Runtime Environment to continue.
# Native memory allocation (malloc) failed to allocate 1060496 bytes for Chunk::new
# Possible reasons:
#   The system is out of physical RAM or swap space
#   In 32 bit mode, the process size limit was hit
# Possible solutions:
#   Reduce memory load on the system
#   Increase physical memory or swap space
#   Check if swap backing store is full
#   Use 64 bit Java on a 64 bit OS
#   Decrease Java heap size (-Xmx/-Xms)
#   Decrease number of Java threads
#   Decrease Java thread stack sizes (-Xss)
#   Set larger code cache with -XX:ReservedCodeCacheSize=
# This output file may be truncated or incomplete.
#
#  Out of Memory Error (allocation.cpp:390), pid=3048, tid=0x0000000000005b34
#
# JRE version: OpenJDK Runtime Environment (8.0_152-b02) (build 1.8.0_152-release-1024-b02)
# Java VM: OpenJDK 64-Bit Server VM (25.152-b02 mixed mode windows-amd64 compressed oops)
# Failed to write core dump. Minidumps are not enabled by default on client versions of Windows
#

---------------  T H R E A D  ---------------

Current thread (0x000000001b828800):  JavaThread "C2 CompilerThread1" daemon [_thread_in_native, id=23348, stack(0x000000001c0f0000,0x000000001c1f0000)]

Stack: [0x000000001c0f0000,0x000000001c1f0000]
[error occurred during error reporting (printing stack bounds), id 0xc0000005]

Native frames: (J=compiled Java code, j=interpreted, Vv=VM code, C=native code)


Current CompileTask:
C2:2850541 29371   !   4       com.android.ide.common.res2.DataMerger::mergeData (603 bytes)


---------------  P R O C E S S  ---------------

Java Threads: ( => current thread )
  0x000000002043e000 JavaThread "pool-36-thread-1" [_thread_blocked, id=24972, stack(0x0000000056310000,0x0000000056410000)]
  0x000000002043c800 JavaThread "stdout" daemon [_thread_in_native, id=19596, stack(0x0000000056210000,0x0000000056310000)]
  0x0000000020442800 JavaThread "stderr" daemon [_thread_in_native, id=23932, stack(0x0000000056110000,0x0000000056210000)]
  0x0000000020441800 JavaThread "stdout" daemon [_thread_in_native, id=17048, stack(0x0000000056010000,0x0000000056110000)]
  0x0000000027f25800 JavaThread "stderr" daemon [_thread_in_native, id=14308, stack(0x0000000055f10000,0x0000000056010000)]
  0x0000000027f2c800 JavaThread "queued-resource-processor_48" daemon [_thread_blocked, id=18920, stack(0x0000000055e10000,0x0000000055f10000)]
  0x0000000027f24800 JavaThread "queued-resource-processor_47" daemon [_thread_blocked, id=10624, stack(0x0000000055d10000,0x0000000055e10000)]
  0x0000000027f24000 JavaThread "queued-resource-processor_46" daemon [_thread_blocked, id=6396, stack(0x0000000055c10000,0x0000000055d10000)]
  0x0000000027f20000 JavaThread "queued-resource-processor_45" daemon [_thread_in_native, id=5216, stack(0x0000000055b10000,0x0000000055c10000)]
  0x0000000027f22800 JavaThread "queued-resource-processor_44" daemon [_thread_blocked, id=12928, stack(0x0000000055a10000,0x0000000055b10000)]
  0x0000000027f27000 JavaThread "queued-resource-processor_43" daemon [_thread_blocked, id=5180, stack(0x0000000055910000,0x0000000055a10000)]
  0x0000000027f21000 JavaThread "queued-resource-processor_42" daemon [_thread_blocked, id=20956, stack(0x0000000055810000,0x0000000055910000)]
  0x0000000027f23000 JavaThread "queued-resource-processor_41" daemon [_thread_blocked, id=29228, stack(0x0000000055710000,0x0000000055810000)]
  0x0000000020fe9000 JavaThread "Task worker for ':' Thread 7" [_thread_blocked, id=15868, stack(0x0000000055610000,0x0000000055710000)]
  0x0000000020fe7800 JavaThread "Task worker for ':' Thread 6" [_thread_blocked, id=1236, stack(0x0000000055510000,0x0000000055610000)]
  0x0000000020fec000 JavaThread "Task worker for ':' Thread 5" [_thread_blocked, id=1676, stack(0x0000000055410000,0x0000000055510000)]
  0x0000000020fe8800 JavaThread "Task worker for ':' Thread 4" [_thread_in_Java, id=15500, stack(0x0000000055310000,0x0000000055410000)]
  0x0000000020fed000 JavaThread "Task worker for ':' Thread 3" [_thread_blocked, id=10848, stack(0x0000000055210000,0x0000000055310000)]
  0x0000000020fe0000 JavaThread "Task worker for ':' Thread 2" [_thread_blocked, id=17916, stack(0x0000000055110000,0x0000000055210000)]
  0x0000000020fe1000 JavaThread "Task worker for ':'" [_thread_blocked, id=13544, stack(0x0000000055010000,0x0000000055110000)]
  0x0000000020fe7000 JavaThread "Cache worker for Build Output Cleanup Cache (G:\MobileWeb\.gradle\buildOutputCleanup)" [_thread_blocked, id=1876, stack(0x0000000054f10000,0x0000000055010000)]
  0x0000000020fe4000 JavaThread "Cache worker for task history cache (G:\MobileWeb\.gradle\4.4\taskHistory)" [_thread_blocked, id=24144, stack(0x0000000054e10000,0x0000000054f10000)]
  0x000000002184e800 JavaThread "build operations Thread 8" [_thread_blocked, id=28860, stack(0x0000000054d10000,0x0000000054e10000)]
  0x000000002184d800 JavaThread "build operations Thread 7" [_thread_blocked, id=26508, stack(0x0000000054c10000,0x0000000054d10000)]
  0x000000002184b800 JavaThread "build operations Thread 6" [_thread_blocked, id=25088, stack(0x0000000054b10000,0x0000000054c10000)]
  0x000000002184c000 JavaThread "build operations Thread 5" [_thread_blocked, id=1800, stack(0x0000000054a10000,0x0000000054b10000)]
  0x000000002184a800 JavaThread "build operations Thread 4" [_thread_blocked, id=24060, stack(0x0000000054910000,0x0000000054a10000)]
  0x000000002184a000 JavaThread "build operations Thread 3" [_thread_blocked, id=23304, stack(0x0000000054810000,0x0000000054910000)]
  0x0000000021842800 JavaThread "build operations Thread 2" [_thread_blocked, id=3628, stack(0x0000000054710000,0x0000000054810000)]
  0x0000000021845800 JavaThread "build operations" [_thread_blocked, id=19696, stack(0x0000000054610000,0x0000000054710000)]
  0x0000000021848800 JavaThread "Cache worker for Artifact transforms cache (C:\Users\LeGia\.gradle\caches\transforms-1)" [_thread_blocked, id=25268, stack(0x0000000054510000,0x0000000054610000)]
  0x0000000021847800 JavaThread "Cache worker for file hash cache (G:\MobileWeb\.gradle\4.4\fileHashes)" [_thread_blocked, id=17432, stack(0x0000000054410000,0x0000000054510000)]
  0x000000002183f800 JavaThread "Stdin handler" [_thread_blocked, id=23844, stack(0x0000000054310000,0x0000000054410000)]
  0x0000000021844800 JavaThread "Asynchronous log dispatcher for DefaultDaemonConnection: socket connection from /127.0.0.1:31288 to /127.0.0.1:36808" [_thread_blocked, id=2552, stack(0x0000000054210000,0x0000000054310000)]
  0x0000000021844000 JavaThread "Cancel handler" [_thread_blocked, id=11420, stack(0x0000000054110000,0x0000000054210000)]
  0x0000000021843000 JavaThread "Handler for socket connection from /127.0.0.1:31288 to /127.0.0.1:36808" [_thread_in_native, id=27528, stack(0x0000000054010000,0x0000000054110000)]
  0x0000000020fe4800 JavaThread "Daemon worker Thread 9" [_thread_blocked, id=26928, stack(0x0000000053310000,0x0000000053410000)]
  0x0000000020fdf800 JavaThread "Daemon Thread 9" [_thread_blocked, id=27248, stack(0x0000000053010000,0x0000000053110000)]
  0x0000000020fe1800 JavaThread "Memory manager" [_thread_blocked, id=26640, stack(0x00000000254e0000,0x00000000255e0000)]
  0x0000000020fe2800 JavaThread "pool-1-thread-1" [_thread_blocked, id=12004, stack(0x00000000251e0000,0x00000000252e0000)]
  0x000000001d7c3800 JavaThread "File lock request listener" [_thread_in_native, id=20800, stack(0x000000001f4f0000,0x000000001f5f0000)]
  0x000000001d730800 JavaThread "Cache worker for file hash cache (C:\Users\LeGia\.gradle\caches\4.4\fileHashes)" [_thread_blocked, id=14176, stack(0x000000001f3f0000,0x000000001f4f0000)]
  0x000000001d504800 JavaThread "Daemon periodic checks" [_thread_blocked, id=27596, stack(0x000000001e7f0000,0x000000001e8f0000)]
  0x000000001d61b800 JavaThread "Incoming local TCP Connector on port 31288" [_thread_in_native, id=10796, stack(0x000000001e300000,0x000000001e400000)]
  0x000000001b8d5000 JavaThread "Service Thread" daemon [_thread_blocked, id=23756, stack(0x000000001c3f0000,0x000000001c4f0000)]
  0x000000001b82e000 JavaThread "C1 CompilerThread3" daemon [_thread_blocked, id=14512, stack(0x000000001c2f0000,0x000000001c3f0000)]
  0x000000001b82b000 JavaThread "C2 CompilerThread2" daemon [_thread_in_native, id=10924, stack(0x000000001c1f0000,0x000000001c2f0000)]
=>0x000000001b828800 JavaThread "C2 CompilerThread1" daemon [_thread_in_native, id=23348, stack(0x000000001c0f0000,0x000000001c1f0000)]
  0x000000001b826000 JavaThread "C2 CompilerThread0" daemon [_thread_in_native, id=24868, stack(0x000000001bff0000,0x000000001c0f0000)]
  0x000000001b825000 JavaThread "Attach Listener" daemon [_thread_blocked, id=8996, stack(0x000000001bef0000,0x000000001bff0000)]
  0x000000001b833800 JavaThread "Signal Dispatcher" daemon [_thread_blocked, id=23784, stack(0x000000001bdf0000,0x000000001bef0000)]
  0x000000001b821800 JavaThread "Finalizer" daemon [_thread_blocked, id=6684, stack(0x000000001bc00000,0x000000001bd00000)]
  0x000000000144a000 JavaThread "Reference Handler" daemon [_thread_blocked, id=20444, stack(0x000000001b700000,0x000000001b800000)]
  0x0000000001353000 JavaThread "main" [_thread_blocked, id=2488, stack(0x0000000001160000,0x0000000001260000)]

Other Threads:
  0x00000000198f5800 VMThread [stack: 0x000000001b600000,0x000000001b700000] [id=17000]
  0x000000001b853000 WatcherThread [stack: 0x000000001c4f0000,0x000000001c5f0000] [id=2568]

VM state:not at safepoint (normal execution)

VM Mutex/Monitor currently owned by a thread: None

Heap:
 PSYoungGen      total 517120K, used 420481K [0x00000000d5580000, 0x0000000100000000, 0x0000000100000000)
  eden space 349696K, 90% used [0x00000000d5580000,0x00000000e8965068,0x00000000eab00000)
  from space 167424K, 62% used [0x00000000f5c80000,0x00000000fc33b520,0x0000000100000000)
  to   space 174592K, 0% used [0x00000000eab00000,0x00000000eab00000,0x00000000f5580000)
 ParOldGen       total 391680K, used 297320K [0x0000000080000000, 0x0000000097e80000, 0x00000000d5580000)
  object space 391680K, 75% used [0x0000000080000000,0x000000009225a150,0x0000000097e80000)
 Metaspace       used 100475K, capacity 107772K, committed 108032K, reserved 1142784K
  class space    used 12411K, capacity 13972K, committed 14080K, reserved 1048576K

Card table byte_map: [0x0000000001810000,0x0000000001c20000] byte_map_base: 0x0000000001410000

Marking Bits: (ParMarkBitMap*) 0x0000000070de4970
 Begin Bits: [0x0000000014b10000, 0x0000000016b10000)
 End Bits:   [0x0000000016b10000, 0x0000000018b10000)

Polling page: 0x0000000001120000

CodeCache: size=245760Kb used=81257Kb max_used=81269Kb free=164502Kb
 bounds [0x0000000005410000, 0x000000000a400000, 0x0000000014410000]
 total_blobs=22384 nmethods=21515 adapters=780
 compilation: enabled

Compilation events (10 events):
Event: 2850.093 Thread 0x000000001b82b000 nmethod 29374 0x0000000006f6b250 code [0x0000000006f6b380, 0x0000000006f6b3f8]
Event: 2850.093 Thread 0x000000001b82b000 29329       4       com.sun.org.apache.xerces.internal.dom.NodeImpl::isNormalized (17 bytes)
Event: 2850.094 Thread 0x000000001b82b000 nmethod 29329 0x00000000082bb750 code [0x00000000082bb880, 0x00000000082bb8f8]
Event: 2850.094 Thread 0x000000001b82b000 29355       4       com.google.common.collect.ArrayListMultimap::putAll (7 bytes)
Event: 2850.137 Thread 0x000000001b826000 nmethod 29349 0x0000000007c20750 code [0x0000000007c20b00, 0x0000000007c22a48]
Event: 2850.137 Thread 0x000000001b826000 29375       4       com.google.common.collect.AbstractMapBasedMultimap$WrappedCollection$WrappedIterator::next (14 bytes)
Event: 2850.148 Thread 0x000000001b826000 nmethod 29375 0x0000000007c25750 code [0x0000000007c25900, 0x0000000007c25fa8]
Event: 2850.148 Thread 0x000000001b826000 29344       4       com.android.ide.common.res2.ValueResourceParser2::getResource (71 bytes)
Event: 2850.184 Thread 0x000000001b82b000 nmethod 29355 0x000000000a3ecb10 code [0x000000000a3ece60, 0x000000000a3ef420]
Event: 2850.206 Thread 0x000000001b826000 nmethod 29344 0x000000000a3f3650 code [0x000000000a3f3880, 0x000000000a3f4c70]

GC Heap History (10 events):
Event: 2710.741 GC heap before
{Heap before GC invocations=54 (full 4):
 PSYoungGen      total 548864K, used 424681K [0x00000000d5580000, 0x00000000ffa80000, 0x0000000100000000)
  eden space 416256K, 100% used [0x00000000d5580000,0x00000000eec00000,0x00000000eec00000)
  from space 132608K, 6% used [0x00000000eec00000,0x00000000ef43a490,0x00000000f6d80000)
  to   space 129024K, 0% used [0x00000000f7c80000,0x00000000f7c80000,0x00000000ffa80000)
 ParOldGen       total 391680K, used 257180K [0x0000000080000000, 0x0000000097e80000, 0x00000000d5580000)
  object space 391680K, 65% used [0x0000000080000000,0x000000008fb27130,0x0000000097e80000)
 Metaspace       used 96769K, capacity 102818K, committed 103040K, reserved 1138688K
  class space    used 11991K, capacity 13315K, committed 13440K, reserved 1048576K
Event: 2710.756 GC heap after
Heap after GC invocations=54 (full 4):
 PSYoungGen      total 551936K, used 10227K [0x00000000d5580000, 0x00000000ff080000, 0x0000000100000000)
  eden space 433152K, 0% used [0x00000000d5580000,0x00000000d5580000,0x00000000efc80000)
  from space 118784K, 8% used [0x00000000f7c80000,0x00000000f867ccc8,0x00000000ff080000)
  to   space 124928K, 0% used [0x00000000efc80000,0x00000000efc80000,0x00000000f7680000)
 ParOldGen       total 391680K, used 257212K [0x0000000080000000, 0x0000000097e80000, 0x00000000d5580000)
  object space 391680K, 65% used [0x0000000080000000,0x000000008fb2f130,0x0000000097e80000)
 Metaspace       used 96769K, capacity 102818K, committed 103040K, reserved 1138688K
  class space    used 11991K, capacity 13315K, committed 13440K, reserved 1048576K
}
Event: 2716.990 GC heap before
{Heap before GC invocations=55 (full 4):
 PSYoungGen      total 551936K, used 443379K [0x00000000d5580000, 0x00000000ff080000, 0x0000000100000000)
  eden space 433152K, 100% used [0x00000000d5580000,0x00000000efc80000,0x00000000efc80000)
  from space 118784K, 8% used [0x00000000f7c80000,0x00000000f867ccc8,0x00000000ff080000)
  to   space 124928K, 0% used [0x00000000efc80000,0x00000000efc80000,0x00000000f7680000)
 ParOldGen       total 391680K, used 257212K [0x0000000080000000, 0x0000000097e80000, 0x00000000d5580000)
  object space 391680K, 65% used [0x0000000080000000,0x000000008fb2f130,0x0000000097e80000)
 Metaspace       used 97726K, capacity 103864K, committed 104064K, reserved 1140736K
  class space    used 12076K, capacity 13396K, committed 13440K, reserved 1048576K
Event: 2717.015 GC heap after
Heap after GC invocations=55 (full 4):
 PSYoungGen      total 558080K, used 43522K [0x00000000d5580000, 0x00000000ff800000, 0x0000000100000000)
  eden space 433152K, 0% used [0x00000000d5580000,0x00000000d5580000,0x00000000efc80000)
  from space 124928K, 34% used [0x00000000efc80000,0x00000000f2700b60,0x00000000f7680000)
  to   space 118784K, 0% used [0x00000000f8400000,0x00000000f8400000,0x00000000ff800000)
 ParOldGen       total 391680K, used 257276K [0x0000000080000000, 0x0000000097e80000, 0x00000000d5580000)
  object space 391680K, 65% used [0x0000000080000000,0x000000008fb3f130,0x0000000097e80000)
 Metaspace       used 97726K, capacity 103864K, committed 104064K, reserved 1140736K
  class space    used 12076K, capacity 13396K, committed 13440K, reserved 1048576K
}
Event: 2719.185 GC heap before
{Heap before GC invocations=56 (full 4):
 PSYoungGen      total 558080K, used 476674K [0x00000000d5580000, 0x00000000ff800000, 0x0000000100000000)
  eden space 433152K, 100% used [0x00000000d5580000,0x00000000efc80000,0x00000000efc80000)
  from space 124928K, 34% used [0x00000000efc80000,0x00000000f2700b60,0x00000000f7680000)
  to   space 118784K, 0% used [0x00000000f8400000,0x00000000f8400000,0x00000000ff800000)
 ParOldGen       total 391680K, used 257276K [0x0000000080000000, 0x0000000097e80000, 0x00000000d5580000)
  object space 391680K, 65% used [0x0000000080000000,0x000000008fb3f130,0x0000000097e80000)
 Metaspace       used 98472K, capacity 104680K, committed 104960K, reserved 1140736K
  class space    used 12150K, capacity 13500K, committed 13568K, reserved 1048576K
Event: 2719.276 GC heap after
Heap after GC invocations=56 (full 4):
 PSYoungGen      total 505344K, used 118752K [0x00000000d5580000, 0x0000000100000000, 0x0000000100000000)
  eden space 386560K, 0% used [0x00000000d5580000,0x00000000d5580000,0x00000000ecf00000)
  from space 118784K, 99% used [0x00000000f8400000,0x00000000ff7f83b0,0x00000000ff800000)
  to   space 156160K, 0% used [0x00000000ecf00000,0x00000000ecf00000,0x00000000f6780000)
 ParOldGen       total 391680K, used 297096K [0x0000000080000000, 0x0000000097e80000, 0x00000000d5580000)
  object space 391680K, 75% used [0x0000000080000000,0x0000000092222150,0x0000000097e80000)
 Metaspace       used 98472K, capacity 104680K, committed 104960K, reserved 1140736K
  class space    used 12150K, capacity 13500K, committed 13568K, reserved 1048576K
}
Event: 2756.602 GC heap before
{Heap before GC invocations=57 (full 4):
 PSYoungGen      total 505344K, used 505312K [0x00000000d5580000, 0x0000000100000000, 0x0000000100000000)
  eden space 386560K, 100% used [0x00000000d5580000,0x00000000ecf00000,0x00000000ecf00000)
  from space 118784K, 99% used [0x00000000f8400000,0x00000000ff7f83b0,0x00000000ff800000)
  to   space 156160K, 0% used [0x00000000ecf00000,0x00000000ecf00000,0x00000000f6780000)
 ParOldGen       total 391680K, used 297096K [0x0000000080000000, 0x0000000097e80000, 0x00000000d5580000)
  object space 391680K, 75% used [0x0000000080000000,0x0000000092222150,0x0000000097e80000)
 Metaspace       used 100262K, capacity 107564K, committed 107776K, reserved 1142784K
  class space    used 12409K, capacity 13972K, committed 14080K, reserved 1048576K
Event: 2756.708 GC heap after
Heap after GC invocations=57 (full 4):
 PSYoungGen      total 494592K, used 107773K [0x00000000d5580000, 0x0000000100000000, 0x0000000100000000)
  eden space 386560K, 0% used [0x00000000d5580000,0x00000000d5580000,0x00000000ecf00000)
  from space 108032K, 99% used [0x00000000ecf00000,0x00000000f383f5b8,0x00000000f3880000)
  to   space 167424K, 0% used [0x00000000f5c80000,0x00000000f5c80000,0x0000000100000000)
 ParOldGen       total 391680K, used 297160K [0x0000000080000000, 0x0000000097e80000, 0x00000000d5580000)
  object space 391680K, 75% used [0x0000000080000000,0x0000000092232150,0x0000000097e80000)
 Metaspace       used 100262K, capacity 107564K, committed 107776K, reserved 1142784K
  class space    used 12409K, capacity 13972K, committed 14080K, reserved 1048576K
}
Event: 2846.458 GC heap before
{Heap before GC invocations=58 (full 4):
 PSYoungGen      total 494592K, used 494333K [0x00000000d5580000, 0x0000000100000000, 0x0000000100000000)
  eden space 386560K, 100% used [0x00000000d5580000,0x00000000ecf00000,0x00000000ecf00000)
  from space 108032K, 99% used [0x00000000ecf00000,0x00000000f383f5b8,0x00000000f3880000)
  to   space 167424K, 0% used [0x00000000f5c80000,0x00000000f5c80000,0x0000000100000000)
 ParOldGen       total 391680K, used 297160K [0x0000000080000000, 0x0000000097e80000, 0x00000000d5580000)
  object space 391680K, 75% used [0x0000000080000000,0x0000000092232150,0x0000000097e80000)
 Metaspace       used 100405K, capacity 107704K, committed 108032K, reserved 1142784K
  class space    used 12409K, capacity 13972K, committed 14080K, reserved 1048576K
Event: 2846.573 GC heap after
Heap after GC invocations=58 (full 4):
 PSYoungGen      total 517120K, used 105197K [0x00000000d5580000, 0x0000000100000000, 0x0000000100000000)
  eden space 349696K, 0% used [0x00000000d5580000,0x00000000d5580000,0x00000000eab00000)
  from space 167424K, 62% used [0x00000000f5c80000,0x00000000fc33b520,0x0000000100000000)
  to   space 174592K, 0% used [0x00000000eab00000,0x00000000eab00000,0x00000000f5580000)
 ParOldGen       total 391680K, used 297320K [0x0000000080000000, 0x0000000097e80000, 0x00000000d5580000)
  object space 391680K, 75% used [0x0000000080000000,0x000000009225a150,0x0000000097e80000)
 Metaspace       used 100405K, capacity 107704K, committed 108032K, reserved 1142784K
  class space    used 12409K, capacity 13972K, committed 14080K, reserved 1048576K
}

Deoptimization events (10 events):
Event: 2754.408 Thread 0x0000000020fe4800 Uncommon trap: reason=bimorphic action=maybe_recompile pc=0x0000000009daa99c method=org.objectweb.asm.ClassReader.readField(Lorg/objectweb/asm/ClassVisitor;Lorg/objectweb/asm/Context;I)I @ 341
Event: 2754.408 Thread 0x0000000020fe4800 Uncommon trap: reason=bimorphic action=maybe_recompile pc=0x0000000009daa99c method=org.objectweb.asm.ClassReader.readField(Lorg/objectweb/asm/ClassVisitor;Lorg/objectweb/asm/Context;I)I @ 341
Event: 2754.416 Thread 0x0000000020fe4800 Uncommon trap: reason=bimorphic action=maybe_recompile pc=0x0000000009daa99c method=org.objectweb.asm.ClassReader.readField(Lorg/objectweb/asm/ClassVisitor;Lorg/objectweb/asm/Context;I)I @ 341
Event: 2755.375 Thread 0x0000000020fe4800 Uncommon trap: reason=bimorphic action=maybe_recompile pc=0x0000000009e7a280 method=com.sun.org.apache.xerces.internal.dom.AttributeMap.setNamedItem(Lorg/w3c/dom/Node;)Lorg/w3c/dom/Node; @ 43
Event: 2759.767 Thread 0x0000000020fe7000 Uncommon trap: reason=unstable_if action=reinterpret pc=0x000000000a2ddffc method=com.google.common.collect.MapMakerInternalMap$Segment.drainKeyReferenceQueue()V @ 33
Event: 2759.798 Thread 0x0000000020fe7000 Uncommon trap: reason=unstable_if action=reinterpret pc=0x000000000a2d2390 method=com.google.common.collect.MapMakerInternalMap$Segment.drainKeyReferenceQueue()V @ 33
Event: 2760.106 Thread 0x0000000021848800 Uncommon trap: reason=unstable_if action=reinterpret pc=0x0000000005d3a4a0 method=java.util.concurrent.locks.AbstractQueuedSynchronizer.doReleaseShared()V @ 24
Event: 2845.095 Thread 0x0000000020fe4800 Uncommon trap: reason=class_check action=maybe_recompile pc=0x000000000643fa40 method=org.gradle.api.internal.artifacts.ivyservice.resolveengine.projectresult.ResolvedLocalComponentsResultGraphVisitor.visitNode(Lorg/gradle/api/internal/artifacts/ivyservic
Event: 2849.987 Thread 0x0000000020fe8800 Uncommon trap: reason=unstable_if action=reinterpret pc=0x0000000009e24c00 method=com.android.ide.common.res2.ResourceMerger.filterAccept(Lcom/android/ide/common/res2/ResourceItem;)Z @ 4
Event: 2850.019 Thread 0x0000000020fe8800 Uncommon trap: reason=unstable_if action=reinterpret pc=0x0000000009e3ca98 method=com.android.ide.common.res2.ResourceMerger.filterAccept(Lcom/android/ide/common/res2/ResourceItem;)Z @ 24

Classes redefined (0 events):
No events

Internal exceptions (10 events):
Event: 2849.086 Thread 0x0000000020fe4800 Exception <a 'sun/nio/fs/WindowsException'> (0x00000000e047eda8) thrown at [D:\src\AOSP-openjdk-cygwin\jdk8u\hotspot\src\share\vm\prims\jni.cpp, line 709]
Event: 2849.086 Thread 0x0000000020fe4800 Exception <a 'sun/nio/fs/WindowsException'> (0x00000000e0481a50) thrown at [D:\src\AOSP-openjdk-cygwin\jdk8u\hotspot\src\share\vm\prims\jni.cpp, line 709]
Event: 2849.086 Thread 0x0000000020fe4800 Exception <a 'sun/nio/fs/WindowsException'> (0x00000000e0482608) thrown at [D:\src\AOSP-openjdk-cygwin\jdk8u\hotspot\src\share\vm\prims\jni.cpp, line 709]
Event: 2849.086 Thread 0x0000000020fe4800 Exception <a 'sun/nio/fs/WindowsException'> (0x00000000e0484820) thrown at [D:\src\AOSP-openjdk-cygwin\jdk8u\hotspot\src\share\vm\prims\jni.cpp, line 709]
Event: 2849.086 Thread 0x0000000020fe4800 Exception <a 'sun/nio/fs/WindowsException'> (0x00000000e04853e8) thrown at [D:\src\AOSP-openjdk-cygwin\jdk8u\hotspot\src\share\vm\prims\jni.cpp, line 709]
Event: 2849.086 Thread 0x0000000020fe4800 Exception <a 'sun/nio/fs/WindowsException'> (0x00000000e0488140) thrown at [D:\src\AOSP-openjdk-cygwin\jdk8u\hotspot\src\share\vm\prims\jni.cpp, line 709]
Event: 2849.086 Thread 0x0000000020fe4800 Exception <a 'sun/nio/fs/WindowsException'> (0x00000000e0488d08) thrown at [D:\src\AOSP-openjdk-cygwin\jdk8u\hotspot\src\share\vm\prims\jni.cpp, line 709]
Event: 2849.086 Thread 0x0000000020fe4800 Exception <a 'sun/nio/fs/WindowsException'> (0x00000000e048af48) thrown at [D:\src\AOSP-openjdk-cygwin\jdk8u\hotspot\src\share\vm\prims\jni.cpp, line 709]
Event: 2849.086 Thread 0x0000000020fe4800 Exception <a 'sun/nio/fs/WindowsException'> (0x00000000e048bb20) thrown at [D:\src\AOSP-openjdk-cygwin\jdk8u\hotspot\src\share\vm\prims\jni.cpp, line 709]
Event: 2849.987 Thread 0x0000000020fe8800 Implicit null exception at 0x0000000009e23db3 to 0x0000000009e24be9

Events (10 events):
Event: 2850.105 Thread 0x0000000027f27000 Thread added: 0x0000000027f27000
Event: 2850.105 Thread 0x0000000027f22800 Thread added: 0x0000000027f22800
Event: 2850.105 Thread 0x0000000027f20000 Thread added: 0x0000000027f20000
Event: 2850.105 Thread 0x0000000027f24000 Thread added: 0x0000000027f24000
Event: 2850.105 Thread 0x0000000027f24800 Thread added: 0x0000000027f24800
Event: 2850.105 Thread 0x0000000027f2c800 Thread added: 0x0000000027f2c800
Event: 2850.160 Thread 0x0000000027f25800 Thread added: 0x0000000027f25800
Event: 2850.160 Thread 0x0000000020441800 Thread added: 0x0000000020441800
Event: 2850.234 Thread 0x0000000020442800 Thread added: 0x0000000020442800
Event: 2850.234 Thread 0x000000002043c800 Thread added: 0x000000002043c800


Dynamic libraries:
0x00007ff6ecf80000 - 0x00007ff6ecfb1000 	F:\Program Files (x86)\Android Studio\jre\bin\java.exe
0x00007ff9eceb0000 - 0x00007ff9ed090000 	C:\WINDOWS\SYSTEM32\ntdll.dll
0x00007ff9ec730000 - 0x00007ff9ec7de000 	C:\WINDOWS\System32\KERNEL32.DLL
0x00007ff9e9480000 - 0x00007ff9e96e6000 	C:\WINDOWS\System32\KERNELBASE.dll
0x00007ff9eb0c0000 - 0x00007ff9eb161000 	C:\WINDOWS\System32\ADVAPI32.dll
0x00007ff9ea5b0000 - 0x00007ff9ea64d000 	C:\WINDOWS\System32\msvcrt.dll
0x00007ff9eaab0000 - 0x00007ff9eab0b000 	C:\WINDOWS\System32\sechost.dll
0x00007ff9eb170000 - 0x00007ff9eb28f000 	C:\WINDOWS\System32\RPCRT4.dll
0x00007ff9eaf30000 - 0x00007ff9eb0bf000 	C:\WINDOWS\System32\USER32.dll
0x00007ff9e92b0000 - 0x00007ff9e92d0000 	C:\WINDOWS\System32\win32u.dll
0x00007ff9ea780000 - 0x00007ff9ea7a8000 	C:\WINDOWS\System32\GDI32.dll
0x00007ff9ea140000 - 0x00007ff9ea2d3000 	C:\WINDOWS\System32\gdi32full.dll
0x00007ff9ea2e0000 - 0x00007ff9ea37b000 	C:\WINDOWS\System32\msvcp_win.dll
0x00007ff9e9380000 - 0x00007ff9e9476000 	C:\WINDOWS\System32\ucrtbase.dll
0x00007ff9e4f10000 - 0x00007ff9e5179000 	C:\WINDOWS\WinSxS\amd64_microsoft.windows.common-controls_6595b64144ccf1df_6.0.16299.371_none_15c7d1789365a290\COMCTL32.dll
0x00007ff9eab10000 - 0x00007ff9eae18000 	C:\WINDOWS\System32\combase.dll
0x00007ff9ea0c0000 - 0x00007ff9ea132000 	C:\WINDOWS\System32\bcryptPrimitives.dll
0x00007ff9ea920000 - 0x00007ff9ea94d000 	C:\WINDOWS\System32\IMM32.DLL
0x00000000722f0000 - 0x00000000723c2000 	F:\Program Files (x86)\Android Studio\jre\jre\bin\msvcr100.dll
0x0000000070620000 - 0x0000000070e5f000 	F:\Program Files (x86)\Android Studio\jre\jre\bin\server\jvm.dll
0x00007ff9ec860000 - 0x00007ff9ec868000 	C:\WINDOWS\System32\PSAPI.DLL
0x00007ff9e3430000 - 0x00007ff9e3453000 	C:\WINDOWS\SYSTEM32\WINMM.dll
0x00007ff9e5330000 - 0x00007ff9e533a000 	C:\WINDOWS\SYSTEM32\VERSION.dll
0x00007ff9e3400000 - 0x00007ff9e342a000 	C:\WINDOWS\SYSTEM32\winmmbase.dll
0x00007ff9e98c0000 - 0x00007ff9e990a000 	C:\WINDOWS\System32\cfgmgr32.dll
0x00007ff9d7c10000 - 0x00007ff9d7c19000 	C:\WINDOWS\SYSTEM32\WSOCK32.dll
0x00007ff9ea430000 - 0x00007ff9ea49c000 	C:\WINDOWS\System32\WS2_32.dll
0x00007ff9e5d70000 - 0x00007ff9e5d7f000 	F:\Program Files (x86)\Android Studio\jre\jre\bin\verify.dll
0x00007ff9dc110000 - 0x00007ff9dc139000 	F:\Program Files (x86)\Android Studio\jre\jre\bin\java.dll
0x00007ff9e5d30000 - 0x00007ff9e5d46000 	F:\Program Files (x86)\Android Studio\jre\jre\bin\zip.dll
0x00007ff9eb290000 - 0x00007ff9ec6c6000 	C:\WINDOWS\System32\SHELL32.dll
0x00007ff9ea380000 - 0x00007ff9ea426000 	C:\WINDOWS\System32\shcore.dll
0x00007ff9e9970000 - 0x00007ff9ea0b7000 	C:\WINDOWS\System32\windows.storage.dll
0x00007ff9ea720000 - 0x00007ff9ea771000 	C:\WINDOWS\System32\shlwapi.dll
0x00007ff9e9290000 - 0x00007ff9e92a1000 	C:\WINDOWS\System32\kernel.appcore.dll
0x00007ff9e9200000 - 0x00007ff9e924c000 	C:\WINDOWS\System32\powrprof.dll
0x00007ff9e9270000 - 0x00007ff9e928b000 	C:\WINDOWS\System32\profapi.dll
0x00007ff9e0640000 - 0x00007ff9e065a000 	F:\Program Files (x86)\Android Studio\jre\jre\bin\net.dll
0x00007ff9e8a90000 - 0x00007ff9e8af6000 	C:\WINDOWS\system32\mswsock.dll
0x00007ff9e0480000 - 0x00007ff9e0491000 	F:\Program Files (x86)\Android Studio\jre\jre\bin\nio.dll
0x00007ff9dd560000 - 0x00007ff9dd57e000 	C:\Users\LeGia\.gradle\native\25\windows-amd64\native-platform.dll
0x00007ff9e40d0000 - 0x00007ff9e40dd000 	F:\Program Files (x86)\Android Studio\jre\jre\bin\management.dll
0x00007ff9e8c50000 - 0x00007ff9e8c67000 	C:\WINDOWS\SYSTEM32\CRYPTSP.dll
0x00007ff9e8690000 - 0x00007ff9e86c3000 	C:\WINDOWS\system32\rsaenh.dll
0x00007ff9e8d60000 - 0x00007ff9e8d85000 	C:\WINDOWS\SYSTEM32\bcrypt.dll
0x00007ff9e9130000 - 0x00007ff9e9159000 	C:\WINDOWS\SYSTEM32\USERENV.dll
0x00007ff9e8c70000 - 0x00007ff9e8c7b000 	C:\WINDOWS\SYSTEM32\CRYPTBASE.dll
0x00007ff9e8820000 - 0x00007ff9e8859000 	C:\WINDOWS\SYSTEM32\IPHLPAPI.DLL
0x00007ff9ea950000 - 0x00007ff9ea958000 	C:\WINDOWS\System32\NSI.dll
0x00007ff9e5190000 - 0x00007ff9e51a6000 	C:\WINDOWS\SYSTEM32\dhcpcsvc6.DLL
0x00007ff9e4ef0000 - 0x00007ff9e4f0a000 	C:\WINDOWS\SYSTEM32\dhcpcsvc.DLL
0x00007ff9e8330000 - 0x00007ff9e8361000 	C:\WINDOWS\SYSTEM32\ntmarta.dll

VM Arguments:
jvm_args: -XX:MaxPermSize=512m -XX:+HeapDumpOnOutOfMemoryError -Xmx2048m -Dfile.encoding=UTF-8 -Duser.country=US -Duser.language=en -Duser.variant 
java_command: org.gradle.launcher.daemon.bootstrap.GradleDaemon 4.4
java_class_path (initial): C:\Users\LeGia\.gradle\wrapper\dists\gradle-4.4-all\9br9xq1tocpiv8o6njlyu5op1\gradle-4.4\lib\gradle-launcher-4.4.jar
Launcher Type: SUN_STANDARD

Environment Variables:
JAVA_HOME=C:\Program Files\Java\jre1.8.0_161
PATH=G:\Virtual\product\12.2.0\dbhome_1\bin;C:\ProgramData\Oracle\Java\javapath;C:\Program Files (x86)\NVIDIA Corporation\PhysX\Common;C:\Program Files (x86)\Intel\iCLS Client\;C:\Program Files\Intel\iCLS Client\;C:\WINDOWS\system32;C:\WINDOWS;C:\WINDOWS\System32\Wbem;C:\WINDOWS\System32\WindowsPowerShell\v1.0\;C:\Program Files\Intel\Intel(R) Management Engine Components\DAL;C:\Program Files (x86)\Intel\Intel(R) Management Engine Components\DAL;C:\Program Files\Intel\Intel(R) Management Engine Components\IPT;C:\Program Files (x86)\Intel\Intel(R) Management Engine Components\IPT;C:\Program Files\Intel\WiFi\bin\;C:\Program Files\Common Files\Intel\WirelessCommon\;C:\Program Files (x86)\Microsoft SQL Server\100\Tools\Binn\;C:\Program Files\Microsoft SQL Server\100\Tools\Binn\;C:\Program Files\Microsoft SQL Server\100\DTS\Binn\;F:\Program Files (x86)\SQL Server 2016\130\Tools\Binn\;F:\Program Files\sql Server\130\Tools\Binn\;F:\Program Files (x86)\SQL Server 2016\130\DTS\Binn\;F:\Program Files\sql Server\130\DTS\Binn\;C:\Program Files\Java\jdk1.8.0_121\bin;C:\Program Files\dotnet\;C:\Program Files\Git\cmd;F:\wamp64\bin\php\php7.2.4;C:\ProgramData\ComposerSetup\bin;F:\Git\cmd;C:\Program Files\Java\jdk1.8.0_121\bin;F:\Heroku\bin;C:\Users\LeGia\AppData\Local\Microsoft\WindowsApps;C:\Users\LeGia\AppData\Local\GitHubDesktop\bin;C:\Users\LeGia\AppData\Roaming\Composer\vendor\bin
USERNAME=LeGia
OS=Windows_NT
PROCESSOR_IDENTIFIER=Intel64 Family 6 Model 60 Stepping 3, GenuineIntel



---------------  S Y S T E M  ---------------

OS: Windows 10.0 , 64 bit Build 16299 (10.0.16299.15)

CPU:total 8 (initial active 8) (4 cores per cpu, 2 threads per core) family 6 model 60 stepping 3, cmov, cx8, fxsr, mmx, sse, sse2, sse3, ssse3, sse4.1, sse4.2, popcnt, avx, avx2, aes, clmul, erms, lzcnt, ht, tsc, tscinvbit, bmi1, bmi2

Memory: 4k page, physical 16663528k(1835032k free), swap 16663528k(9436k free)

vm_info: OpenJDK 64-Bit Server VM (25.152-b02) for windows-amd64 JRE (1.8.0_152-release-1024-b02), built by "builder" with MS VC++ 10.0 (VS2010)

time: Mon Sep 17 10:55:32 2018
elapsed time: 2850 seconds (0d 0h 47m 30s)

