#
# There is insufficient memory for the Java Runtime Environment to continue.
# Native memory allocation (malloc) failed to allocate 214016 bytes for Chunk::new
# Possible reasons:
#   The system is out of physical RAM or swap space
#   In 32 bit mode, the process size limit was hit
# Possible solutions:
#   Reduce memory load on the system
#   Increase physical memory or swap space
#   Check if swap backing store is full
#   Use 64 bit Java on a 64 bit OS
#   Decrease Java heap size (-Xmx/-Xms)
#   Decrease number of Java threads
#   Decrease Java thread stack sizes (-Xss)
#   Set larger code cache with -XX:ReservedCodeCacheSize=
# This output file may be truncated or incomplete.
#
#  Out of Memory Error (allocation.cpp:390), pid=13576, tid=0x00000000000084ac
#
# JRE version: OpenJDK Runtime Environment (8.0_152-b02) (build 1.8.0_152-release-1024-b02)
# Java VM: OpenJDK 64-Bit Server VM (25.152-b02 mixed mode windows-amd64 compressed oops)
# Failed to write core dump. Minidumps are not enabled by default on client versions of Windows
#

---------------  T H R E A D  ---------------

Current thread (0x000000001b9ec000):  JavaThread "C2 CompilerThread2" daemon [_thread_in_native, id=33964, stack(0x000000001c3b0000,0x000000001c4b0000)]

Stack: [0x000000001c3b0000,0x000000001c4b0000]
[error occurred during error reporting (printing stack bounds), id 0xc0000005]

Native frames: (J=compiled Java code, j=interpreted, Vv=VM code, C=native code)


Current CompileTask:
C2:  77528 14168       4       com.android.tools.r8.graph.JarApplicationReader::getTypeFromDescriptor (38 bytes)


---------------  P R O C E S S  ---------------

Java Threads: ( => current thread )
  0x000000001cd4e800 JavaThread "pool-6-thread-2" [_thread_blocked, id=37536, stack(0x000000002c4d0000,0x000000002c5d0000)]
  0x0000000023280800 JavaThread "pool-6-thread-1" [_thread_in_Java, id=35300, stack(0x000000002c3d0000,0x000000002c4d0000)]
  0x000000002327f800 JavaThread "pool-3-thread-2" [_thread_blocked, id=23052, stack(0x000000002c2d0000,0x000000002c3d0000)]
  0x000000002327f000 JavaThread "pool-2-thread-2" [_thread_blocked, id=31776, stack(0x000000002c1d0000,0x000000002c2d0000)]
  0x000000002327e000 JavaThread "pool-2-thread-1" [_thread_blocked, id=26564, stack(0x000000002c0d0000,0x000000002c1d0000)]
  0x0000000023276800 JavaThread "pool-4-thread-2" [_thread_blocked, id=33048, stack(0x000000002bfd0000,0x000000002c0d0000)]
  0x0000000023278000 JavaThread "pool-4-thread-1" [_thread_blocked, id=35880, stack(0x000000002bed0000,0x000000002bfd0000)]
  0x000000002327d800 JavaThread "pool-5-thread-2" [_thread_in_Java, id=37016, stack(0x000000002bdd0000,0x000000002bed0000)]
  0x000000002327c800 JavaThread "pool-5-thread-1" [_thread_in_Java, id=32344, stack(0x000000002bcd0000,0x000000002bdd0000)]
  0x0000000023277800 JavaThread "pool-3-thread-1" [_thread_blocked, id=37392, stack(0x000000002bbd0000,0x000000002bcd0000)]
  0x0000000023275000 JavaThread "ForkJoinPool.commonPool-worker-6" daemon [_thread_blocked, id=31840, stack(0x000000002b8d0000,0x000000002b9d0000)]
  0x000000002327c000 JavaThread "ForkJoinPool.commonPool-worker-5" daemon [_thread_blocked, id=28904, stack(0x000000002b7d0000,0x000000002b8d0000)]
  0x000000002327b000 JavaThread "ForkJoinPool.commonPool-worker-4" daemon [_thread_blocked, id=36012, stack(0x000000002b6d0000,0x000000002b7d0000)]
  0x0000000023274000 JavaThread "ForkJoinPool.commonPool-worker-3" daemon [_thread_blocked, id=29624, stack(0x000000002b5d0000,0x000000002b6d0000)]
  0x0000000023273800 JavaThread "ForkJoinPool.commonPool-worker-2" daemon [_thread_blocked, id=20596, stack(0x000000002b4d0000,0x000000002b5d0000)]
  0x000000002327a800 JavaThread "ForkJoinPool.commonPool-worker-1" daemon [_thread_blocked, id=36520, stack(0x000000002b3d0000,0x000000002b4d0000)]
  0x0000000023272800 JavaThread "Cache worker for Java compile cache (G:\MobileWeb\.gradle\4.4\javaCompile)" [_thread_blocked, id=31444, stack(0x000000002add0000,0x000000002aed0000)]
  0x000000001fc07800 JavaThread "Task worker for ':' Thread 7" [_thread_in_native, id=33704, stack(0x000000002a3d0000,0x000000002a4d0000)]
  0x000000001fc06800 JavaThread "Task worker for ':' Thread 6" [_thread_blocked, id=35632, stack(0x000000002a2d0000,0x000000002a3d0000)]
  0x000000001fc06000 JavaThread "Task worker for ':' Thread 5" [_thread_blocked, id=20036, stack(0x000000002a1d0000,0x000000002a2d0000)]
  0x000000001fbfe800 JavaThread "Task worker for ':' Thread 4" [_thread_blocked, id=37376, stack(0x000000002a0d0000,0x000000002a1d0000)]
  0x000000001fc05000 JavaThread "Task worker for ':' Thread 3" [_thread_blocked, id=31204, stack(0x0000000029fd0000,0x000000002a0d0000)]
  0x000000001fbfd800 JavaThread "Task worker for ':' Thread 2" [_thread_blocked, id=34628, stack(0x0000000029ed0000,0x0000000029fd0000)]
  0x000000001fc04800 JavaThread "Task worker for ':'" [_thread_blocked, id=35408, stack(0x0000000029dd0000,0x0000000029ed0000)]
  0x000000001fc03800 JavaThread "Cache worker for Build Output Cleanup Cache (G:\MobileWeb\.gradle\buildOutputCleanup)" [_thread_blocked, id=19068, stack(0x0000000029cd0000,0x0000000029dd0000)]
  0x000000001fc03000 JavaThread "Cache worker for task history cache (G:\MobileWeb\.gradle\4.4\taskHistory)" [_thread_blocked, id=33900, stack(0x0000000028b10000,0x0000000028c10000)]
  0x000000001fc02000 JavaThread "Cache worker for file content cache (G:\MobileWeb\.gradle\4.4\fileContent)" [_thread_blocked, id=37772, stack(0x0000000028540000,0x0000000028640000)]
  0x000000001fc01800 JavaThread "Memory manager" [_thread_blocked, id=29436, stack(0x00000000267a0000,0x00000000268a0000)]
  0x000000001fbff000 JavaThread "pool-1-thread-1" [_thread_blocked, id=37732, stack(0x00000000264a0000,0x00000000265a0000)]
  0x000000001fbfc000 JavaThread "build operations Thread 8" [_thread_blocked, id=29288, stack(0x0000000025fa0000,0x00000000260a0000)]
  0x0000000021741800 JavaThread "build operations Thread 7" [_thread_blocked, id=14124, stack(0x0000000025ea0000,0x0000000025fa0000)]
  0x0000000021740800 JavaThread "build operations Thread 6" [_thread_blocked, id=34256, stack(0x0000000025da0000,0x0000000025ea0000)]
  0x000000002173f000 JavaThread "build operations Thread 5" [_thread_blocked, id=33368, stack(0x0000000025ca0000,0x0000000025da0000)]
  0x000000002173c000 JavaThread "build operations Thread 4" [_thread_blocked, id=30300, stack(0x0000000025ba0000,0x0000000025ca0000)]
  0x000000002173e800 JavaThread "build operations Thread 3" [_thread_blocked, id=20208, stack(0x00000000257d0000,0x00000000258d0000)]
  0x000000002173b800 JavaThread "build operations Thread 2" [_thread_blocked, id=36396, stack(0x00000000256d0000,0x00000000257d0000)]
  0x0000000021740000 JavaThread "build operations" [_thread_blocked, id=34364, stack(0x00000000255d0000,0x00000000256d0000)]
  0x000000002173d000 JavaThread "Cache worker for Artifact transforms cache (C:\Users\LeGia\.gradle\caches\transforms-1)" [_thread_blocked, id=34488, stack(0x0000000025390000,0x0000000025490000)]
  0x000000001de49000 JavaThread "Cache worker for file hash cache (G:\MobileWeb\.gradle\4.4\fileHashes)" [_thread_blocked, id=37124, stack(0x0000000020780000,0x0000000020880000)]
  0x000000001dcef800 JavaThread "File lock request listener" [_thread_in_native, id=33084, stack(0x000000001f6b0000,0x000000001f7b0000)]
  0x000000001dbbd800 JavaThread "Cache worker for file hash cache (C:\Users\LeGia\.gradle\caches\4.4\fileHashes)" [_thread_blocked, id=32252, stack(0x000000001f5b0000,0x000000001f6b0000)]
  0x000000001daa2000 JavaThread "Asynchronous log dispatcher for DefaultDaemonConnection: socket connection from /127.0.0.1:64498 to /127.0.0.1:64499" [_thread_blocked, id=24920, stack(0x000000001f0b0000,0x000000001f1b0000)]
  0x000000001daa4000 JavaThread "Daemon worker" [_thread_blocked, id=29192, stack(0x000000001efb0000,0x000000001f0b0000)]
  0x000000001da7e000 JavaThread "Cancel handler" [_thread_blocked, id=9236, stack(0x000000001eeb0000,0x000000001efb0000)]
  0x000000001da17000 JavaThread "Handler for socket connection from /127.0.0.1:64498 to /127.0.0.1:64499" [_thread_in_native, id=12372, stack(0x000000001ebb0000,0x000000001ecb0000)]
  0x000000001da15800 JavaThread "Daemon" [_thread_blocked, id=12404, stack(0x000000001eab0000,0x000000001ebb0000)]
  0x000000001d78e000 JavaThread "Daemon periodic checks" [_thread_blocked, id=31900, stack(0x000000001e9b0000,0x000000001eab0000)]
  0x000000001d77f000 JavaThread "Incoming local TCP Connector on port 64498" [_thread_in_native, id=26752, stack(0x000000001e4c0000,0x000000001e5c0000)]
  0x000000001ba59800 JavaThread "Service Thread" daemon [_thread_blocked, id=4388, stack(0x000000001c5b0000,0x000000001c6b0000)]
  0x000000001b9fa800 JavaThread "C1 CompilerThread3" daemon [_thread_blocked, id=20768, stack(0x000000001c4b0000,0x000000001c5b0000)]
=>0x000000001b9ec000 JavaThread "C2 CompilerThread2" daemon [_thread_in_native, id=33964, stack(0x000000001c3b0000,0x000000001c4b0000)]
  0x000000001b9e9800 JavaThread "C2 CompilerThread1" daemon [_thread_in_native, id=31372, stack(0x000000001c2b0000,0x000000001c3b0000)]
  0x000000001b9e6800 JavaThread "C2 CompilerThread0" daemon [_thread_in_native, id=37020, stack(0x000000001c1b0000,0x000000001c2b0000)]
  0x000000001b9e6000 JavaThread "Attach Listener" daemon [_thread_blocked, id=33924, stack(0x000000001c0b0000,0x000000001c1b0000)]
  0x000000001b9f6000 JavaThread "Signal Dispatcher" daemon [_thread_blocked, id=30740, stack(0x000000001bfb0000,0x000000001c0b0000)]
  0x000000001b9e0800 JavaThread "Finalizer" daemon [_thread_blocked, id=34764, stack(0x000000001bdc0000,0x000000001bec0000)]
  0x000000000157a000 JavaThread "Reference Handler" daemon [_thread_blocked, id=28196, stack(0x000000001b8c0000,0x000000001b9c0000)]
  0x0000000001483000 JavaThread "main" [_thread_blocked, id=34116, stack(0x0000000001380000,0x0000000001480000)]

Other Threads:
  0x0000000019aa5800 VMThread [stack: 0x000000001b7c0000,0x000000001b8c0000] [id=25572]
  0x000000001ba5a800 WatcherThread [stack: 0x000000001c6b0000,0x000000001c7b0000] [id=10432]

VM state:not at safepoint (normal execution)

VM Mutex/Monitor currently owned by a thread: None

Heap:
 PSYoungGen      total 404480K, used 114561K [0x00000000d5580000, 0x00000000f1880000, 0x0000000100000000)
  eden space 388608K, 29% used [0x00000000d5580000,0x00000000dc5604c0,0x00000000ed100000)
  from space 15872K, 0% used [0x00000000f0900000,0x00000000f0900000,0x00000000f1880000)
  to   space 24576K, 0% used [0x00000000ee880000,0x00000000ee880000,0x00000000f0080000)
 ParOldGen       total 209408K, used 89684K [0x0000000080000000, 0x000000008cc80000, 0x00000000d5580000)
  object space 209408K, 42% used [0x0000000080000000,0x0000000085795180,0x000000008cc80000)
 Metaspace       used 74140K, capacity 76968K, committed 77312K, reserved 1116160K
  class space    used 9751K, capacity 10386K, committed 10496K, reserved 1048576K

Card table byte_map: [0x0000000001940000,0x0000000001d50000] byte_map_base: 0x0000000001540000

Marking Bits: (ParMarkBitMap*) 0x0000000057f44970
 Begin Bits: [0x0000000014cc0000, 0x0000000016cc0000)
 End Bits:   [0x0000000016cc0000, 0x0000000018cc0000)

Polling page: 0x0000000000ee0000

CodeCache: size=245760Kb used=40647Kb max_used=40678Kb free=205112Kb
 bounds [0x0000000005410000, 0x0000000007c10000, 0x0000000014410000]
 total_blobs=12186 nmethods=11350 adapters=748
 compilation: enabled

Compilation events (10 events):
Event: 77.440 Thread 0x000000001b9ec000 nmethod 14173 0x0000000007be3dd0 code [0x0000000007be3f00, 0x0000000007be3ff8]
Event: 77.440 Thread 0x000000001b9ec000 14172       4       com.android.tools.r8.ir.regalloc.LiveIntervals::requiredRegisters (8 bytes)
Event: 77.442 Thread 0x000000001b9ec000 nmethod 14172 0x0000000007be39d0 code [0x0000000007be3b20, 0x0000000007be3c38]
Event: 77.442 Thread 0x000000001b9ec000 14178       4       com.android.tools.r8.com.google.common.collect.Iterators::forArray (51 bytes)
Event: 77.445 Thread 0x000000001b9ec000 nmethod 14178 0x0000000007be3490 code [0x0000000007be35e0, 0x0000000007be3798]
Event: 77.445 Thread 0x000000001b9ec000 14180       4       com.android.tools.r8.ir.code.Instruction::getPosition (26 bytes)
Event: 77.445 Thread 0x000000001b9ec000 nmethod 14180 0x0000000007bdc890 code [0x0000000007bdc9c0, 0x0000000007bdca18]
Event: 77.445 Thread 0x000000001b9ec000 14179       4       com.android.tools.r8.ir.regalloc.LiveIntervals::getStart (43 bytes)
Event: 77.447 Thread 0x000000001b9ec000 nmethod 14179 0x0000000007be3090 code [0x0000000007be31e0, 0x0000000007be32d8]
Event: 77.447 Thread 0x000000001b9ec000 14168       4       com.android.tools.r8.graph.JarApplicationReader::getTypeFromDescriptor (38 bytes)

GC Heap History (10 events):
Event: 18.604 GC heap before
{Heap before GC invocations=12 (full 3):
 PSYoungGen      total 313344K, used 19967K [0x00000000d5580000, 0x00000000f2180000, 0x0000000100000000)
  eden space 293376K, 0% used [0x00000000d5580000,0x00000000d5580000,0x00000000e7400000)
  from space 19968K, 99% used [0x00000000e7400000,0x00000000e877fe10,0x00000000e8780000)
  to   space 25088K, 0% used [0x00000000f0900000,0x00000000f0900000,0x00000000f2180000)
 ParOldGen       total 122880K, used 28039K [0x0000000080000000, 0x0000000087800000, 0x00000000d5580000)
  object space 122880K, 22% used [0x0000000080000000,0x0000000081b61da0,0x0000000087800000)
 Metaspace       used 56951K, capacity 58922K, committed 59008K, reserved 1099776K
  class space    used 7806K, capacity 8304K, committed 8320K, reserved 1048576K
Event: 18.868 GC heap after
Heap after GC invocations=12 (full 3):
 PSYoungGen      total 313344K, used 0K [0x00000000d5580000, 0x00000000f2180000, 0x0000000100000000)
  eden space 293376K, 0% used [0x00000000d5580000,0x00000000d5580000,0x00000000e7400000)
  from space 19968K, 0% used [0x00000000e7400000,0x00000000e7400000,0x00000000e8780000)
  to   space 25088K, 0% used [0x00000000f0900000,0x00000000f0900000,0x00000000f2180000)
 ParOldGen       total 174592K, used 41339K [0x0000000080000000, 0x000000008aa80000, 0x00000000d5580000)
  object space 174592K, 23% used [0x0000000080000000,0x000000008285ef30,0x000000008aa80000)
 Metaspace       used 56951K, capacity 58922K, committed 59008K, reserved 1099776K
  class space    used 7806K, capacity 8304K, committed 8320K, reserved 1048576K
}
Event: 52.031 GC heap before
{Heap before GC invocations=13 (full 3):
 PSYoungGen      total 313344K, used 293376K [0x00000000d5580000, 0x00000000f2180000, 0x0000000100000000)
  eden space 293376K, 100% used [0x00000000d5580000,0x00000000e7400000,0x00000000e7400000)
  from space 19968K, 0% used [0x00000000e7400000,0x00000000e7400000,0x00000000e8780000)
  to   space 25088K, 0% used [0x00000000f0900000,0x00000000f0900000,0x00000000f2180000)
 ParOldGen       total 174592K, used 41339K [0x0000000080000000, 0x000000008aa80000, 0x00000000d5580000)
  object space 174592K, 23% used [0x0000000080000000,0x000000008285ef30,0x000000008aa80000)
 Metaspace       used 59745K, capacity 61816K, committed 62080K, reserved 1103872K
  class space    used 8046K, capacity 8528K, committed 8576K, reserved 1048576K
Event: 52.051 GC heap after
Heap after GC invocations=13 (full 3):
 PSYoungGen      total 404480K, used 15745K [0x00000000d5580000, 0x00000000f1880000, 0x0000000100000000)
  eden space 388608K, 0% used [0x00000000d5580000,0x00000000d5580000,0x00000000ed100000)
  from space 15872K, 99% used [0x00000000f0900000,0x00000000f1860468,0x00000000f1880000)
  to   space 24576K, 0% used [0x00000000ee880000,0x00000000ee880000,0x00000000f0080000)
 ParOldGen       total 174592K, used 41347K [0x0000000080000000, 0x000000008aa80000, 0x00000000d5580000)
  object space 174592K, 23% used [0x0000000080000000,0x0000000082860f30,0x000000008aa80000)
 Metaspace       used 59745K, capacity 61816K, committed 62080K, reserved 1103872K
  class space    used 8046K, capacity 8528K, committed 8576K, reserved 1048576K
}
Event: 60.869 GC heap before
{Heap before GC invocations=14 (full 3):
 PSYoungGen      total 404480K, used 404353K [0x00000000d5580000, 0x00000000f1880000, 0x0000000100000000)
  eden space 388608K, 100% used [0x00000000d5580000,0x00000000ed100000,0x00000000ed100000)
  from space 15872K, 99% used [0x00000000f0900000,0x00000000f1860468,0x00000000f1880000)
  to   space 24576K, 0% used [0x00000000ee880000,0x00000000ee880000,0x00000000f0080000)
 ParOldGen       total 174592K, used 41347K [0x0000000080000000, 0x000000008aa80000, 0x00000000d5580000)
  object space 174592K, 23% used [0x0000000080000000,0x0000000082860f30,0x000000008aa80000)
 Metaspace       used 65647K, capacity 67688K, committed 67968K, reserved 1107968K
  class space    used 8707K, capacity 9272K, committed 9344K, reserved 1048576K
Event: 60.986 GC heap after
Heap after GC invocations=14 (full 3):
 PSYoungGen      total 413184K, used 24574K [0x00000000d5580000, 0x00000000f1880000, 0x0000000100000000)
  eden space 388608K, 0% used [0x00000000d5580000,0x00000000d5580000,0x00000000ed100000)
  from space 24576K, 99% used [0x00000000ee880000,0x00000000f007fbe8,0x00000000f0080000)
  to   space 15872K, 0% used [0x00000000f0900000,0x00000000f0900000,0x00000000f1880000)
 ParOldGen       total 174592K, used 132212K [0x0000000080000000, 0x000000008aa80000, 0x00000000d5580000)
  object space 174592K, 75% used [0x0000000080000000,0x000000008811d2c8,0x000000008aa80000)
 Metaspace       used 65647K, capacity 67688K, committed 67968K, reserved 1107968K
  class space    used 8707K, capacity 9272K, committed 9344K, reserved 1048576K
}
Event: 73.614 GC heap before
{Heap before GC invocations=15 (full 3):
 PSYoungGen      total 413184K, used 413182K [0x00000000d5580000, 0x00000000f1880000, 0x0000000100000000)
  eden space 388608K, 100% used [0x00000000d5580000,0x00000000ed100000,0x00000000ed100000)
  from space 24576K, 99% used [0x00000000ee880000,0x00000000f007fbe8,0x00000000f0080000)
  to   space 15872K, 0% used [0x00000000f0900000,0x00000000f0900000,0x00000000f1880000)
 ParOldGen       total 174592K, used 132212K [0x0000000080000000, 0x000000008aa80000, 0x00000000d5580000)
  object space 174592K, 75% used [0x0000000080000000,0x000000008811d2c8,0x000000008aa80000)
 Metaspace       used 67837K, capacity 69954K, committed 70144K, reserved 1110016K
  class space    used 8853K, capacity 9379K, committed 9472K, reserved 1048576K
Event: 73.767 GC heap after
Heap after GC invocations=15 (full 3):
 PSYoungGen      total 404480K, used 15871K [0x00000000d5580000, 0x00000000f1880000, 0x0000000100000000)
  eden space 388608K, 0% used [0x00000000d5580000,0x00000000d5580000,0x00000000ed100000)
  from space 15872K, 99% used [0x00000000f0900000,0x00000000f187ff98,0x00000000f1880000)
  to   space 24576K, 0% used [0x00000000ee880000,0x00000000ee880000,0x00000000f0080000)
 ParOldGen       total 209408K, used 209091K [0x0000000080000000, 0x000000008cc80000, 0x00000000d5580000)
  object space 209408K, 99% used [0x0000000080000000,0x000000008cc30fd8,0x000000008cc80000)
 Metaspace       used 67837K, capacity 69954K, committed 70144K, reserved 1110016K
  class space    used 8853K, capacity 9379K, committed 9472K, reserved 1048576K
}
Event: 73.767 GC heap before
{Heap before GC invocations=16 (full 4):
 PSYoungGen      total 404480K, used 15871K [0x00000000d5580000, 0x00000000f1880000, 0x0000000100000000)
  eden space 388608K, 0% used [0x00000000d5580000,0x00000000d5580000,0x00000000ed100000)
  from space 15872K, 99% used [0x00000000f0900000,0x00000000f187ff98,0x00000000f1880000)
  to   space 24576K, 0% used [0x00000000ee880000,0x00000000ee880000,0x00000000f0080000)
 ParOldGen       total 209408K, used 209091K [0x0000000080000000, 0x000000008cc80000, 0x00000000d5580000)
  object space 209408K, 99% used [0x0000000080000000,0x000000008cc30fd8,0x000000008cc80000)
 Metaspace       used 67837K, capacity 69954K, committed 70144K, reserved 1110016K
  class space    used 8853K, capacity 9379K, committed 9472K, reserved 1048576K
Event: 73.966 GC heap after
Heap after GC invocations=16 (full 4):
 PSYoungGen      total 404480K, used 0K [0x00000000d5580000, 0x00000000f1880000, 0x0000000100000000)
  eden space 388608K, 0% used [0x00000000d5580000,0x00000000d5580000,0x00000000ed100000)
  from space 15872K, 0% used [0x00000000f0900000,0x00000000f0900000,0x00000000f1880000)
  to   space 24576K, 0% used [0x00000000ee880000,0x00000000ee880000,0x00000000f0080000)
 ParOldGen       total 209408K, used 89684K [0x0000000080000000, 0x000000008cc80000, 0x00000000d5580000)
  object space 209408K, 42% used [0x0000000080000000,0x0000000085795180,0x000000008cc80000)
 Metaspace       used 67096K, capacity 69138K, committed 70144K, reserved 1110016K
  class space    used 8779K, capacity 9275K, committed 9472K, reserved 1048576K
}

Deoptimization events (10 events):
Event: 76.780 Thread 0x000000002327d800 Uncommon trap: reason=class_check action=maybe_recompile pc=0x0000000006e9eaf0 method=java.util.concurrent.FutureTask.run()V @ 42
Event: 76.781 Thread 0x000000002327f000 Uncommon trap: reason=class_check action=maybe_recompile pc=0x0000000006e9eaf0 method=java.util.concurrent.FutureTask.run()V @ 42
Event: 76.781 Thread 0x000000002327e000 Uncommon trap: reason=class_check action=maybe_recompile pc=0x0000000006e9eaf0 method=java.util.concurrent.FutureTask.run()V @ 42
Event: 76.790 Thread 0x000000002327d800 Uncommon trap: reason=unstable_if action=reinterpret pc=0x0000000005d5c110 method=java.io.ByteArrayInputStream.read()I @ 8
Event: 76.790 Thread 0x000000002327f800 Uncommon trap: reason=unstable_if action=reinterpret pc=0x0000000005d5c110 method=java.io.ByteArrayInputStream.read()I @ 8
Event: 76.790 Thread 0x0000000023280800 Uncommon trap: reason=unstable_if action=reinterpret pc=0x0000000005d5c110 method=java.io.ByteArrayInputStream.read()I @ 8
Event: 76.823 Thread 0x000000002327e000 Uncommon trap: reason=unstable_if action=reinterpret pc=0x0000000007471b0c method=java.util.concurrent.ConcurrentHashMap.addCount(JI)V @ 97
Event: 76.837 Thread 0x000000002327f000 Uncommon trap: reason=unstable_if action=reinterpret pc=0x000000000589cccc method=java.util.concurrent.ConcurrentHashMap.transfer([Ljava/util/concurrent/ConcurrentHashMap$Node;[Ljava/util/concurrent/ConcurrentHashMap$Node;)V @ 34
Event: 76.837 Thread 0x000000002327e000 Uncommon trap: reason=unstable_if action=reinterpret pc=0x000000000589ccfc method=java.util.concurrent.ConcurrentHashMap.transfer([Ljava/util/concurrent/ConcurrentHashMap$Node;[Ljava/util/concurrent/ConcurrentHashMap$Node;)V @ 277
Event: 76.858 Thread 0x0000000023277800 Uncommon trap: reason=unstable_if action=reinterpret pc=0x0000000005899968 method=java.util.concurrent.ConcurrentHashMap.transfer([Ljava/util/concurrent/ConcurrentHashMap$Node;[Ljava/util/concurrent/ConcurrentHashMap$Node;)V @ 277

Classes redefined (0 events):
No events

Internal exceptions (10 events):
Event: 77.077 Thread 0x0000000023277800 Exception <a 'java/lang/NoSuchMethodError': java.lang.Object.lambda$comparingInt$7b0bb60$1(Ljava/util/function/ToIntFunction;Ljava/lang/Object;Ljava/lang/Object;)I> (0x00000000d936bb40) thrown at [D:\src\AOSP-openjdk-cygwin\jdk8u\hotspot\src\share\vm\inte
Event: 77.077 Thread 0x000000002327d800 Exception <a 'java/lang/NoSuchMethodError': java.lang.Object.lambda$comparingInt$7b0bb60$1(Ljava/util/function/ToIntFunction;Ljava/lang/Object;Ljava/lang/Object;)I> (0x00000000da84a4f8) thrown at [D:\src\AOSP-openjdk-cygwin\jdk8u\hotspot\src\share\vm\inte
Event: 77.083 Thread 0x000000001fc07800 Exception <a 'sun/nio/fs/WindowsException'> (0x00000000da1ee970) thrown at [D:\src\AOSP-openjdk-cygwin\jdk8u\hotspot\src\share\vm\prims\jni.cpp, line 709]
Event: 77.120 Thread 0x000000001fc07800 Exception <a 'sun/nio/fs/WindowsException'> (0x00000000da292530) thrown at [D:\src\AOSP-openjdk-cygwin\jdk8u\hotspot\src\share\vm\prims\jni.cpp, line 709]
Event: 77.150 Thread 0x000000001fc07800 Exception <a 'sun/nio/fs/WindowsException'> (0x00000000da326e30) thrown at [D:\src\AOSP-openjdk-cygwin\jdk8u\hotspot\src\share\vm\prims\jni.cpp, line 709]
Event: 77.180 Thread 0x000000001fc07800 Exception <a 'sun/nio/fs/WindowsException'> (0x00000000da3574f8) thrown at [D:\src\AOSP-openjdk-cygwin\jdk8u\hotspot\src\share\vm\prims\jni.cpp, line 709]
Event: 77.204 Thread 0x000000001fc07800 Exception <a 'sun/nio/fs/WindowsException'> (0x00000000dafe2168) thrown at [D:\src\AOSP-openjdk-cygwin\jdk8u\hotspot\src\share\vm\prims\jni.cpp, line 709]
Event: 77.226 Thread 0x000000001fc07800 Exception <a 'sun/nio/fs/WindowsException'> (0x00000000db01a540) thrown at [D:\src\AOSP-openjdk-cygwin\jdk8u\hotspot\src\share\vm\prims\jni.cpp, line 709]
Event: 77.262 Thread 0x000000001fc07800 Exception <a 'sun/nio/fs/WindowsException'> (0x00000000db04c488) thrown at [D:\src\AOSP-openjdk-cygwin\jdk8u\hotspot\src\share\vm\prims\jni.cpp, line 709]
Event: 77.365 Thread 0x000000001fc07800 Exception <a 'sun/nio/fs/WindowsException'> (0x00000000db0827f8) thrown at [D:\src\AOSP-openjdk-cygwin\jdk8u\hotspot\src\share\vm\prims\jni.cpp, line 709]

Events (10 events):
Event: 77.444 loading class com/android/tools/r8/code/MulDouble
Event: 77.444 loading class com/android/tools/r8/code/MulDouble done
Event: 77.448 loading class com/android/tools/r8/ir/code/Cmp$1
Event: 77.448 loading class com/android/tools/r8/ir/code/Cmp$1 done
Event: 77.449 loading class com/android/tools/r8/ir/code/ArithmeticBinop$1
Event: 77.449 loading class com/android/tools/r8/ir/code/ArithmeticBinop$1 done
Event: 77.454 Executing VM operation: RevokeBias
Event: 77.460 Executing VM operation: RevokeBias done
Event: 77.463 loading class com/android/tools/r8/cf/code/CfUnop
Event: 77.463 loading class com/android/tools/r8/cf/code/CfUnop done


Dynamic libraries:
0x00007ff618970000 - 0x00007ff6189a1000 	F:\Program Files (x86)\Android Studio\jre\bin\java.exe
0x00007ffc9d2d0000 - 0x00007ffc9d4b0000 	C:\WINDOWS\SYSTEM32\ntdll.dll
0x00007ffc9d1f0000 - 0x00007ffc9d29e000 	C:\WINDOWS\System32\KERNEL32.DLL
0x00007ffc9a310000 - 0x00007ffc9a576000 	C:\WINDOWS\System32\KERNELBASE.dll
0x00007ffc9a9d0000 - 0x00007ffc9aa71000 	C:\WINDOWS\System32\ADVAPI32.dll
0x00007ffc9a7a0000 - 0x00007ffc9a83d000 	C:\WINDOWS\System32\msvcrt.dll
0x00007ffc9a8c0000 - 0x00007ffc9a91b000 	C:\WINDOWS\System32\sechost.dll
0x00007ffc9d0d0000 - 0x00007ffc9d1ef000 	C:\WINDOWS\System32\RPCRT4.dll
0x00007ffc9ab50000 - 0x00007ffc9acdf000 	C:\WINDOWS\System32\USER32.dll
0x00007ffc99970000 - 0x00007ffc99990000 	C:\WINDOWS\System32\win32u.dll
0x00007ffc9ae80000 - 0x00007ffc9aea8000 	C:\WINDOWS\System32\GDI32.dll
0x00007ffc996d0000 - 0x00007ffc99863000 	C:\WINDOWS\System32\gdi32full.dll
0x00007ffc99870000 - 0x00007ffc9990b000 	C:\WINDOWS\System32\msvcp_win.dll
0x00007ffc9a160000 - 0x00007ffc9a256000 	C:\WINDOWS\System32\ucrtbase.dll
0x00007ffc92f60000 - 0x00007ffc931c9000 	C:\WINDOWS\WinSxS\amd64_microsoft.windows.common-controls_6595b64144ccf1df_6.0.16299.371_none_15c7d1789365a290\COMCTL32.dll
0x00007ffc9af00000 - 0x00007ffc9b208000 	C:\WINDOWS\System32\combase.dll
0x00007ffc9a0e0000 - 0x00007ffc9a152000 	C:\WINDOWS\System32\bcryptPrimitives.dll
0x00007ffc9aed0000 - 0x00007ffc9aefd000 	C:\WINDOWS\System32\IMM32.DLL
0x00000000574f0000 - 0x00000000575c2000 	F:\Program Files (x86)\Android Studio\jre\jre\bin\msvcr100.dll
0x0000000057780000 - 0x0000000057fbf000 	F:\Program Files (x86)\Android Studio\jre\jre\bin\server\jvm.dll
0x00007ffc9c930000 - 0x00007ffc9c938000 	C:\WINDOWS\System32\PSAPI.DLL
0x00007ffc931e0000 - 0x00007ffc931ea000 	C:\WINDOWS\SYSTEM32\VERSION.dll
0x00007ffc945e0000 - 0x00007ffc94603000 	C:\WINDOWS\SYSTEM32\WINMM.dll
0x00007ffc884f0000 - 0x00007ffc884f9000 	C:\WINDOWS\SYSTEM32\WSOCK32.dll
0x00007ffc9b480000 - 0x00007ffc9b4ec000 	C:\WINDOWS\System32\WS2_32.dll
0x00007ffc945b0000 - 0x00007ffc945da000 	C:\WINDOWS\SYSTEM32\WINMMBASE.dll
0x00007ffc9a750000 - 0x00007ffc9a79a000 	C:\WINDOWS\System32\cfgmgr32.dll
0x00007ffc94690000 - 0x00007ffc9469f000 	F:\Program Files (x86)\Android Studio\jre\jre\bin\verify.dll
0x00007ffc82290000 - 0x00007ffc822b9000 	F:\Program Files (x86)\Android Studio\jre\jre\bin\java.dll
0x00007ffc86050000 - 0x00007ffc86066000 	F:\Program Files (x86)\Android Studio\jre\jre\bin\zip.dll
0x00007ffc9b4f0000 - 0x00007ffc9c926000 	C:\WINDOWS\System32\SHELL32.dll
0x00007ffc9a920000 - 0x00007ffc9a9c6000 	C:\WINDOWS\System32\shcore.dll
0x00007ffc99990000 - 0x00007ffc9a0d7000 	C:\WINDOWS\System32\windows.storage.dll
0x00007ffc9a860000 - 0x00007ffc9a8b1000 	C:\WINDOWS\System32\shlwapi.dll
0x00007ffc996b0000 - 0x00007ffc996c1000 	C:\WINDOWS\System32\kernel.appcore.dll
0x00007ffc99620000 - 0x00007ffc9966c000 	C:\WINDOWS\System32\powrprof.dll
0x00007ffc99670000 - 0x00007ffc9968b000 	C:\WINDOWS\System32\profapi.dll
0x00007ffc82520000 - 0x00007ffc8253a000 	F:\Program Files (x86)\Android Studio\jre\jre\bin\net.dll
0x00007ffc98eb0000 - 0x00007ffc98f16000 	C:\WINDOWS\system32\mswsock.dll
0x00007ffc81f70000 - 0x00007ffc81f81000 	F:\Program Files (x86)\Android Studio\jre\jre\bin\nio.dll
0x00007ffc807e0000 - 0x00007ffc807fe000 	C:\Users\LeGia\.gradle\native\25\windows-amd64\native-platform.dll
0x00007ffc94110000 - 0x00007ffc9411d000 	F:\Program Files (x86)\Android Studio\jre\jre\bin\management.dll
0x00007ffc99070000 - 0x00007ffc99087000 	C:\WINDOWS\SYSTEM32\CRYPTSP.dll
0x00007ffc98ab0000 - 0x00007ffc98ae3000 	C:\WINDOWS\system32\rsaenh.dll
0x00007ffc99180000 - 0x00007ffc991a5000 	C:\WINDOWS\SYSTEM32\bcrypt.dll
0x00007ffc99520000 - 0x00007ffc99549000 	C:\WINDOWS\SYSTEM32\USERENV.dll
0x00007ffc99090000 - 0x00007ffc9909b000 	C:\WINDOWS\SYSTEM32\CRYPTBASE.dll
0x00007ffc98c40000 - 0x00007ffc98c79000 	C:\WINDOWS\SYSTEM32\IPHLPAPI.DLL
0x00007ffc9a840000 - 0x00007ffc9a848000 	C:\WINDOWS\System32\NSI.dll
0x00007ffc936c0000 - 0x00007ffc936d6000 	C:\WINDOWS\SYSTEM32\dhcpcsvc6.DLL
0x00007ffc936a0000 - 0x00007ffc936ba000 	C:\WINDOWS\SYSTEM32\dhcpcsvc.DLL
0x00007ffc80940000 - 0x00007ffc80964000 	F:\Program Files (x86)\Android Studio\jre\jre\bin\sunec.dll
0x00007ffc98c80000 - 0x00007ffc98d36000 	C:\WINDOWS\SYSTEM32\DNSAPI.dll
0x000000005ac50000 - 0x000000005ac76000 	C:\Program Files\Bonjour\mdnsNSP.dll
0x00007ffc91c20000 - 0x00007ffc91c2a000 	C:\Windows\System32\rasadhlp.dll
0x00007ffc91ce0000 - 0x00007ffc91d50000 	C:\WINDOWS\System32\fwpuclnt.dll
0x00007ffc8cb20000 - 0x00007ffc8cb2b000 	F:\Program Files (x86)\Android Studio\jre\jre\bin\sunmscapi.dll
0x00007ffc9a580000 - 0x00007ffc9a74e000 	C:\WINDOWS\System32\CRYPT32.dll
0x00007ffc99690000 - 0x00007ffc996a2000 	C:\WINDOWS\System32\MSASN1.dll
0x00007ffc98750000 - 0x00007ffc98781000 	C:\WINDOWS\SYSTEM32\ntmarta.dll

VM Arguments:
jvm_args: -XX:MaxPermSize=512m -XX:+HeapDumpOnOutOfMemoryError -Xmx2048m -Dfile.encoding=UTF-8 -Duser.country=US -Duser.language=en -Duser.variant 
java_command: org.gradle.launcher.daemon.bootstrap.GradleDaemon 4.4
java_class_path (initial): C:\Users\LeGia\.gradle\wrapper\dists\gradle-4.4-all\9br9xq1tocpiv8o6njlyu5op1\gradle-4.4\lib\gradle-launcher-4.4.jar
Launcher Type: SUN_STANDARD

Environment Variables:
JAVA_HOME=C:\Program Files\Java\jre1.8.0_161
PATH=G:\Virtual\product\12.2.0\dbhome_1\bin;C:\ProgramData\Oracle\Java\javapath;C:\Program Files (x86)\NVIDIA Corporation\PhysX\Common;C:\Program Files (x86)\Intel\iCLS Client\;C:\Program Files\Intel\iCLS Client\;C:\WINDOWS\system32;C:\WINDOWS;C:\WINDOWS\System32\Wbem;C:\WINDOWS\System32\WindowsPowerShell\v1.0\;C:\Program Files\Intel\Intel(R) Management Engine Components\DAL;C:\Program Files (x86)\Intel\Intel(R) Management Engine Components\DAL;C:\Program Files\Intel\Intel(R) Management Engine Components\IPT;C:\Program Files (x86)\Intel\Intel(R) Management Engine Components\IPT;C:\Program Files\Intel\WiFi\bin\;C:\Program Files\Common Files\Intel\WirelessCommon\;C:\Program Files (x86)\Microsoft SQL Server\100\Tools\Binn\;C:\Program Files\Microsoft SQL Server\100\Tools\Binn\;C:\Program Files\Microsoft SQL Server\100\DTS\Binn\;F:\Program Files (x86)\SQL Server 2016\130\Tools\Binn\;F:\Program Files\sql Server\130\Tools\Binn\;F:\Program Files (x86)\SQL Server 2016\130\DTS\Binn\;F:\Program Files\sql Server\130\DTS\Binn\;C:\Program Files\Java\jdk1.8.0_121\bin;C:\Program Files\dotnet\;C:\Program Files\Git\cmd;F:\wamp64\bin\php\php7.2.4;C:\ProgramData\ComposerSetup\bin;F:\Git\cmd;C:\Program Files\Java\jdk1.8.0_121\bin;F:\Heroku\bin;C:\Users\LeGia\AppData\Local\Microsoft\WindowsApps;C:\Users\LeGia\AppData\Local\GitHubDesktop\bin;C:\Users\LeGia\AppData\Roaming\Composer\vendor\bin
USERNAME=LeGia
OS=Windows_NT
PROCESSOR_IDENTIFIER=Intel64 Family 6 Model 60 Stepping 3, GenuineIntel



---------------  S Y S T E M  ---------------

OS: Windows 10.0 , 64 bit Build 16299 (10.0.16299.15)

CPU:total 8 (initial active 8) (4 cores per cpu, 2 threads per core) family 6 model 60 stepping 3, cmov, cx8, fxsr, mmx, sse, sse2, sse3, ssse3, sse4.1, sse4.2, popcnt, avx, avx2, aes, clmul, erms, lzcnt, ht, tsc, tscinvbit, bmi1, bmi2

Memory: 4k page, physical 16663528k(1831276k free), swap 16663528k(10148k free)

vm_info: OpenJDK 64-Bit Server VM (25.152-b02) for windows-amd64 JRE (1.8.0_152-release-1024-b02), built by "builder" with MS VC++ 10.0 (VS2010)

time: Sat Sep 29 16:19:44 2018
elapsed time: 77 seconds (0d 0h 1m 17s)

