#
# There is insufficient memory for the Java Runtime Environment to continue.
# Native memory allocation (malloc) failed to allocate 758816 bytes for Chunk::new
# Possible reasons:
#   The system is out of physical RAM or swap space
#   In 32 bit mode, the process size limit was hit
# Possible solutions:
#   Reduce memory load on the system
#   Increase physical memory or swap space
#   Check if swap backing store is full
#   Use 64 bit Java on a 64 bit OS
#   Decrease Java heap size (-Xmx/-Xms)
#   Decrease number of Java threads
#   Decrease Java thread stack sizes (-Xss)
#   Set larger code cache with -XX:ReservedCodeCacheSize=
# This output file may be truncated or incomplete.
#
#  Out of Memory Error (allocation.cpp:390), pid=8012, tid=0x0000000000002b04
#
# JRE version: OpenJDK Runtime Environment (8.0_152-b02) (build 1.8.0_152-release-1024-b02)
# Java VM: OpenJDK 64-Bit Server VM (25.152-b02 mixed mode windows-amd64 compressed oops)
# Failed to write core dump. Minidumps are not enabled by default on client versions of Windows
#

---------------  T H R E A D  ---------------

Current thread (0x000000001bbac800):  JavaThread "C2 CompilerThread0" daemon [_thread_in_native, id=11012, stack(0x000000001c280000,0x000000001c380000)]

Stack: [0x000000001c280000,0x000000001c380000]
[error occurred during error reporting (printing stack bounds), id 0xc0000005]

Native frames: (J=compiled Java code, j=interpreted, Vv=VM code, C=native code)


Current CompileTask:
C2:  40099 7958       4       java.io.ObjectOutputStream::writeClassDesc (60 bytes)


---------------  P R O C E S S  ---------------

Java Threads: ( => current thread )
  0x000000001dab8000 JavaThread "Memory manager" [_thread_blocked, id=6208, stack(0x0000000026780000,0x0000000026880000)]
  0x000000001dab7800 JavaThread "pool-1-thread-1" [_thread_blocked, id=21560, stack(0x0000000026330000,0x0000000026430000)]
  0x000000001dabc000 JavaThread "build operations Thread 8" [_thread_blocked, id=17616, stack(0x0000000026030000,0x0000000026130000)]
  0x000000001dabd800 JavaThread "build operations Thread 7" [_thread_blocked, id=16536, stack(0x0000000025f30000,0x0000000026030000)]
  0x000000001dabb000 JavaThread "build operations Thread 6" [_thread_blocked, id=3268, stack(0x0000000025e30000,0x0000000025f30000)]
  0x000000001dabe000 JavaThread "build operations Thread 5" [_thread_blocked, id=9044, stack(0x0000000025d30000,0x0000000025e30000)]
  0x000000001dab9800 JavaThread "build operations Thread 4" [_thread_blocked, id=3456, stack(0x0000000025c30000,0x0000000025d30000)]
  0x000000001d293800 JavaThread "build operations Thread 3" [_thread_blocked, id=17804, stack(0x00000000258e0000,0x00000000259e0000)]
  0x000000001d292000 JavaThread "build operations Thread 2" [_thread_blocked, id=23452, stack(0x0000000025320000,0x0000000025420000)]
  0x000000001d291000 JavaThread "build operations" [_thread_blocked, id=23316, stack(0x0000000022df0000,0x0000000022ef0000)]
  0x000000001d28f000 JavaThread "Cache worker for Artifact transforms cache (C:\Users\LeGia\.gradle\caches\transforms-1)" [_thread_blocked, id=948, stack(0x0000000022cf0000,0x0000000022df0000)]
  0x000000001f915800 JavaThread "Cache worker for file hash cache (G:\MobileWeb\.gradle\4.4\fileHashes)" [_thread_blocked, id=2672, stack(0x0000000020850000,0x0000000020950000)]
  0x000000001dbff000 JavaThread "File lock request listener" [_thread_in_native, id=6588, stack(0x000000001f780000,0x000000001f880000)]
  0x000000001db46000 JavaThread "Cache worker for file hash cache (C:\Users\LeGia\.gradle\caches\4.4\fileHashes)" [_thread_blocked, id=13600, stack(0x000000001f680000,0x000000001f780000)]
  0x000000001dbfe800 JavaThread "Stdin handler" [_thread_blocked, id=20560, stack(0x000000001f280000,0x000000001f380000)]
  0x000000001d8f3000 JavaThread "Asynchronous log dispatcher for DefaultDaemonConnection: socket connection from /127.0.0.1:29642 to /127.0.0.1:29645" [_thread_blocked, id=16088, stack(0x000000001f180000,0x000000001f280000)]
  0x000000001d8f8000 JavaThread "Daemon worker" [_thread_in_native, id=15284, stack(0x000000001f080000,0x000000001f180000)]
  0x000000001d8f6000 JavaThread "Cancel handler" [_thread_blocked, id=13812, stack(0x000000001ef80000,0x000000001f080000)]
  0x000000001dbe1000 JavaThread "Handler for socket connection from /127.0.0.1:29642 to /127.0.0.1:29645" [_thread_in_native, id=9184, stack(0x000000001ec80000,0x000000001ed80000)]
  0x000000001dbe0000 JavaThread "Daemon" [_thread_blocked, id=20752, stack(0x000000001eb80000,0x000000001ec80000)]
  0x000000001dbb0000 JavaThread "Daemon periodic checks" [_thread_blocked, id=23084, stack(0x000000001ea80000,0x000000001eb80000)]
  0x000000001da37000 JavaThread "Incoming local TCP Connector on port 29642" [_thread_in_native, id=22916, stack(0x000000001e590000,0x000000001e690000)]
  0x000000001bbd4800 JavaThread "Service Thread" daemon [_thread_blocked, id=22588, stack(0x000000001c680000,0x000000001c780000)]
  0x000000001bbbf000 JavaThread "C1 CompilerThread3" daemon [_thread_blocked, id=1768, stack(0x000000001c580000,0x000000001c680000)]
  0x000000001bbb1800 JavaThread "C2 CompilerThread2" daemon [_thread_blocked, id=20984, stack(0x000000001c480000,0x000000001c580000)]
  0x000000001bbaf800 JavaThread "C2 CompilerThread1" daemon [_thread_blocked, id=8532, stack(0x000000001c380000,0x000000001c480000)]
=>0x000000001bbac800 JavaThread "C2 CompilerThread0" daemon [_thread_in_native, id=11012, stack(0x000000001c280000,0x000000001c380000)]
  0x000000001bbab000 JavaThread "Attach Listener" daemon [_thread_blocked, id=22120, stack(0x000000001c180000,0x000000001c280000)]
  0x000000001bba8000 JavaThread "Signal Dispatcher" daemon [_thread_blocked, id=22644, stack(0x000000001c080000,0x000000001c180000)]
  0x000000001bba0800 JavaThread "Finalizer" daemon [_thread_blocked, id=18208, stack(0x000000001bf80000,0x000000001c080000)]
  0x000000000179a000 JavaThread "Reference Handler" daemon [_thread_blocked, id=19024, stack(0x000000001ba80000,0x000000001bb80000)]
  0x00000000016a3800 JavaThread "main" [_thread_blocked, id=8196, stack(0x00000000014a0000,0x00000000015a0000)]

Other Threads:
  0x0000000019ca5800 VMThread [stack: 0x000000001b980000,0x000000001ba80000] [id=23376]
  0x000000001bbd5800 WatcherThread [stack: 0x000000001c780000,0x000000001c880000] [id=23096]

VM state:not at safepoint (normal execution)

VM Mutex/Monitor currently owned by a thread: None

Heap:
 PSYoungGen      total 133632K, used 56971K [0x00000000d5580000, 0x00000000e0700000, 0x0000000100000000)
  eden space 119296K, 47% used [0x00000000d5580000,0x00000000d8d22e50,0x00000000dca00000)
  from space 14336K, 0% used [0x00000000dca00000,0x00000000dca00000,0x00000000dd800000)
  to   space 16384K, 0% used [0x00000000df700000,0x00000000df700000,0x00000000e0700000)
 ParOldGen       total 194048K, used 51471K [0x0000000080000000, 0x000000008bd80000, 0x00000000d5580000)
  object space 194048K, 26% used [0x0000000080000000,0x0000000083243c98,0x000000008bd80000)
 Metaspace       used 60330K, capacity 62600K, committed 62680K, reserved 1103872K
  class space    used 8300K, capacity 8880K, committed 8920K, reserved 1048576K

Card table byte_map: [0x0000000001b60000,0x0000000001f70000] byte_map_base: 0x0000000001760000

Marking Bits: (ParMarkBitMap*) 0x0000000073884970
 Begin Bits: [0x0000000014ec0000, 0x0000000016ec0000)
 End Bits:   [0x0000000016ec0000, 0x0000000018ec0000)

Polling page: 0x0000000000b50000

CodeCache: size=245760Kb used=24367Kb max_used=25192Kb free=221392Kb
 bounds [0x0000000005410000, 0x0000000006cd0000, 0x0000000014410000]
 total_blobs=7780 nmethods=6993 adapters=700
 compilation: enabled

Compilation events (10 events):
Event: 39.886 Thread 0x000000001bbbf000 nmethod 7954 0x000000000599b910 code [0x000000000599baa0, 0x000000000599be08]
Event: 39.886 Thread 0x000000001bbbf000 7955       3       com.sun.org.apache.xerces.internal.impl.dtd.XMLDTDProcessor::getPropertyDefault (36 bytes)
Event: 39.887 Thread 0x000000001bbbf000 nmethod 7955 0x0000000005a1df10 code [0x0000000005a1e0a0, 0x0000000005a1e408]
Event: 39.887 Thread 0x000000001bbbf000 7956       3       com.sun.org.apache.xerces.internal.impl.dtd.XMLEntityDecl::<init> (5 bytes)
Event: 39.887 Thread 0x000000001bbbf000 nmethod 7956 0x0000000005e58f90 code [0x0000000005e590e0, 0x0000000005e59290]
Event: 39.991 Thread 0x000000001bbbf000 7957       3       java.text.DigitList::append (59 bytes)
Event: 39.991 Thread 0x000000001bbac800 7958       4       java.io.ObjectOutputStream::writeClassDesc (60 bytes)
Event: 39.992 Thread 0x000000001bbbf000 nmethod 7957 0x0000000005d62cd0 code [0x0000000005d62e40, 0x0000000005d63188]
Event: 39.996 Thread 0x000000001bbb1800 7959       4       java.lang.System::getProperty (25 bytes)
Event: 40.003 Thread 0x000000001bbb1800 nmethod 7959 0x0000000005b85590 code [0x0000000005b85700, 0x0000000005b85e98]

GC Heap History (10 events):
Event: 16.195 GC heap before
{Heap before GC invocations=10 (full 2):
 PSYoungGen      total 101376K, used 96800K [0x00000000d5580000, 0x00000000de680000, 0x0000000100000000)
  eden space 87552K, 100% used [0x00000000d5580000,0x00000000dab00000,0x00000000dab00000)
  from space 13824K, 66% used [0x00000000dab00000,0x00000000db4083c8,0x00000000db880000)
  to   space 13312K, 0% used [0x00000000dd980000,0x00000000dd980000,0x00000000de680000)
 ParOldGen       total 194048K, used 19884K [0x0000000080000000, 0x000000008bd80000, 0x00000000d5580000)
  object space 194048K, 10% used [0x0000000080000000,0x000000008136b080,0x000000008bd80000)
 Metaspace       used 42851K, capacity 44104K, committed 44248K, reserved 1087488K
  class space    used 5890K, capacity 6256K, committed 6360K, reserved 1048576K
Event: 16.201 GC heap after
Heap after GC invocations=10 (full 2):
 PSYoungGen      total 132096K, used 12233K [0x00000000d5580000, 0x00000000de600000, 0x0000000100000000)
  eden space 119296K, 0% used [0x00000000d5580000,0x00000000d5580000,0x00000000dca00000)
  from space 12800K, 95% used [0x00000000dd980000,0x00000000de5724e8,0x00000000de600000)
  to   space 14336K, 0% used [0x00000000dca00000,0x00000000dca00000,0x00000000dd800000)
 ParOldGen       total 194048K, used 19892K [0x0000000080000000, 0x000000008bd80000, 0x00000000d5580000)
  object space 194048K, 10% used [0x0000000080000000,0x000000008136d080,0x000000008bd80000)
 Metaspace       used 42851K, capacity 44104K, committed 44248K, reserved 1087488K
  class space    used 5890K, capacity 6256K, committed 6360K, reserved 1048576K
}
Event: 17.718 GC heap before
{Heap before GC invocations=11 (full 2):
 PSYoungGen      total 132096K, used 131529K [0x00000000d5580000, 0x00000000de600000, 0x0000000100000000)
  eden space 119296K, 100% used [0x00000000d5580000,0x00000000dca00000,0x00000000dca00000)
  from space 12800K, 95% used [0x00000000dd980000,0x00000000de5724e8,0x00000000de600000)
  to   space 14336K, 0% used [0x00000000dca00000,0x00000000dca00000,0x00000000dd800000)
 ParOldGen       total 194048K, used 19892K [0x0000000080000000, 0x000000008bd80000, 0x00000000d5580000)
  object space 194048K, 10% used [0x0000000080000000,0x000000008136d080,0x000000008bd80000)
 Metaspace       used 49449K, capacity 50984K, committed 51288K, reserved 1093632K
  class space    used 6724K, capacity 7186K, committed 7256K, reserved 1048576K
Event: 17.734 GC heap after
Heap after GC invocations=11 (full 2):
 PSYoungGen      total 133632K, used 14335K [0x00000000d5580000, 0x00000000e0700000, 0x0000000100000000)
  eden space 119296K, 0% used [0x00000000d5580000,0x00000000d5580000,0x00000000dca00000)
  from space 14336K, 99% used [0x00000000dca00000,0x00000000dd7fff28,0x00000000dd800000)
  to   space 16384K, 0% used [0x00000000df700000,0x00000000df700000,0x00000000e0700000)
 ParOldGen       total 194048K, used 21522K [0x0000000080000000, 0x000000008bd80000, 0x00000000d5580000)
  object space 194048K, 11% used [0x0000000080000000,0x0000000081504b88,0x000000008bd80000)
 Metaspace       used 49449K, capacity 50984K, committed 51288K, reserved 1093632K
  class space    used 6724K, capacity 7186K, committed 7256K, reserved 1048576K
}
Event: 19.353 GC heap before
{Heap before GC invocations=12 (full 2):
 PSYoungGen      total 133632K, used 133631K [0x00000000d5580000, 0x00000000e0700000, 0x0000000100000000)
  eden space 119296K, 100% used [0x00000000d5580000,0x00000000dca00000,0x00000000dca00000)
  from space 14336K, 99% used [0x00000000dca00000,0x00000000dd7fff28,0x00000000dd800000)
  to   space 16384K, 0% used [0x00000000df700000,0x00000000df700000,0x00000000e0700000)
 ParOldGen       total 194048K, used 21522K [0x0000000080000000, 0x000000008bd80000, 0x00000000d5580000)
  object space 194048K, 11% used [0x0000000080000000,0x0000000081504b88,0x000000008bd80000)
 Metaspace       used 54919K, capacity 56842K, committed 57048K, reserved 1097728K
  class space    used 7626K, capacity 8098K, committed 8152K, reserved 1048576K
Event: 19.376 GC heap after
Heap after GC invocations=12 (full 2):
 PSYoungGen      total 135680K, used 16368K [0x00000000d5580000, 0x00000000e0700000, 0x0000000100000000)
  eden space 119296K, 0% used [0x00000000d5580000,0x00000000d5580000,0x00000000dca00000)
  from space 16384K, 99% used [0x00000000df700000,0x00000000e06fc240,0x00000000e0700000)
  to   space 14336K, 0% used [0x00000000dca00000,0x00000000dca00000,0x00000000dd800000)
 ParOldGen       total 194048K, used 30537K [0x0000000080000000, 0x000000008bd80000, 0x00000000d5580000)
  object space 194048K, 15% used [0x0000000080000000,0x0000000081dd2610,0x000000008bd80000)
 Metaspace       used 54919K, capacity 56842K, committed 57048K, reserved 1097728K
  class space    used 7626K, capacity 8098K, committed 8152K, reserved 1048576K
}
Event: 20.110 GC heap before
{Heap before GC invocations=13 (full 2):
 PSYoungGen      total 135680K, used 112843K [0x00000000d5580000, 0x00000000e0700000, 0x0000000100000000)
  eden space 119296K, 80% used [0x00000000d5580000,0x00000000db3b6a30,0x00000000dca00000)
  from space 16384K, 99% used [0x00000000df700000,0x00000000e06fc240,0x00000000e0700000)
  to   space 14336K, 0% used [0x00000000dca00000,0x00000000dca00000,0x00000000dd800000)
 ParOldGen       total 194048K, used 30537K [0x0000000080000000, 0x000000008bd80000, 0x00000000d5580000)
  object space 194048K, 15% used [0x0000000080000000,0x0000000081dd2610,0x000000008bd80000)
 Metaspace       used 56718K, capacity 58882K, committed 58968K, reserved 1099776K
  class space    used 7884K, capacity 8456K, committed 8536K, reserved 1048576K
Event: 20.127 GC heap after
Heap after GC invocations=13 (full 2):
 PSYoungGen      total 133632K, used 14304K [0x00000000d5580000, 0x00000000e0700000, 0x0000000100000000)
  eden space 119296K, 0% used [0x00000000d5580000,0x00000000d5580000,0x00000000dca00000)
  from space 14336K, 99% used [0x00000000dca00000,0x00000000dd7f8240,0x00000000dd800000)
  to   space 16384K, 0% used [0x00000000df700000,0x00000000df700000,0x00000000e0700000)
 ParOldGen       total 194048K, used 44584K [0x0000000080000000, 0x000000008bd80000, 0x00000000d5580000)
  object space 194048K, 22% used [0x0000000080000000,0x0000000082b8a178,0x000000008bd80000)
 Metaspace       used 56718K, capacity 58882K, committed 58968K, reserved 1099776K
  class space    used 7884K, capacity 8456K, committed 8536K, reserved 1048576K
}
Event: 20.127 GC heap before
{Heap before GC invocations=14 (full 3):
 PSYoungGen      total 133632K, used 14304K [0x00000000d5580000, 0x00000000e0700000, 0x0000000100000000)
  eden space 119296K, 0% used [0x00000000d5580000,0x00000000d5580000,0x00000000dca00000)
  from space 14336K, 99% used [0x00000000dca00000,0x00000000dd7f8240,0x00000000dd800000)
  to   space 16384K, 0% used [0x00000000df700000,0x00000000df700000,0x00000000e0700000)
 ParOldGen       total 194048K, used 44584K [0x0000000080000000, 0x000000008bd80000, 0x00000000d5580000)
  object space 194048K, 22% used [0x0000000080000000,0x0000000082b8a178,0x000000008bd80000)
 Metaspace       used 56718K, capacity 58882K, committed 58968K, reserved 1099776K
  class space    used 7884K, capacity 8456K, committed 8536K, reserved 1048576K
Event: 20.406 GC heap after
Heap after GC invocations=14 (full 3):
 PSYoungGen      total 133632K, used 0K [0x00000000d5580000, 0x00000000e0700000, 0x0000000100000000)
  eden space 119296K, 0% used [0x00000000d5580000,0x00000000d5580000,0x00000000dca00000)
  from space 14336K, 0% used [0x00000000dca00000,0x00000000dca00000,0x00000000dd800000)
  to   space 16384K, 0% used [0x00000000df700000,0x00000000df700000,0x00000000e0700000)
 ParOldGen       total 194048K, used 51471K [0x0000000080000000, 0x000000008bd80000, 0x00000000d5580000)
  object space 194048K, 26% used [0x0000000080000000,0x0000000083243c98,0x000000008bd80000)
 Metaspace       used 56718K, capacity 58882K, committed 58968K, reserved 1099776K
  class space    used 7884K, capacity 8456K, committed 8536K, reserved 1048576K
}

Deoptimization events (10 events):
Event: 22.461 Thread 0x000000001d8f8000 Uncommon trap: reason=class_check action=maybe_recompile pc=0x0000000005e6351c method=com.google.common.io.CountingInputStream.read([BII)I @ 7
Event: 22.462 Thread 0x000000001d8f8000 Uncommon trap: reason=class_check action=maybe_recompile pc=0x0000000005e6351c method=com.google.common.io.CountingInputStream.read([BII)I @ 7
Event: 22.462 Thread 0x000000001d8f8000 Uncommon trap: reason=class_check action=maybe_recompile pc=0x0000000005e6351c method=com.google.common.io.CountingInputStream.read([BII)I @ 7
Event: 23.239 Thread 0x000000001d8f8000 Uncommon trap: reason=class_check action=maybe_recompile pc=0x0000000005e6351c method=com.google.common.io.CountingInputStream.read([BII)I @ 7
Event: 25.854 Thread 0x000000001d8f8000 Uncommon trap: reason=unstable_if action=reinterpret pc=0x00000000064b1020 method=com.sun.org.apache.xerces.internal.utils.XMLSecurityManager.isOverLimit(ILcom/sun/org/apache/xerces/internal/utils/XMLLimitAnalyzer;)Z @ 28
Event: 26.480 Thread 0x000000001d8f8000 Uncommon trap: reason=class_check action=maybe_recompile pc=0x00000000058f7bb8 method=java.util.zip.InflaterInputStream.read([BII)I @ 100
Event: 26.715 Thread 0x000000001d8f8000 Uncommon trap: reason=class_check action=maybe_recompile pc=0x00000000058f7bb8 method=java.util.zip.InflaterInputStream.read([BII)I @ 100
Event: 28.030 Thread 0x000000001d8f8000 Uncommon trap: reason=unstable_if action=reinterpret pc=0x0000000006c13bb8 method=org.apache.ivy.core.IvyPatternHelper.substituteTokens(Ljava/lang/String;Ljava/util/Map;)Ljava/lang/String; @ 469
Event: 28.390 Thread 0x000000001d8f8000 Uncommon trap: reason=class_check action=maybe_recompile pc=0x00000000058f7bb8 method=java.util.zip.InflaterInputStream.read([BII)I @ 100
Event: 28.626 Thread 0x000000001d8f8000 Uncommon trap: reason=class_check action=maybe_recompile pc=0x00000000058f7bb8 method=java.util.zip.InflaterInputStream.read([BII)I @ 100

Classes redefined (0 events):
No events

Internal exceptions (10 events):
Event: 19.787 Thread 0x000000001d8f8000 Exception <a 'java/lang/ClassNotFoundException': org/gradle/api/tasks/SourceSetCustomizer> (0x00000000d9b3bba0) thrown at [D:\src\AOSP-openjdk-cygwin\jdk8u\hotspot\src\share\vm\classfile\systemDictionary.cpp, line 210]
Event: 19.788 Thread 0x000000001d8f8000 Implicit null exception at 0x000000000697fd8c to 0x000000000697fe31
Event: 19.802 Thread 0x000000001d8f8000 Exception <a 'java/lang/ClassNotFoundException': org/jetbrains/plugins/gradle/model/DefaultExternalPluginBeanInfo> (0x00000000d9c0c3c8) thrown at [D:\src\AOSP-openjdk-cygwin\jdk8u\hotspot\src\share\vm\classfile\systemDictionary.cpp, line 210]
Event: 19.802 Thread 0x000000001d8f8000 Exception <a 'java/lang/ClassNotFoundException': org/jetbrains/plugins/gradle/model/DefaultExternalPluginCustomizer> (0x00000000d9c1ca08) thrown at [D:\src\AOSP-openjdk-cygwin\jdk8u\hotspot\src\share\vm\classfile\systemDictionary.cpp, line 210]
Event: 19.969 Thread 0x000000001d8f8000 Exception <a 'java/lang/ClassNotFoundException': org/gradle/api/internal/artifacts/ivyservice/dependencysubstitution/DefaultDependencyResolveDetailsBeanInfo> (0x00000000da86ffe0) thrown at [D:\src\AOSP-openjdk-cygwin\jdk8u\hotspot\src\share\vm\classfile\s
Event: 19.970 Thread 0x000000001d8f8000 Exception <a 'java/lang/ClassNotFoundException': org/gradle/api/internal/artifacts/ivyservice/dependencysubstitution/DefaultDependencyResolveDetailsCustomizer> (0x00000000da8ab238) thrown at [D:\src\AOSP-openjdk-cygwin\jdk8u\hotspot\src\share\vm\classfile
Event: 19.970 Thread 0x000000001d8f8000 Implicit null exception at 0x0000000006a8b223 to 0x0000000006a8b6f1
Event: 20.415 Thread 0x000000001d8f8000 Implicit null exception at 0x0000000005c6c898 to 0x0000000005c6eaad
Event: 21.233 Thread 0x000000001d8f8000 Implicit null exception at 0x0000000005804358 to 0x000000000580448d
Event: 28.030 Thread 0x000000001d8f8000 Implicit null exception at 0x0000000006c10aab to 0x0000000006c13b75

Events (10 events):
Event: 36.212 Thread 0x000000001bbbf000 flushing nmethod 0x00000000067e0090
Event: 36.212 Thread 0x000000001bbbf000 flushing nmethod 0x0000000006825a50
Event: 36.212 Thread 0x000000001bbbf000 flushing nmethod 0x000000000682d9d0
Event: 36.212 Thread 0x000000001bbbf000 flushing nmethod 0x00000000068a6310
Event: 36.257 Thread 0x000000001bbb1800 flushing nmethod 0x00000000068f4310
Event: 36.257 Thread 0x000000001bbb1800 flushing nmethod 0x00000000068f4610
Event: 36.321 Thread 0x000000001d8f8000 DEOPT PACKING pc=0x00000000057200fd sp=0x000000001f17a010
Event: 36.321 Thread 0x000000001d8f8000 DEOPT UNPACKING pc=0x00000000054575d0 sp=0x000000001f179db8 mode 0
Event: 36.324 Thread 0x000000001d8f8000 DEOPT PACKING pc=0x0000000006c23740 sp=0x000000001f17a5c0
Event: 36.324 Thread 0x000000001d8f8000 DEOPT UNPACKING pc=0x00000000054575d0 sp=0x000000001f17a4b8 mode 0


Dynamic libraries:
0x00007ff731cc0000 - 0x00007ff731cf1000 	F:\Program Files (x86)\Android Studio\jre\bin\java.exe
0x00007ffe36750000 - 0x00007ffe36930000 	C:\WINDOWS\SYSTEM32\ntdll.dll
0x00007ffe34870000 - 0x00007ffe3491e000 	C:\WINDOWS\System32\KERNEL32.DLL
0x00007ffe330b0000 - 0x00007ffe33316000 	C:\WINDOWS\System32\KERNELBASE.dll
0x00007ffe341c0000 - 0x00007ffe34261000 	C:\WINDOWS\System32\ADVAPI32.dll
0x00007ffe365a0000 - 0x00007ffe3663d000 	C:\WINDOWS\System32\msvcrt.dll
0x00007ffe366c0000 - 0x00007ffe3671b000 	C:\WINDOWS\System32\sechost.dll
0x00007ffe346d0000 - 0x00007ffe347ef000 	C:\WINDOWS\System32\RPCRT4.dll
0x00007ffe34920000 - 0x00007ffe34aaf000 	C:\WINDOWS\System32\USER32.dll
0x00007ffe32c00000 - 0x00007ffe32c20000 	C:\WINDOWS\System32\win32u.dll
0x00007ffe34690000 - 0x00007ffe346b8000 	C:\WINDOWS\System32\GDI32.dll
0x00007ffe32f10000 - 0x00007ffe330a3000 	C:\WINDOWS\System32\gdi32full.dll
0x00007ffe32e70000 - 0x00007ffe32f0b000 	C:\WINDOWS\System32\msvcp_win.dll
0x00007ffe33ad0000 - 0x00007ffe33bc6000 	C:\WINDOWS\System32\ucrtbase.dll
0x00007ffe2c1c0000 - 0x00007ffe2c429000 	C:\WINDOWS\WinSxS\amd64_microsoft.windows.common-controls_6595b64144ccf1df_6.0.16299.371_none_15c7d1789365a290\COMCTL32.dll
0x00007ffe34270000 - 0x00007ffe34578000 	C:\WINDOWS\System32\combase.dll
0x00007ffe32df0000 - 0x00007ffe32e62000 	C:\WINDOWS\System32\bcryptPrimitives.dll
0x00007ffe34ab0000 - 0x00007ffe34add000 	C:\WINDOWS\System32\IMM32.DLL
0x0000000072fe0000 - 0x00000000730b2000 	F:\Program Files (x86)\Android Studio\jre\jre\bin\msvcr100.dll
0x00000000730c0000 - 0x00000000738ff000 	F:\Program Files (x86)\Android Studio\jre\jre\bin\server\jvm.dll
0x00007ffe36090000 - 0x00007ffe36098000 	C:\WINDOWS\System32\PSAPI.DLL
0x00007ffe2c510000 - 0x00007ffe2c51a000 	C:\WINDOWS\SYSTEM32\VERSION.dll
0x00007ffe23070000 - 0x00007ffe23079000 	C:\WINDOWS\SYSTEM32\WSOCK32.dll
0x00007ffe2d7c0000 - 0x00007ffe2d7e3000 	C:\WINDOWS\SYSTEM32\WINMM.dll
0x00007ffe34620000 - 0x00007ffe3468c000 	C:\WINDOWS\System32\WS2_32.dll
0x00007ffe2d790000 - 0x00007ffe2d7ba000 	C:\WINDOWS\SYSTEM32\winmmbase.dll
0x00007ffe33bd0000 - 0x00007ffe33c1a000 	C:\WINDOWS\System32\cfgmgr32.dll
0x00007ffe2db40000 - 0x00007ffe2db4f000 	F:\Program Files (x86)\Android Studio\jre\jre\bin\verify.dll
0x00007ffe1b370000 - 0x00007ffe1b399000 	F:\Program Files (x86)\Android Studio\jre\jre\bin\java.dll
0x00007ffe203a0000 - 0x00007ffe203b6000 	F:\Program Files (x86)\Android Studio\jre\jre\bin\zip.dll
0x00007ffe34ae0000 - 0x00007ffe35f16000 	C:\WINDOWS\System32\SHELL32.dll
0x00007ffe364f0000 - 0x00007ffe36596000 	C:\WINDOWS\System32\shcore.dll
0x00007ffe33380000 - 0x00007ffe33ac7000 	C:\WINDOWS\System32\windows.storage.dll
0x00007ffe36030000 - 0x00007ffe36081000 	C:\WINDOWS\System32\shlwapi.dll
0x00007ffe32aa0000 - 0x00007ffe32ab1000 	C:\WINDOWS\System32\kernel.appcore.dll
0x00007ffe32ae0000 - 0x00007ffe32b2c000 	C:\WINDOWS\System32\powrprof.dll
0x00007ffe32b30000 - 0x00007ffe32b4b000 	C:\WINDOWS\System32\profapi.dll
0x00007ffe1a1d0000 - 0x00007ffe1a1ea000 	F:\Program Files (x86)\Android Studio\jre\jre\bin\net.dll
0x00007ffe32330000 - 0x00007ffe32396000 	C:\WINDOWS\system32\mswsock.dll
0x00007ffe19820000 - 0x00007ffe19831000 	F:\Program Files (x86)\Android Studio\jre\jre\bin\nio.dll
0x00007ffe19550000 - 0x00007ffe1956e000 	C:\Users\LeGia\.gradle\native\25\windows-amd64\native-platform.dll
0x00007ffe2d770000 - 0x00007ffe2d77d000 	F:\Program Files (x86)\Android Studio\jre\jre\bin\management.dll
0x00007ffe324f0000 - 0x00007ffe32507000 	C:\WINDOWS\SYSTEM32\CRYPTSP.dll
0x00007ffe31f30000 - 0x00007ffe31f63000 	C:\WINDOWS\system32\rsaenh.dll
0x00007ffe32600000 - 0x00007ffe32625000 	C:\WINDOWS\SYSTEM32\bcrypt.dll
0x00007ffe329a0000 - 0x00007ffe329c9000 	C:\WINDOWS\SYSTEM32\USERENV.dll
0x00007ffe32510000 - 0x00007ffe3251b000 	C:\WINDOWS\SYSTEM32\CRYPTBASE.dll
0x00007ffe320c0000 - 0x00007ffe320f9000 	C:\WINDOWS\SYSTEM32\IPHLPAPI.DLL
0x00007ffe364e0000 - 0x00007ffe364e8000 	C:\WINDOWS\System32\NSI.dll
0x00007ffe2c450000 - 0x00007ffe2c466000 	C:\WINDOWS\SYSTEM32\dhcpcsvc6.DLL
0x00007ffe2c1a0000 - 0x00007ffe2c1ba000 	C:\WINDOWS\SYSTEM32\dhcpcsvc.DLL
0x00007ffe16080000 - 0x00007ffe160a4000 	F:\Program Files (x86)\Android Studio\jre\jre\bin\sunec.dll
0x00007ffe32100000 - 0x00007ffe321b6000 	C:\WINDOWS\SYSTEM32\DNSAPI.dll
0x0000000075860000 - 0x0000000075886000 	C:\Program Files\Bonjour\mdnsNSP.dll
0x00007ffe2eb20000 - 0x00007ffe2eb2a000 	C:\Windows\System32\rasadhlp.dll
0x00007ffe2eb90000 - 0x00007ffe2ec00000 	C:\WINDOWS\System32\fwpuclnt.dll
0x00007ffe2c8c0000 - 0x00007ffe2c8cb000 	F:\Program Files (x86)\Android Studio\jre\jre\bin\sunmscapi.dll
0x00007ffe32c20000 - 0x00007ffe32dee000 	C:\WINDOWS\System32\CRYPT32.dll
0x00007ffe32ac0000 - 0x00007ffe32ad2000 	C:\WINDOWS\System32\MSASN1.dll

VM Arguments:
jvm_args: -XX:MaxPermSize=512m -XX:+HeapDumpOnOutOfMemoryError -Xmx2048m -Dfile.encoding=UTF-8 -Duser.country=US -Duser.language=en -Duser.variant 
java_command: org.gradle.launcher.daemon.bootstrap.GradleDaemon 4.4
java_class_path (initial): C:\Users\LeGia\.gradle\wrapper\dists\gradle-4.4-all\9br9xq1tocpiv8o6njlyu5op1\gradle-4.4\lib\gradle-launcher-4.4.jar
Launcher Type: SUN_STANDARD

Environment Variables:
JAVA_HOME=C:\Program Files\Java\jre1.8.0_161
PATH=G:\Virtual\product\12.2.0\dbhome_1\bin;C:\ProgramData\Oracle\Java\javapath;C:\Program Files (x86)\NVIDIA Corporation\PhysX\Common;C:\Program Files (x86)\Intel\iCLS Client\;C:\Program Files\Intel\iCLS Client\;C:\WINDOWS\system32;C:\WINDOWS;C:\WINDOWS\System32\Wbem;C:\WINDOWS\System32\WindowsPowerShell\v1.0\;C:\Program Files\Intel\Intel(R) Management Engine Components\DAL;C:\Program Files (x86)\Intel\Intel(R) Management Engine Components\DAL;C:\Program Files\Intel\Intel(R) Management Engine Components\IPT;C:\Program Files (x86)\Intel\Intel(R) Management Engine Components\IPT;C:\Program Files\Intel\WiFi\bin\;C:\Program Files\Common Files\Intel\WirelessCommon\;C:\Program Files (x86)\Microsoft SQL Server\100\Tools\Binn\;C:\Program Files\Microsoft SQL Server\100\Tools\Binn\;C:\Program Files\Microsoft SQL Server\100\DTS\Binn\;F:\Program Files (x86)\SQL Server 2016\130\Tools\Binn\;F:\Program Files\sql Server\130\Tools\Binn\;F:\Program Files (x86)\SQL Server 2016\130\DTS\Binn\;F:\Program Files\sql Server\130\DTS\Binn\;C:\Program Files\Java\jdk1.8.0_121\bin;C:\Program Files\dotnet\;C:\Program Files\Git\cmd;C:\ProgramData\ComposerSetup\bin;F:\Git\cmd;F:\Program Files\sql Server\Client SDK\ODBC\130\Tools\Binn\;C:\Program Files (x86)\Microsoft SQL Server\140\Tools\Binn\;F:\Program Files\sql Server\140\Tools\Binn\;F:\Program Files\sql Server\140\DTS\Binn\;F:\Program Files\sql Server\110\Tools\Binn\;C:\Program Files (x86)\Microsoft SQL Server\110\Tools\Binn\;F:\Program Files\sql Server\110\DTS\Binn\;C:\Program Files (x86)\Microsoft SQL Server\110\Tools\Binn\ManagementStudio\;C:\Program Files (x86)\Microsoft SQL Server\110\DTS\Binn\;C:\Program Files\Java\jdk1.8.0_121\bin;F:\Heroku\bin;C:\Users\LeGia\AppData\Local\Microsoft\WindowsApps;C:\Users\LeGia\AppData\Local\GitHubDesktop\bin;C:\Users\LeGia\AppData\Roaming\Composer\vendor\bin;
USERNAME=LeGia
OS=Windows_NT
PROCESSOR_IDENTIFIER=Intel64 Family 6 Model 60 Stepping 3, GenuineIntel



---------------  S Y S T E M  ---------------

OS: Windows 10.0 , 64 bit Build 16299 (10.0.16299.15)

CPU:total 8 (initial active 8) (4 cores per cpu, 2 threads per core) family 6 model 60 stepping 3, cmov, cx8, fxsr, mmx, sse, sse2, sse3, ssse3, sse4.1, sse4.2, popcnt, avx, avx2, aes, clmul, erms, lzcnt, ht, tsc, tscinvbit, bmi1, bmi2

Memory: 4k page, physical 16663528k(795160k free), swap 16663528k(5228k free)

vm_info: OpenJDK 64-Bit Server VM (25.152-b02) for windows-amd64 JRE (1.8.0_152-release-1024-b02), built by "builder" with MS VC++ 10.0 (VS2010)

time: Thu Oct 11 09:30:19 2018
elapsed time: 40 seconds (0d 0h 0m 40s)

